Assuming unrestricted shared filesystem usage.
None
host: Mac.lan
Building DAG of jobs...
Using shell: /bin/bash
Provided cores: 2
Rules claiming more threads will be scaled down.
Job stats:
job                  count
-----------------  -------
all                      1
calc_build_prox          2
calc_build_vols          1
calc_tree_prox           2
extract_diffs            8
extract_kds              2
gen_model_inputs         8
tree_crowns_final        2
total                   26

Select jobs to execute...
Execute 2 jobs...
RuleException in rule extract_diffs in file "/Users/reedkenny/Desktop/Urban_tree_fire/landscape_analysis/Scripts/test", line 90:
AttributeError: 'InputFiles' object has no attribute 'fprints', when formatting the following:
./{PIPE}/extract_diffs.R -t {input.trees} -f {input.fprints} -o {output.tree_diff} -O {output.build_diff}
