Assuming unrestricted shared filesystem usage.
None
host: Mac.lan
Building DAG of jobs...
Using shell: /bin/bash
Provided cores: 2
Rules claiming more threads will be scaled down.
Job stats:
job                  count
-----------------  -------
all                      1
calc_build_prox          2
calc_build_vols          3
calc_tree_prox           4
extract_kds              3
gen_model_inputs         8
tree_crowns_final        2
total                   23

Select jobs to execute...
Execute 2 jobs...
[Wed Aug  6 17:13:19 2025]
localrule calc_build_vols:
    input: /Users/reedkenny/Desktop/Urban_tree_fire/landscape_analysis/tmp_data/eaton_burned_fprints.shp, /Users/reedkenny/OneDrive - Cal Poly/data/LiDAR/eaton/Registered_DEMS/eaton_postfire_CHM_burned_reg.tif
    output: /Users/reedkenny/Desktop/Urban_tree_fire/landscape_analysis/tmp_data/eaton_burned_build_vols.shp
    jobid: 6
    reason: Missing output files: /Users/reedkenny/Desktop/Urban_tree_fire/landscape_analysis/tmp_data/eaton_burned_build_vols.shp
    wildcards: fire=eaton, status=burned
    resources: tmpdir=/var/folders/d9/q3jcgtz51hvckdj8hrvdb38h0000gn/T
Shell command: 
    ./"pipeline_scripts"/Calc_build_vols.R -b "/Users/reedkenny/Desktop/Urban_tree_fire/landscape_analysis/tmp_data/eaton_burned_fprints.shp" -c "/Users/reedkenny/OneDrive - Cal Poly/data/LiDAR/eaton/Registered_DEMS/eaton_postfire_CHM_burned_reg.tif" -o "/Users/reedkenny/Desktop/Urban_tree_fire/landscape_analysis/tmp_data/eaton_burned_build_vols.shp"
    
[Wed Aug  6 17:13:19 2025]
localrule extract_kds:
    input: /Users/reedkenny/Desktop/Urban_tree_fire/landscape_analysis/tmp_data/palisades_unburned_tree_crowns_final.shp, /Users/reedkenny/Desktop/Urban_tree_fire/landscape_analysis/tmp_data/palisades_unburned_fprints.shp
    output: /Users/reedkenny/Desktop/Urban_tree_fire/landscape_analysis/tmp_data/palisades_unburned_tree_density.shp, /Users/reedkenny/Desktop/Urban_tree_fire/landscape_analysis/tmp_data/palisades_unburned_build_density.shp
    jobid: 27
    reason: Missing output files: /Users/reedkenny/Desktop/Urban_tree_fire/landscape_analysis/tmp_data/palisades_unburned_build_density.shp, /Users/reedkenny/Desktop/Urban_tree_fire/landscape_analysis/tmp_data/palisades_unburned_tree_density.shp
    wildcards: fire=palisades, status=unburned
    resources: tmpdir=/var/folders/d9/q3jcgtz51hvckdj8hrvdb38h0000gn/T
Shell command: ./pipeline_scripts/Extract_kernel_densities.R -t /Users/reedkenny/Desktop/Urban_tree_fire/landscape_analysis/tmp_data/palisades_unburned_tree_crowns_final.shp -b /Users/reedkenny/Desktop/Urban_tree_fire/landscape_analysis/tmp_data/palisades_unburned_fprints.shp -T /Users/reedkenny/Desktop/Urban_tree_fire/landscape_analysis/tmp_data/palisades_unburned_tree_density.shp -B /Users/reedkenny/Desktop/Urban_tree_fire/landscape_analysis/tmp_data/palisades_unburned_build_density.shp
Waiting for more resources.
Select jobs to execute...
[Wed Aug  6 17:13:22 2025]
Finished jobid: 27 (Rule: extract_kds)
1 of 23 steps (4%) done
Execute 1 jobs...
[Wed Aug  6 17:13:22 2025]
localrule calc_tree_prox:
    input: /Users/reedkenny/Desktop/Urban_tree_fire/landscape_analysis/tmp_data/palisades_unburned_fprints.shp, /Users/reedkenny/Desktop/Urban_tree_fire/landscape_analysis/tmp_data/palisades_unburned_tree_crowns_final.shp
    output: /Users/reedkenny/Desktop/Urban_tree_fire/landscape_analysis/tmp_data/palisades_unburned_tree_prox.shp
    jobid: 30
    reason: Missing output files: /Users/reedkenny/Desktop/Urban_tree_fire/landscape_analysis/tmp_data/palisades_unburned_tree_prox.shp
    wildcards: fire=palisades, status=unburned
    resources: tmpdir=/var/folders/d9/q3jcgtz51hvckdj8hrvdb38h0000gn/T
Shell command: ./pipeline_scripts/calc_tree_proximity_metrics.R -t /Users/reedkenny/Desktop/Urban_tree_fire/landscape_analysis/tmp_data/palisades_unburned_tree_crowns_final.shp -b /Users/reedkenny/Desktop/Urban_tree_fire/landscape_analysis/tmp_data/palisades_unburned_fprints.shp -o /Users/reedkenny/Desktop/Urban_tree_fire/landscape_analysis/tmp_data/palisades_unburned_tree_prox.shp
Waiting for more resources.
Select jobs to execute...
[Wed Aug  6 17:13:47 2025]
Finished jobid: 30 (Rule: calc_tree_prox)
2 of 23 steps (9%) done
Execute 1 jobs...
[Wed Aug  6 17:13:47 2025]
localrule tree_crowns_final:
    input: /Users/reedkenny/Desktop/Urban_tree_fire/landscape_analysis/tmp_data/eaton_crowns_unburned_polys_v2.shp, /Users/reedkenny/OneDrive - Cal Poly/data/Buildings/LARIAC6_Buildings_2020_eaton.shp, /Users/reedkenny/OneDrive - Cal Poly/data/town_polygons/eaton_unburned_bound.shp
    output: /Users/reedkenny/Desktop/Urban_tree_fire/landscape_analysis/tmp_data/eaton_unburned_tree_crowns_final.shp
    jobid: 14
    reason: Missing output files: /Users/reedkenny/Desktop/Urban_tree_fire/landscape_analysis/tmp_data/eaton_unburned_tree_crowns_final.shp
    wildcards: fire=eaton, status=unburned
    resources: tmpdir=/var/folders/d9/q3jcgtz51hvckdj8hrvdb38h0000gn/T
Shell command: 
    ./pipeline_scripts/CLI_create_tree_crowns_final_datasets.R       -t "/Users/reedkenny/Desktop/Urban_tree_fire/landscape_analysis/tmp_data/eaton_crowns_unburned_polys_v2.shp"       -b "/Users/reedkenny/OneDrive - Cal Poly/data/Buildings/LARIAC6_Buildings_2020_eaton.shp"       -f "eaton"       -s "/Users/reedkenny/OneDrive - Cal Poly/data/town_polygons/eaton_unburned_bound.shp"       -l "unburned"
    
Waiting for more resources.
Select jobs to execute...
Waiting at most 5 seconds for missing files:
/Users/reedkenny/Desktop/Urban_tree_fire/landscape_analysis/tmp_data/eaton_unburned_tree_crowns_final.shp (missing locally)
MissingOutputException in rule tree_crowns_final in file "/Users/reedkenny/Desktop/Urban_tree_fire/landscape_analysis/Scripts/test", line 33:
Job 14  completed successfully, but some output files are missing. Missing files after 5 seconds. This might be due to filesystem latency. If that is the case, consider to increase the wait time with --latency-wait:
/Users/reedkenny/Desktop/Urban_tree_fire/landscape_analysis/tmp_data/eaton_unburned_tree_crowns_final.shp (missing locally, parent dir contents: palisades_unburned_tree_density.dbf, palisades_unburned_tree_crowns_final.shp, palisades_crowns_burned_polys_v2.dbf, eaton_unburned_fprints.shp, pal_unburned_fprints.shx, palisades_unburned_tree_crowns_final.shx, eaton_crowns_unburned_polys_v2.prj, eaton_unburned_fprints.shx, palisades_burned_build_prox.prj, pal_unburned_fprints.shp, eaton_unburned_tree_crowns_final.shx, eaton_unburned_fprints_dens.dbf, eaton_burned_tree_crowns_final.prj, Eaton_tree_crowns_unburned_dens.dbf, eaton_crowns_burned_polys_v2.shx, palisades_burned_build_density.shx, palisades_burned_tree_density.shx, Eaton_crown_tile_all_v2.tif, eaton_burned_fprints.shp, palisades_ttops_all_ext.csv, palisades_unburned_fprints.prj, eaton_crowns_burned_polys_v2.shp, palisades_burned_build_density.shp, palisades_burned_tree_density.shp, palisades_unburned_build_density.prj, palisades_burned_fprints.dbf, eaton_burned_fprints.shx, Eaton_tree_crowns_unburned_final.prj, palisades_burned_build_density.dbf, eaton_crowns_burned_polys_v2.dbf, palisades_burned_fprints.shp, palisades_burned_tree_density.dbf, palisades_unburned_pre_ndvi.tif, palisades_burned_build_vols.prj, eaton_unburned_tree_crowns_final.dbf, Eaton_tree_crowns_unburned_dens.shx, palisades_crowns_unburned_polys_v2.prj, eaton_unburned_fprints_dens.shx, palisades_burned_ndvi_diff.tif, palisades_burned_fprints.shx, eaton_burned_fprints.dbf, Eaton_tree_crowns_unburned_dens.shp, eaton_unburned_fprints_dens.shp, palisades_unburned_build_prox.prj, pal_unburned_fprints.dbf, palisades_unburned_tree_density.shx, palisades_crown_tile_all_v2.tif, palisades_crowns_burned_polys_v2.shx, palisades_unburned_tree_prox.prj, eaton_unburned_fprints.dbf, eaton_ttops_all.csv, palisades_unburned_tree_density.shp, palisades_unburned_tree_crowns_final.dbf, palisades_burned_tree_crowns_final.prj, palisades_crowns_burned_polys_v2.shp, palisades_burned_pre_ndvi.tif, palisades_unburned_tree_crowns_final.prj, eaton_crowns_unburned_polys_v2.shx, palisades_burned_tree_crowns_final.dbf, eaton_unburned_fprints.prj, palisades_burned_build_prox.shx, palisades_unburned_tree_prox.dbf, eaton_crowns_unburned_polys_v2.shp, eaton_unburned_ndvi_diff.tif, palisades_burned_build_prox.shp, pal_unburned_fprints.prj, palisades_unburned_build_prox.dbf, palisades_unburned_fprints.shx, palisades_unburned_build_density.shx, eaton_burned_fprints.prj, eaton_unburned_tree_crowns_final.prj, palisades_burned_build_vols.dbf, palisades_crowns_unburned_polys_v2.dbf, eaton_burned_tree_crowns_final.shx, palisades_crown_tile_all_ext_v2.tif, eaton_crowns_burned_polys_v2.prj, palisades_unburned_fprints.shp, palisades_burned_build_density.prj, Eaton_tree_crowns_unburned_final.dbf, palisades_burned_tree_density.prj, palisades_unburned_build_density.shp, Eaton_tree_crowns_unburned_final.shp, palisades_unburned_fprints.dbf, palisades_burned_fprints.prj, palisades_unburned_build_density.dbf, palisades_burned_build_vols.shp, palisades_ttops_all.csv, palisades_crowns_unburned_polys_v2.shp, Eaton_tree_crowns_unburned_final.shx, Eaton_crown_tile_all_ext.tif, eaton_ttops_all_ext.csv, palisades_burned_build_vols.shx, Eaton_tree_crowns_unburned_dens.prj, eaton_burned_tree_crowns_final.dbf, palisades_crowns_unburned_polys_v2.shx, eaton_unburned_fprints_dens.prj, palisades_burned_build_prox.dbf, eaton_burned_ndvi_diff.tif, palisades_unburned_build_prox.shp, palisades_burned_tree_crowns_final.shx, palisades_unburned_tree_prox.shp, eaton_crowns_unburned_polys_v2.dbf, palisades_unburned_ndvi_diff.tif, palisades_unburned_build_prox.shx, palisades_unburned_tree_density.prj, palisades_burned_post_ndvi.tif, palisades_crowns_burned_polys_v2.prj, palisades_burned_tree_crowns_final.shp, palisades_unburned_tree_prox.shx)
Terminating processes on user request, this might take some time.
RuleException:
CalledProcessError in file "/Users/reedkenny/Desktop/Urban_tree_fire/landscape_analysis/Scripts/test", line 111:
Command 'set -euo pipefail;  
    ./"pipeline_scripts"/Calc_build_vols.R -b "/Users/reedkenny/Desktop/Urban_tree_fire/landscape_analysis/tmp_data/eaton_burned_fprints.shp" -c "/Users/reedkenny/OneDrive - Cal Poly/data/LiDAR/eaton/Registered_DEMS/eaton_postfire_CHM_burned_reg.tif" -o "/Users/reedkenny/Desktop/Urban_tree_fire/landscape_analysis/tmp_data/eaton_burned_build_vols.shp"' returned non-zero exit status 1.
[Wed Aug  6 17:31:59 2025]
Error in rule calc_build_vols:
    message: None
    jobid: 6
    input: /Users/reedkenny/Desktop/Urban_tree_fire/landscape_analysis/tmp_data/eaton_burned_fprints.shp, /Users/reedkenny/OneDrive - Cal Poly/data/LiDAR/eaton/Registered_DEMS/eaton_postfire_CHM_burned_reg.tif
    output: /Users/reedkenny/Desktop/Urban_tree_fire/landscape_analysis/tmp_data/eaton_burned_build_vols.shp
    shell:
        
    ./"pipeline_scripts"/Calc_build_vols.R -b "/Users/reedkenny/Desktop/Urban_tree_fire/landscape_analysis/tmp_data/eaton_burned_fprints.shp" -c "/Users/reedkenny/OneDrive - Cal Poly/data/LiDAR/eaton/Registered_DEMS/eaton_postfire_CHM_burned_reg.tif" -o "/Users/reedkenny/Desktop/Urban_tree_fire/landscape_analysis/tmp_data/eaton_burned_build_vols.shp"
    
        (command exited with non-zero exit code)
Complete log(s): /Users/reedkenny/Desktop/Urban_tree_fire/landscape_analysis/Scripts/.snakemake/log/2025-08-06T171319.271921.snakemake.log
WorkflowError:
At least one job did not complete successfully.
