Assuming unrestricted shared filesystem usage.
None
host: Mac.lan
Building DAG of jobs...
Using shell: /bin/bash
Provided cores: 1 (use --cores to define parallelism)
Rules claiming more threads will be scaled down.
Job stats:
job                           count
--------------------------  -------
all                               1
co_reg_post_eaton_burned          1
co_reg_post_eaton_unburned        1
total                             3

Select jobs to execute...
Execute 1 jobs...
[Tue Aug  5 15:29:35 2025]
localrule co_reg_post_eaton_burned:
    input: /Users/reedkenny/OneDrive - Cal Poly/data/LiDAR/Eaton/Registered_DEMS/eaton_prefire_CHM_burned_reg.tif, /Users/reedkenny/OneDrive - Cal Poly/data/LiDAR/Eaton/Eaton_Post_CHM.tif
    output: /Users/reedkenny/OneDrive - Cal Poly/data/LiDAR/Eaton/Registered_DEMS/eaton_postfire_CHM_burned_reg.tif
    jobid: 10
    reason: Missing output files: /Users/reedkenny/OneDrive - Cal Poly/data/LiDAR/Eaton/Registered_DEMS/eaton_postfire_CHM_burned_reg.tif
    resources: tmpdir=/var/folders/d9/q3jcgtz51hvckdj8hrvdb38h0000gn/T
Shell command: 
        python batch_phase_coreg.py           --input_pan "/Users/reedkenny/OneDrive - Cal Poly/data/LiDAR/Eaton/Registered_DEMS/eaton_prefire_CHM_burned_reg.tif"           --input_dem "/Users/reedkenny/OneDrive - Cal Poly/data/LiDAR/Eaton/Eaton_Post_CHM.tif"           --output "/Users/reedkenny/OneDrive - Cal Poly/data/LiDAR/Eaton/Registered_DEMS/eaton_postfire_CHM_burned_reg.tif"
        
Waiting for more resources.
Select jobs to execute...
[Tue Aug  5 15:30:24 2025]
Finished jobid: 10 (Rule: co_reg_post_eaton_burned)
1 of 3 steps (33%) done
Execute 1 jobs...
[Tue Aug  5 15:30:24 2025]
localrule co_reg_post_eaton_unburned:
    input: /Users/reedkenny/OneDrive - Cal Poly/data/LiDAR/Eaton/Registered_DEMS/eaton_prefire_CHM_burned_reg.tif, /Users/reedkenny/OneDrive - Cal Poly/data/LiDAR/Eaton/Eaton_Post_CHM_ext.tif
    output: /Users/reedkenny/OneDrive - Cal Poly/data/LiDAR/Eaton/Registered_DEMS/eaton_postfire_CHM_unburned_reg.tif
    jobid: 11
    reason: Missing output files: /Users/reedkenny/OneDrive - Cal Poly/data/LiDAR/Eaton/Registered_DEMS/eaton_postfire_CHM_unburned_reg.tif
    resources: tmpdir=/var/folders/d9/q3jcgtz51hvckdj8hrvdb38h0000gn/T
Shell command: 
        python batch_phase_coreg.py           --input_pan "/Users/reedkenny/OneDrive - Cal Poly/data/LiDAR/Eaton/Registered_DEMS/eaton_prefire_CHM_burned_reg.tif"           --input_dem "/Users/reedkenny/OneDrive - Cal Poly/data/LiDAR/Eaton/Eaton_Post_CHM_ext.tif"           --output "/Users/reedkenny/OneDrive - Cal Poly/data/LiDAR/Eaton/Registered_DEMS/eaton_postfire_CHM_unburned_reg.tif"
        
Waiting for more resources.
[Tue Aug  5 15:31:07 2025]
Finished jobid: 11 (Rule: co_reg_post_eaton_unburned)
2 of 3 steps (67%) done
Select jobs to execute...
Execute 1 jobs...
[Tue Aug  5 15:31:07 2025]
localrule all:
    input: /Users/reedkenny/OneDrive - Cal Poly/data/LiDAR/Palisades/Registered_DEMS/palisades_prefire_CHM_burned_reg.tif, /Users/reedkenny/OneDrive - Cal Poly/data/LiDAR/Palisades/Registered_DEMS/palisades_prefire_CHM_unburned_reg.tif, /Users/reedkenny/OneDrive - Cal Poly/data/LiDAR/Eaton/Registered_DEMS/eaton_prefire_CHM_burned_reg.tif, /Users/reedkenny/OneDrive - Cal Poly/data/LiDAR/Eaton/Registered_DEMS/eaton_prefire_CHM_unburned_reg.tif, /Users/reedkenny/OneDrive - Cal Poly/data/LiDAR/Palisades/Registered_DEMS/palisades_postfire_CHM_burned_reg.tif, /Users/reedkenny/OneDrive - Cal Poly/data/LiDAR/Palisades/Registered_DEMS/palisades_postfire_CHM_unburned_reg.tif, /Users/reedkenny/OneDrive - Cal Poly/data/LiDAR/Eaton/Registered_DEMS/eaton_postfire_CHM_burned_reg.tif, /Users/reedkenny/OneDrive - Cal Poly/data/LiDAR/Eaton/Registered_DEMS/eaton_postfire_CHM_unburned_reg.tif
    jobid: 0
    reason: Input files updated by another job: /Users/reedkenny/OneDrive - Cal Poly/data/LiDAR/Eaton/Registered_DEMS/eaton_postfire_CHM_burned_reg.tif, /Users/reedkenny/OneDrive - Cal Poly/data/LiDAR/Eaton/Registered_DEMS/eaton_postfire_CHM_unburned_reg.tif
    resources: tmpdir=/var/folders/d9/q3jcgtz51hvckdj8hrvdb38h0000gn/T
Shell command: None
Waiting for more resources.
[Tue Aug  5 15:31:07 2025]
Finished jobid: 0 (Rule: all)
3 of 3 steps (100%) done
Complete log(s): /Users/reedkenny/Desktop/Urban_tree_fire/landscape_analysis/Scripts/.snakemake/log/2025-08-05T152935.565784.snakemake.log
