Assuming unrestricted shared filesystem usage.
None
host: Mac.lan
Building DAG of jobs...
Using shell: /bin/bash
Provided cores: 1 (use --cores to define parallelism)
Rules claiming more threads will be scaled down.
Job stats:
job                               count
------------------------------  -------
all                                   1
co_reg_post_eaton_burned              1
co_reg_post_eaton_unburned            1
co_reg_post_palisades_burned          1
co_reg_post_palisades_unburned        1
post_CHMs                             1
total                                 6

Select jobs to execute...
Execute 1 jobs...
[Tue Aug  5 13:03:13 2025]
localrule post_CHMs:
    input: /Users/reedkenny/OneDrive - Cal Poly/data/LiDAR/Eaton/dtm_eaton_epsg32611_geoid12b_1m_POSTFIRE.tif
    output: /Users/reedkenny/OneDrive - Cal Poly/data/LiDAR/Eaton/Eaton_Post_CHM.tif, /Users/reedkenny/OneDrive - Cal Poly/data/LiDAR/Palisades/Palisades/palisades_postfire_CHM_burned.tif, /Users/reedkenny/OneDrive - Cal Poly/data/LiDAR/Palisades/Palisades/palisades_postfire_CHM_unburned.tif
    jobid: 8
    reason: Missing output files: /Users/reedkenny/OneDrive - Cal Poly/data/LiDAR/Eaton/Eaton_Post_CHM.tif, /Users/reedkenny/OneDrive - Cal Poly/data/LiDAR/Palisades/Palisades/palisades_postfire_CHM_unburned.tif, /Users/reedkenny/OneDrive - Cal Poly/data/LiDAR/Palisades/Palisades/palisades_postfire_CHM_burned.tif
    resources: tmpdir=/var/folders/d9/q3jcgtz51hvckdj8hrvdb38h0000gn/T
Shell command: 
        Rscript Post_CHM_reg.R
        
Waiting for more resources.
Select jobs to execute...
Terminating processes on user request, this might take some time.
RuleException:
CalledProcessError in file "/Users/reedkenny/Desktop/Urban_tree_fire/landscape_analysis/Scripts/coreg_Snakefile", line 68:
Command 'set -euo pipefail;  
        Rscript Post_CHM_reg.R' returned non-zero exit status 1.
[Tue Aug  5 13:03:50 2025]
Error in rule post_CHMs:
    message: None
    jobid: 8
    input: /Users/reedkenny/OneDrive - Cal Poly/data/LiDAR/Eaton/dtm_eaton_epsg32611_geoid12b_1m_POSTFIRE.tif
    output: /Users/reedkenny/OneDrive - Cal Poly/data/LiDAR/Eaton/Eaton_Post_CHM.tif, /Users/reedkenny/OneDrive - Cal Poly/data/LiDAR/Palisades/Palisades/palisades_postfire_CHM_burned.tif, /Users/reedkenny/OneDrive - Cal Poly/data/LiDAR/Palisades/Palisades/palisades_postfire_CHM_unburned.tif
    shell:
        
        Rscript Post_CHM_reg.R
        
        (command exited with non-zero exit code)
Complete log(s): /Users/reedkenny/Desktop/Urban_tree_fire/landscape_analysis/Scripts/.snakemake/log/2025-08-05T130313.249993.snakemake.log
WorkflowError:
At least one job did not complete successfully.
