Assuming unrestricted shared filesystem usage.
None
host: Mac.lan
Building DAG of jobs...
Using shell: /bin/bash
Provided cores: 2
Rules claiming more threads will be scaled down.
Job stats:
job                  count
-----------------  -------
all                      1
calc_build_prox          2
calc_tree_prox           1
extract_diffs            7
extract_kds              1
gen_model_inputs         6
tree_crowns_final        1
total                   19

Select jobs to execute...
Execute 2 jobs...
[Thu Aug  7 15:38:11 2025]
localrule extract_diffs:
    input: /Users/reedkenny/Desktop/Urban_tree_fire/landscape_analysis/tmp_data/eaton_unburned_tree_crowns_final.shp, /Users/reedkenny/Desktop/Urban_tree_fire/landscape_analysis/tmp_data/eaton_unburned_ndvi_diff.tif
    output: /Users/reedkenny/Desktop/Urban_tree_fire/landscape_analysis/tmp_data/eaton_unburned_tree_crowns_final_ndvi_diff.shp
    jobid: 20
    reason: Updated input files: /Users/reedkenny/Desktop/Urban_tree_fire/landscape_analysis/tmp_data/eaton_unburned_ndvi_diff.tif
    wildcards: fire=eaton, status=unburned, type=ndvi
    resources: tmpdir=/var/folders/d9/q3jcgtz51hvckdj8hrvdb38h0000gn/T
Shell command: ./pipeline_scripts/extract_diffs.R -t /Users/reedkenny/Desktop/Urban_tree_fire/landscape_analysis/tmp_data/eaton_unburned_tree_crowns_final.shp -r /Users/reedkenny/Desktop/Urban_tree_fire/landscape_analysis/tmp_data/eaton_unburned_ndvi_diff.tif -o /Users/reedkenny/Desktop/Urban_tree_fire/landscape_analysis/tmp_data/eaton_unburned_tree_crowns_final_ndvi_diff.shp
[Thu Aug  7 15:38:11 2025]
localrule tree_crowns_final:
    input: /Users/reedkenny/Desktop/Urban_tree_fire/landscape_analysis/tmp_data/eaton_crowns_burned_polys_v2.shp, /Users/reedkenny/OneDrive - Cal Poly/data/Buildings/LARIAC6_Buildings_2020_eaton.shp, /Users/reedkenny/OneDrive - Cal Poly/data/town_polygons/eaton_burned_bound.shp
    output: /Users/reedkenny/Desktop/Urban_tree_fire/landscape_analysis/tmp_data/eaton_burned_tree_crowns_final.shp
    jobid: 3
    reason: Missing output files: /Users/reedkenny/Desktop/Urban_tree_fire/landscape_analysis/tmp_data/eaton_burned_tree_crowns_final.shp
    wildcards: fire=eaton, status=burned
    resources: tmpdir=/var/folders/d9/q3jcgtz51hvckdj8hrvdb38h0000gn/T
Shell command: 
    ./pipeline_scripts/CLI_create_tree_crowns_final_datasets.R       -t "/Users/reedkenny/Desktop/Urban_tree_fire/landscape_analysis/tmp_data/eaton_crowns_burned_polys_v2.shp"       -b "/Users/reedkenny/OneDrive - Cal Poly/data/Buildings/LARIAC6_Buildings_2020_eaton.shp"       -f "eaton"       -s "/Users/reedkenny/OneDrive - Cal Poly/data/town_polygons/eaton_burned_bound.shp"       -l "burned"       -o "/Users/reedkenny/Desktop/Urban_tree_fire/landscape_analysis/tmp_data/eaton_burned_tree_crowns_final.shp"
    
Waiting for more resources.
Select jobs to execute...
[Thu Aug  7 15:38:14 2025]
Finished jobid: 20 (Rule: extract_diffs)
1 of 19 steps (5%) done
Execute 1 jobs...
[Thu Aug  7 15:38:14 2025]
localrule extract_diffs:
    input: /Users/reedkenny/Desktop/Urban_tree_fire/landscape_analysis/tmp_data/palisades_burned_tree_crowns_final.shp, /Users/reedkenny/Desktop/Urban_tree_fire/landscape_analysis/tmp_data/palisades_burned_ndvi_diff.tif
    output: /Users/reedkenny/Desktop/Urban_tree_fire/landscape_analysis/tmp_data/palisades_burned_tree_crowns_final_ndvi_diff.shp
    jobid: 29
    reason: Updated input files: /Users/reedkenny/Desktop/Urban_tree_fire/landscape_analysis/tmp_data/palisades_burned_ndvi_diff.tif
    wildcards: fire=palisades, status=burned, type=ndvi
    resources: tmpdir=/var/folders/d9/q3jcgtz51hvckdj8hrvdb38h0000gn/T
Shell command: ./pipeline_scripts/extract_diffs.R -t /Users/reedkenny/Desktop/Urban_tree_fire/landscape_analysis/tmp_data/palisades_burned_tree_crowns_final.shp -r /Users/reedkenny/Desktop/Urban_tree_fire/landscape_analysis/tmp_data/palisades_burned_ndvi_diff.tif -o /Users/reedkenny/Desktop/Urban_tree_fire/landscape_analysis/tmp_data/palisades_burned_tree_crowns_final_ndvi_diff.shp
Waiting for more resources.
Select jobs to execute...
[Thu Aug  7 15:38:29 2025]
Finished jobid: 29 (Rule: extract_diffs)
2 of 19 steps (11%) done
Execute 1 jobs...
[Thu Aug  7 15:38:29 2025]
localrule extract_diffs:
    input: /Users/reedkenny/Desktop/Urban_tree_fire/landscape_analysis/tmp_data/palisades_burned_tree_crowns_final.shp, /Users/reedkenny/Desktop/Urban_tree_fire/landscape_analysis/tmp_data/palisades_burned_chm_diff.tif
    output: /Users/reedkenny/Desktop/Urban_tree_fire/landscape_analysis/tmp_data/palisades_burned_tree_crowns_final_chm_diff.shp
    jobid: 28
    reason: Updated input files: /Users/reedkenny/Desktop/Urban_tree_fire/landscape_analysis/tmp_data/palisades_burned_chm_diff.tif
    wildcards: fire=palisades, status=burned, type=chm
    resources: tmpdir=/var/folders/d9/q3jcgtz51hvckdj8hrvdb38h0000gn/T
Shell command: ./pipeline_scripts/extract_diffs.R -t /Users/reedkenny/Desktop/Urban_tree_fire/landscape_analysis/tmp_data/palisades_burned_tree_crowns_final.shp -r /Users/reedkenny/Desktop/Urban_tree_fire/landscape_analysis/tmp_data/palisades_burned_chm_diff.tif -o /Users/reedkenny/Desktop/Urban_tree_fire/landscape_analysis/tmp_data/palisades_burned_tree_crowns_final_chm_diff.shp
Waiting for more resources.
Select jobs to execute...
[Thu Aug  7 15:41:15 2025]
Finished jobid: 28 (Rule: extract_diffs)
3 of 19 steps (16%) done
Execute 1 jobs...
[Thu Aug  7 15:41:15 2025]
localrule extract_diffs:
    input: /Users/reedkenny/Desktop/Urban_tree_fire/landscape_analysis/tmp_data/eaton_unburned_tree_crowns_final.shp, /Users/reedkenny/Desktop/Urban_tree_fire/landscape_analysis/tmp_data/eaton_unburned_chm_diff.tif
    output: /Users/reedkenny/Desktop/Urban_tree_fire/landscape_analysis/tmp_data/eaton_unburned_tree_crowns_final_chm_diff.shp
    jobid: 19
    reason: Updated input files: /Users/reedkenny/Desktop/Urban_tree_fire/landscape_analysis/tmp_data/eaton_unburned_chm_diff.tif
    wildcards: fire=eaton, status=unburned, type=chm
    resources: tmpdir=/var/folders/d9/q3jcgtz51hvckdj8hrvdb38h0000gn/T
Shell command: ./pipeline_scripts/extract_diffs.R -t /Users/reedkenny/Desktop/Urban_tree_fire/landscape_analysis/tmp_data/eaton_unburned_tree_crowns_final.shp -r /Users/reedkenny/Desktop/Urban_tree_fire/landscape_analysis/tmp_data/eaton_unburned_chm_diff.tif -o /Users/reedkenny/Desktop/Urban_tree_fire/landscape_analysis/tmp_data/eaton_unburned_tree_crowns_final_chm_diff.shp
Waiting for more resources.
Select jobs to execute...
[Thu Aug  7 15:41:42 2025]
Finished jobid: 19 (Rule: extract_diffs)
4 of 19 steps (21%) done
Execute 1 jobs...
[Thu Aug  7 15:41:42 2025]
localrule gen_model_inputs:
    input: /Users/reedkenny/Desktop/Urban_tree_fire/landscape_analysis/tmp_data/palisades_burned_build_density.shp, /Users/reedkenny/Desktop/Urban_tree_fire/landscape_analysis/tmp_data/palisades_burned_tree_density.shp, /Users/reedkenny/Desktop/Urban_tree_fire/landscape_analysis/tmp_data/palisades_burned_build_vols.shp, /Users/reedkenny/Desktop/Urban_tree_fire/landscape_analysis/tmp_data/palisades_burned_tree_prox.shp, /Users/reedkenny/Desktop/Urban_tree_fire/landscape_analysis/tmp_data/palisades_burned_build_prox.shp, /Users/reedkenny/Desktop/Urban_tree_fire/landscape_analysis/tmp_data/palisades_burned_tree_crowns_final_chm_diff.shp, /Users/reedkenny/Desktop/Urban_tree_fire/landscape_analysis/tmp_data/palisades_burned_tree_crowns_final_ndvi_diff.shp
    output: /Users/reedkenny/Desktop/Urban_tree_fire/landscape_analysis/model_inputs/palisades_burned_trees_model_inputs.csv
    jobid: 22
    reason: Missing output files: /Users/reedkenny/Desktop/Urban_tree_fire/landscape_analysis/model_inputs/palisades_burned_trees_model_inputs.csv; Input files updated by another job: /Users/reedkenny/Desktop/Urban_tree_fire/landscape_analysis/tmp_data/palisades_burned_tree_crowns_final_chm_diff.shp, /Users/reedkenny/Desktop/Urban_tree_fire/landscape_analysis/tmp_data/palisades_burned_tree_crowns_final_ndvi_diff.shp
    wildcards: fire=palisades, status=burned, comp=trees
    resources: tmpdir=/var/folders/d9/q3jcgtz51hvckdj8hrvdb38h0000gn/T
Shell command: ./pipeline_scripts/generate_model_inputs.R --status burned --comp trees --build_density /Users/reedkenny/Desktop/Urban_tree_fire/landscape_analysis/tmp_data/palisades_burned_build_density.shp --tree_density /Users/reedkenny/Desktop/Urban_tree_fire/landscape_analysis/tmp_data/palisades_burned_tree_density.shp --buildings_vols /Users/reedkenny/Desktop/Urban_tree_fire/landscape_analysis/tmp_data/palisades_burned_build_vols.shp --tree_prox /Users/reedkenny/Desktop/Urban_tree_fire/landscape_analysis/tmp_data/palisades_burned_tree_prox.shp --buildings_prox /Users/reedkenny/Desktop/Urban_tree_fire/landscape_analysis/tmp_data/palisades_burned_build_prox.shp --chm_diff /Users/reedkenny/Desktop/Urban_tree_fire/landscape_analysis/tmp_data/palisades_burned_tree_crowns_final_chm_diff.shp --ndvi_diff /Users/reedkenny/Desktop/Urban_tree_fire/landscape_analysis/tmp_data/palisades_burned_tree_crowns_final_ndvi_diff.shp --output /Users/reedkenny/Desktop/Urban_tree_fire/landscape_analysis/model_inputs/palisades_burned_trees_model_inputs.csv
Waiting for more resources.
Select jobs to execute...
RuleException:
CalledProcessError in file "/Users/reedkenny/Desktop/Urban_tree_fire/landscape_analysis/Scripts/test", line 140:
Command 'set -euo pipefail;  ./pipeline_scripts/generate_model_inputs.R --status burned --comp trees --build_density /Users/reedkenny/Desktop/Urban_tree_fire/landscape_analysis/tmp_data/palisades_burned_build_density.shp --tree_density /Users/reedkenny/Desktop/Urban_tree_fire/landscape_analysis/tmp_data/palisades_burned_tree_density.shp --buildings_vols /Users/reedkenny/Desktop/Urban_tree_fire/landscape_analysis/tmp_data/palisades_burned_build_vols.shp --tree_prox /Users/reedkenny/Desktop/Urban_tree_fire/landscape_analysis/tmp_data/palisades_burned_tree_prox.shp --buildings_prox /Users/reedkenny/Desktop/Urban_tree_fire/landscape_analysis/tmp_data/palisades_burned_build_prox.shp --chm_diff /Users/reedkenny/Desktop/Urban_tree_fire/landscape_analysis/tmp_data/palisades_burned_tree_crowns_final_chm_diff.shp --ndvi_diff /Users/reedkenny/Desktop/Urban_tree_fire/landscape_analysis/tmp_data/palisades_burned_tree_crowns_final_ndvi_diff.shp --output /Users/reedkenny/Desktop/Urban_tree_fire/landscape_analysis/model_inputs/palisades_burned_trees_model_inputs.csv' returned non-zero exit status 1.
[Thu Aug  7 15:41:43 2025]
Error in rule gen_model_inputs:
    message: None
    jobid: 22
    input: /Users/reedkenny/Desktop/Urban_tree_fire/landscape_analysis/tmp_data/palisades_burned_build_density.shp, /Users/reedkenny/Desktop/Urban_tree_fire/landscape_analysis/tmp_data/palisades_burned_tree_density.shp, /Users/reedkenny/Desktop/Urban_tree_fire/landscape_analysis/tmp_data/palisades_burned_build_vols.shp, /Users/reedkenny/Desktop/Urban_tree_fire/landscape_analysis/tmp_data/palisades_burned_tree_prox.shp, /Users/reedkenny/Desktop/Urban_tree_fire/landscape_analysis/tmp_data/palisades_burned_build_prox.shp, /Users/reedkenny/Desktop/Urban_tree_fire/landscape_analysis/tmp_data/palisades_burned_tree_crowns_final_chm_diff.shp, /Users/reedkenny/Desktop/Urban_tree_fire/landscape_analysis/tmp_data/palisades_burned_tree_crowns_final_ndvi_diff.shp
    output: /Users/reedkenny/Desktop/Urban_tree_fire/landscape_analysis/model_inputs/palisades_burned_trees_model_inputs.csv
    shell:
        ./pipeline_scripts/generate_model_inputs.R --status burned --comp trees --build_density /Users/reedkenny/Desktop/Urban_tree_fire/landscape_analysis/tmp_data/palisades_burned_build_density.shp --tree_density /Users/reedkenny/Desktop/Urban_tree_fire/landscape_analysis/tmp_data/palisades_burned_tree_density.shp --buildings_vols /Users/reedkenny/Desktop/Urban_tree_fire/landscape_analysis/tmp_data/palisades_burned_build_vols.shp --tree_prox /Users/reedkenny/Desktop/Urban_tree_fire/landscape_analysis/tmp_data/palisades_burned_tree_prox.shp --buildings_prox /Users/reedkenny/Desktop/Urban_tree_fire/landscape_analysis/tmp_data/palisades_burned_build_prox.shp --chm_diff /Users/reedkenny/Desktop/Urban_tree_fire/landscape_analysis/tmp_data/palisades_burned_tree_crowns_final_chm_diff.shp --ndvi_diff /Users/reedkenny/Desktop/Urban_tree_fire/landscape_analysis/tmp_data/palisades_burned_tree_crowns_final_ndvi_diff.shp --output /Users/reedkenny/Desktop/Urban_tree_fire/landscape_analysis/model_inputs/palisades_burned_trees_model_inputs.csv
        (command exited with non-zero exit code)
Terminating processes on user request, this might take some time.
RuleException:
CalledProcessError in file "/Users/reedkenny/Desktop/Urban_tree_fire/landscape_analysis/Scripts/test", line 40:
Command 'set -euo pipefail;  
    ./pipeline_scripts/CLI_create_tree_crowns_final_datasets.R       -t "/Users/reedkenny/Desktop/Urban_tree_fire/landscape_analysis/tmp_data/eaton_crowns_burned_polys_v2.shp"       -b "/Users/reedkenny/OneDrive - Cal Poly/data/Buildings/LARIAC6_Buildings_2020_eaton.shp"       -f "eaton"       -s "/Users/reedkenny/OneDrive - Cal Poly/data/town_polygons/eaton_burned_bound.shp"       -l "burned"       -o "/Users/reedkenny/Desktop/Urban_tree_fire/landscape_analysis/tmp_data/eaton_burned_tree_crowns_final.shp"' returned non-zero exit status 1.
[Thu Aug  7 15:44:15 2025]
Error in rule tree_crowns_final:
    message: None
    jobid: 3
    input: /Users/reedkenny/Desktop/Urban_tree_fire/landscape_analysis/tmp_data/eaton_crowns_burned_polys_v2.shp, /Users/reedkenny/OneDrive - Cal Poly/data/Buildings/LARIAC6_Buildings_2020_eaton.shp, /Users/reedkenny/OneDrive - Cal Poly/data/town_polygons/eaton_burned_bound.shp
    output: /Users/reedkenny/Desktop/Urban_tree_fire/landscape_analysis/tmp_data/eaton_burned_tree_crowns_final.shp
    shell:
        
    ./pipeline_scripts/CLI_create_tree_crowns_final_datasets.R       -t "/Users/reedkenny/Desktop/Urban_tree_fire/landscape_analysis/tmp_data/eaton_crowns_burned_polys_v2.shp"       -b "/Users/reedkenny/OneDrive - Cal Poly/data/Buildings/LARIAC6_Buildings_2020_eaton.shp"       -f "eaton"       -s "/Users/reedkenny/OneDrive - Cal Poly/data/town_polygons/eaton_burned_bound.shp"       -l "burned"       -o "/Users/reedkenny/Desktop/Urban_tree_fire/landscape_analysis/tmp_data/eaton_burned_tree_crowns_final.shp"
    
        (command exited with non-zero exit code)
Complete log(s): /Users/reedkenny/Desktop/Urban_tree_fire/landscape_analysis/Scripts/.snakemake/log/2025-08-07T153811.788920.snakemake.log
WorkflowError:
At least one job did not complete successfully.
