Assuming unrestricted shared filesystem usage.
None
host: Reeds-MacBook-Pro.local
Building DAG of jobs...
Using shell: /bin/bash
Provided cores: 1 (use --cores to define parallelism)
Rules claiming more threads will be scaled down.
Job stats:
job                               count
------------------------------  -------
all                                   1
co_reg_post_eaton_burned              1
co_reg_post_eaton_unburned            1
co_reg_post_palisades_burned          1
co_reg_post_palisades_unburned        1
co_reg_pre_eaton                      4
stich_lidar                           1
total                                10

Select jobs to execute...
Execute 1 jobs...
[Mon Aug 11 13:09:48 2025]
localrule co_reg_pre_eaton:
    input: /Users/reedkenny/OneDrive - Cal Poly/Advanced_GIS_data/Maxar/Eaton/PRE/Eaton_prefire_pan/all_pan_tile_1.tif, /Users/reedkenny/Desktop/Urban_tree_fire/landscape_analysis/Data/eaton_chm_2023_epsg32611.tif
    output: /Users/reedkenny/OneDrive - Cal Poly/data/LiDAR/Eaton/Registered_DEMS/all_pan_tile_1_phase.tif
    jobid: 2
    reason: Updated input files: /Users/reedkenny/Desktop/Urban_tree_fire/landscape_analysis/Data/eaton_chm_2023_epsg32611.tif
    wildcards: all_pan_tile_num=all_pan_tile_1
    resources: tmpdir=/var/folders/d9/q3jcgtz51hvckdj8hrvdb38h0000gn/T
Shell command: 
        python batch_phase_coreg.py           --input_pan "/Users/reedkenny/OneDrive - Cal Poly/Advanced_GIS_data/Maxar/Eaton/PRE/Eaton_prefire_pan/all_pan_tile_1.tif"           --input_dem "/Users/reedkenny/Desktop/Urban_tree_fire/landscape_analysis/Data/eaton_chm_2023_epsg32611.tif"           --output "/Users/reedkenny/OneDrive - Cal Poly/data/LiDAR/Eaton/Registered_DEMS/all_pan_tile_1_phase.tif"
        
Waiting for more resources.
Select jobs to execute...
[Mon Aug 11 13:10:07 2025]
Finished jobid: 2 (Rule: co_reg_pre_eaton)
1 of 10 steps (10%) done
Execute 1 jobs...
[Mon Aug 11 13:10:08 2025]
localrule co_reg_pre_eaton:
    input: /Users/reedkenny/OneDrive - Cal Poly/Advanced_GIS_data/Maxar/Eaton/PRE/Eaton_prefire_pan/all_pan_tile_3.tif, /Users/reedkenny/Desktop/Urban_tree_fire/landscape_analysis/Data/eaton_chm_2023_epsg32611.tif
    output: /Users/reedkenny/OneDrive - Cal Poly/data/LiDAR/Eaton/Registered_DEMS/all_pan_tile_3_phase.tif
    jobid: 4
    reason: Updated input files: /Users/reedkenny/Desktop/Urban_tree_fire/landscape_analysis/Data/eaton_chm_2023_epsg32611.tif
    wildcards: all_pan_tile_num=all_pan_tile_3
    resources: tmpdir=/var/folders/d9/q3jcgtz51hvckdj8hrvdb38h0000gn/T
Shell command: 
        python batch_phase_coreg.py           --input_pan "/Users/reedkenny/OneDrive - Cal Poly/Advanced_GIS_data/Maxar/Eaton/PRE/Eaton_prefire_pan/all_pan_tile_3.tif"           --input_dem "/Users/reedkenny/Desktop/Urban_tree_fire/landscape_analysis/Data/eaton_chm_2023_epsg32611.tif"           --output "/Users/reedkenny/OneDrive - Cal Poly/data/LiDAR/Eaton/Registered_DEMS/all_pan_tile_3_phase.tif"
        
Waiting for more resources.
Select jobs to execute...
[Mon Aug 11 13:10:29 2025]
Finished jobid: 4 (Rule: co_reg_pre_eaton)
2 of 10 steps (20%) done
Execute 1 jobs...
[Mon Aug 11 13:10:29 2025]
localrule co_reg_pre_eaton:
    input: /Users/reedkenny/OneDrive - Cal Poly/Advanced_GIS_data/Maxar/Eaton/PRE/Eaton_prefire_pan/all_pan_tile_4.tif, /Users/reedkenny/Desktop/Urban_tree_fire/landscape_analysis/Data/eaton_chm_2023_epsg32611.tif
    output: /Users/reedkenny/OneDrive - Cal Poly/data/LiDAR/Eaton/Registered_DEMS/all_pan_tile_4_phase.tif
    jobid: 5
    reason: Updated input files: /Users/reedkenny/Desktop/Urban_tree_fire/landscape_analysis/Data/eaton_chm_2023_epsg32611.tif
    wildcards: all_pan_tile_num=all_pan_tile_4
    resources: tmpdir=/var/folders/d9/q3jcgtz51hvckdj8hrvdb38h0000gn/T
Shell command: 
        python batch_phase_coreg.py           --input_pan "/Users/reedkenny/OneDrive - Cal Poly/Advanced_GIS_data/Maxar/Eaton/PRE/Eaton_prefire_pan/all_pan_tile_4.tif"           --input_dem "/Users/reedkenny/Desktop/Urban_tree_fire/landscape_analysis/Data/eaton_chm_2023_epsg32611.tif"           --output "/Users/reedkenny/OneDrive - Cal Poly/data/LiDAR/Eaton/Registered_DEMS/all_pan_tile_4_phase.tif"
        
Waiting for more resources.
Select jobs to execute...
[Mon Aug 11 13:10:53 2025]
Finished jobid: 5 (Rule: co_reg_pre_eaton)
3 of 10 steps (30%) done
Execute 1 jobs...
[Mon Aug 11 13:10:53 2025]
localrule co_reg_pre_eaton:
    input: /Users/reedkenny/OneDrive - Cal Poly/Advanced_GIS_data/Maxar/Eaton/PRE/Eaton_prefire_pan/all_pan_tile_2.tif, /Users/reedkenny/Desktop/Urban_tree_fire/landscape_analysis/Data/eaton_chm_2023_epsg32611.tif
    output: /Users/reedkenny/OneDrive - Cal Poly/data/LiDAR/Eaton/Registered_DEMS/all_pan_tile_2_phase.tif
    jobid: 3
    reason: Missing output files: /Users/reedkenny/OneDrive - Cal Poly/data/LiDAR/Eaton/Registered_DEMS/all_pan_tile_2_phase.tif; Updated input files: /Users/reedkenny/Desktop/Urban_tree_fire/landscape_analysis/Data/eaton_chm_2023_epsg32611.tif, /Users/reedkenny/OneDrive - Cal Poly/Advanced_GIS_data/Maxar/Eaton/PRE/Eaton_prefire_pan/all_pan_tile_2.tif
    wildcards: all_pan_tile_num=all_pan_tile_2
    resources: tmpdir=/var/folders/d9/q3jcgtz51hvckdj8hrvdb38h0000gn/T
Shell command: 
        python batch_phase_coreg.py           --input_pan "/Users/reedkenny/OneDrive - Cal Poly/Advanced_GIS_data/Maxar/Eaton/PRE/Eaton_prefire_pan/all_pan_tile_2.tif"           --input_dem "/Users/reedkenny/Desktop/Urban_tree_fire/landscape_analysis/Data/eaton_chm_2023_epsg32611.tif"           --output "/Users/reedkenny/OneDrive - Cal Poly/data/LiDAR/Eaton/Registered_DEMS/all_pan_tile_2_phase.tif"
        
Waiting for more resources.
[Mon Aug 11 13:11:16 2025]
Finished jobid: 3 (Rule: co_reg_pre_eaton)
4 of 10 steps (40%) done
Select jobs to execute...
Execute 1 jobs...
[Mon Aug 11 13:11:16 2025]
localrule stich_lidar:
    input: /Users/reedkenny/OneDrive - Cal Poly/data/LiDAR/Eaton/Registered_DEMS/all_pan_tile_1_phase.tif, /Users/reedkenny/OneDrive - Cal Poly/data/LiDAR/Eaton/Registered_DEMS/all_pan_tile_2_phase.tif, /Users/reedkenny/OneDrive - Cal Poly/data/LiDAR/Eaton/Registered_DEMS/all_pan_tile_3_phase.tif, /Users/reedkenny/OneDrive - Cal Poly/data/LiDAR/Eaton/Registered_DEMS/all_pan_tile_4_phase.tif, /Users/reedkenny/OneDrive - Cal Poly/data/LiDAR/Palisades/Registered_DEMS/palisades_prefire_CHM_reg.tif
    output: /Users/reedkenny/OneDrive - Cal Poly/data/LiDAR/Eaton/Registered_DEMS/eaton_prefire_CHM_burned_reg.tif, /Users/reedkenny/OneDrive - Cal Poly/data/LiDAR/Eaton/Registered_DEMS/eaton_prefire_CHM_unburned_reg.tif, /Users/reedkenny/OneDrive - Cal Poly/data/LiDAR/Palisades/Registered_DEMS/palisades_prefire_CHM_burned_reg.tif, /Users/reedkenny/OneDrive - Cal Poly/data/LiDAR/Palisades/Registered_DEMS/palisades_prefire_CHM_unburned_reg.tif
    jobid: 1
    reason: Missing output files: /Users/reedkenny/OneDrive - Cal Poly/data/LiDAR/Palisades/Registered_DEMS/palisades_prefire_CHM_unburned_reg.tif, /Users/reedkenny/OneDrive - Cal Poly/data/LiDAR/Eaton/Registered_DEMS/eaton_prefire_CHM_burned_reg.tif, /Users/reedkenny/OneDrive - Cal Poly/data/LiDAR/Palisades/Registered_DEMS/palisades_prefire_CHM_burned_reg.tif, /Users/reedkenny/OneDrive - Cal Poly/data/LiDAR/Eaton/Registered_DEMS/eaton_prefire_CHM_unburned_reg.tif; Input files updated by another job: /Users/reedkenny/OneDrive - Cal Poly/data/LiDAR/Eaton/Registered_DEMS/all_pan_tile_1_phase.tif, /Users/reedkenny/OneDrive - Cal Poly/data/LiDAR/Eaton/Registered_DEMS/all_pan_tile_4_phase.tif, /Users/reedkenny/OneDrive - Cal Poly/data/LiDAR/Eaton/Registered_DEMS/all_pan_tile_3_phase.tif, /Users/reedkenny/OneDrive - Cal Poly/data/LiDAR/Eaton/Registered_DEMS/all_pan_tile_2_phase.tif
    resources: tmpdir=/var/folders/d9/q3jcgtz51hvckdj8hrvdb38h0000gn/T
Shell command: 
        Rscript Stich_lidar.R
        
Waiting for more resources.
[Mon Aug 11 13:13:02 2025]
Finished jobid: 1 (Rule: stich_lidar)
5 of 10 steps (50%) done
Select jobs to execute...
Execute 1 jobs...
[Mon Aug 11 13:13:02 2025]
localrule co_reg_post_eaton_burned:
    input: /Users/reedkenny/OneDrive - Cal Poly/data/LiDAR/Eaton/Registered_DEMS/eaton_prefire_CHM_burned_reg.tif, /Users/reedkenny/OneDrive - Cal Poly/data/LiDAR/Eaton/Eaton_Post_CHM.tif
    output: /Users/reedkenny/OneDrive - Cal Poly/data/LiDAR/Eaton/Registered_DEMS/eaton_postfire_CHM_burned_reg.tif
    jobid: 10
    reason: Input files updated by another job: /Users/reedkenny/OneDrive - Cal Poly/data/LiDAR/Eaton/Registered_DEMS/eaton_prefire_CHM_burned_reg.tif
    resources: tmpdir=/var/folders/d9/q3jcgtz51hvckdj8hrvdb38h0000gn/T
Shell command: 
        python batch_phase_coreg.py           --input_pan "/Users/reedkenny/OneDrive - Cal Poly/data/LiDAR/Eaton/Registered_DEMS/eaton_prefire_CHM_burned_reg.tif"           --input_dem "/Users/reedkenny/OneDrive - Cal Poly/data/LiDAR/Eaton/Eaton_Post_CHM.tif"           --output "/Users/reedkenny/OneDrive - Cal Poly/data/LiDAR/Eaton/Registered_DEMS/eaton_postfire_CHM_burned_reg.tif"
        
Waiting for more resources.
Select jobs to execute...
[Mon Aug 11 13:13:51 2025]
Finished jobid: 10 (Rule: co_reg_post_eaton_burned)
6 of 10 steps (60%) done
Execute 1 jobs...
[Mon Aug 11 13:13:52 2025]
localrule co_reg_post_palisades_unburned:
    input: /Users/reedkenny/OneDrive - Cal Poly/data/LiDAR/Palisades/Registered_DEMS/palisades_prefire_CHM_unburned_reg.tif, /Users/reedkenny/OneDrive - Cal Poly/data/LiDAR/Palisades/palisades_postfire_CHM_unburned.tif
    output: /Users/reedkenny/OneDrive - Cal Poly/data/LiDAR/Palisades/Registered_DEMS/palisades_postfire_CHM_unburned_reg.tif
    jobid: 9
    reason: Input files updated by another job: /Users/reedkenny/OneDrive - Cal Poly/data/LiDAR/Palisades/Registered_DEMS/palisades_prefire_CHM_unburned_reg.tif
    resources: tmpdir=/var/folders/d9/q3jcgtz51hvckdj8hrvdb38h0000gn/T
Shell command: 
        python batch_phase_coreg.py           --input_pan "/Users/reedkenny/OneDrive - Cal Poly/data/LiDAR/Palisades/Registered_DEMS/palisades_prefire_CHM_unburned_reg.tif"           --input_dem "/Users/reedkenny/OneDrive - Cal Poly/data/LiDAR/Palisades/palisades_postfire_CHM_unburned.tif"           --output "/Users/reedkenny/OneDrive - Cal Poly/data/LiDAR/Palisades/Registered_DEMS/palisades_postfire_CHM_unburned_reg.tif"
        
Waiting for more resources.
Select jobs to execute...
[Mon Aug 11 13:14:07 2025]
Finished jobid: 9 (Rule: co_reg_post_palisades_unburned)
7 of 10 steps (70%) done
Execute 1 jobs...
[Mon Aug 11 13:14:07 2025]
localrule co_reg_post_palisades_burned:
    input: /Users/reedkenny/OneDrive - Cal Poly/data/LiDAR/Palisades/Registered_DEMS/palisades_prefire_CHM_burned_reg.tif, /Users/reedkenny/OneDrive - Cal Poly/data/LiDAR/Palisades/palisades_postfire_CHM_burned.tif
    output: /Users/reedkenny/OneDrive - Cal Poly/data/LiDAR/Palisades/Registered_DEMS/palisades_postfire_CHM_burned_reg.tif
    jobid: 7
    reason: Input files updated by another job: /Users/reedkenny/OneDrive - Cal Poly/data/LiDAR/Palisades/Registered_DEMS/palisades_prefire_CHM_burned_reg.tif
    resources: tmpdir=/var/folders/d9/q3jcgtz51hvckdj8hrvdb38h0000gn/T
Shell command: 
        python batch_phase_coreg.py           --input_pan "/Users/reedkenny/OneDrive - Cal Poly/data/LiDAR/Palisades/Registered_DEMS/palisades_prefire_CHM_burned_reg.tif"           --input_dem "/Users/reedkenny/OneDrive - Cal Poly/data/LiDAR/Palisades/palisades_postfire_CHM_burned.tif"           --output "/Users/reedkenny/OneDrive - Cal Poly/data/LiDAR/Palisades/Registered_DEMS/palisades_postfire_CHM_burned_reg.tif"
        
Waiting for more resources.
Select jobs to execute...
[Mon Aug 11 13:14:50 2025]
Finished jobid: 7 (Rule: co_reg_post_palisades_burned)
8 of 10 steps (80%) done
Execute 1 jobs...
[Mon Aug 11 13:14:50 2025]
localrule co_reg_post_eaton_unburned:
    input: /Users/reedkenny/OneDrive - Cal Poly/data/LiDAR/Eaton/Registered_DEMS/eaton_prefire_CHM_burned_reg.tif, /Users/reedkenny/OneDrive - Cal Poly/data/LiDAR/Eaton/Eaton_Post_CHM_ext.tif
    output: /Users/reedkenny/OneDrive - Cal Poly/data/LiDAR/Eaton/Registered_DEMS/eaton_postfire_CHM_unburned_reg.tif
    jobid: 11
    reason: Missing output files: /Users/reedkenny/OneDrive - Cal Poly/data/LiDAR/Eaton/Registered_DEMS/eaton_postfire_CHM_unburned_reg.tif; Input files updated by another job: /Users/reedkenny/OneDrive - Cal Poly/data/LiDAR/Eaton/Registered_DEMS/eaton_prefire_CHM_burned_reg.tif
    resources: tmpdir=/var/folders/d9/q3jcgtz51hvckdj8hrvdb38h0000gn/T
Shell command: 
        python batch_phase_coreg.py           --input_pan "/Users/reedkenny/OneDrive - Cal Poly/data/LiDAR/Eaton/Registered_DEMS/eaton_prefire_CHM_burned_reg.tif"           --input_dem "/Users/reedkenny/OneDrive - Cal Poly/data/LiDAR/Eaton/Eaton_Post_CHM_ext.tif"           --output "/Users/reedkenny/OneDrive - Cal Poly/data/LiDAR/Eaton/Registered_DEMS/eaton_postfire_CHM_unburned_reg.tif"
        
Waiting for more resources.
[Mon Aug 11 13:15:30 2025]
Finished jobid: 11 (Rule: co_reg_post_eaton_unburned)
9 of 10 steps (90%) done
Select jobs to execute...
Execute 1 jobs...
[Mon Aug 11 13:15:30 2025]
localrule all:
    input: /Users/reedkenny/OneDrive - Cal Poly/data/LiDAR/Palisades/Registered_DEMS/palisades_prefire_CHM_burned_reg.tif, /Users/reedkenny/OneDrive - Cal Poly/data/LiDAR/Palisades/Registered_DEMS/palisades_prefire_CHM_unburned_reg.tif, /Users/reedkenny/OneDrive - Cal Poly/data/LiDAR/Eaton/Registered_DEMS/eaton_prefire_CHM_burned_reg.tif, /Users/reedkenny/OneDrive - Cal Poly/data/LiDAR/Eaton/Registered_DEMS/eaton_prefire_CHM_unburned_reg.tif, /Users/reedkenny/OneDrive - Cal Poly/data/LiDAR/Palisades/Registered_DEMS/palisades_postfire_CHM_burned_reg.tif, /Users/reedkenny/OneDrive - Cal Poly/data/LiDAR/Palisades/Registered_DEMS/palisades_postfire_CHM_unburned_reg.tif, /Users/reedkenny/OneDrive - Cal Poly/data/LiDAR/Eaton/Registered_DEMS/eaton_postfire_CHM_burned_reg.tif, /Users/reedkenny/OneDrive - Cal Poly/data/LiDAR/Eaton/Registered_DEMS/eaton_postfire_CHM_unburned_reg.tif
    jobid: 0
    reason: Input files updated by another job: /Users/reedkenny/OneDrive - Cal Poly/data/LiDAR/Palisades/Registered_DEMS/palisades_postfire_CHM_unburned_reg.tif, /Users/reedkenny/OneDrive - Cal Poly/data/LiDAR/Eaton/Registered_DEMS/eaton_prefire_CHM_unburned_reg.tif, /Users/reedkenny/OneDrive - Cal Poly/data/LiDAR/Eaton/Registered_DEMS/eaton_postfire_CHM_unburned_reg.tif, /Users/reedkenny/OneDrive - Cal Poly/data/LiDAR/Eaton/Registered_DEMS/eaton_postfire_CHM_burned_reg.tif, /Users/reedkenny/OneDrive - Cal Poly/data/LiDAR/Palisades/Registered_DEMS/palisades_postfire_CHM_burned_reg.tif, /Users/reedkenny/OneDrive - Cal Poly/data/LiDAR/Palisades/Registered_DEMS/palisades_prefire_CHM_unburned_reg.tif, /Users/reedkenny/OneDrive - Cal Poly/data/LiDAR/Eaton/Registered_DEMS/eaton_prefire_CHM_burned_reg.tif, /Users/reedkenny/OneDrive - Cal Poly/data/LiDAR/Palisades/Registered_DEMS/palisades_prefire_CHM_burned_reg.tif
    resources: tmpdir=/var/folders/d9/q3jcgtz51hvckdj8hrvdb38h0000gn/T
Shell command: None
Waiting for more resources.
[Mon Aug 11 13:15:30 2025]
Finished jobid: 0 (Rule: all)
10 of 10 steps (100%) done
Complete log(s): /Users/reedkenny/Desktop/Urban_tree_fire/landscape_analysis/Scripts/.snakemake/log/2025-08-11T130948.211358.snakemake.log
