Assuming unrestricted shared filesystem usage.
None
host: Reeds-MacBook-Pro.local
Building DAG of jobs...
Using shell: /bin/bash
Provided cores: 1 (use --cores to define parallelism)
Rules claiming more threads will be scaled down.
Job stats:
job                  count
-----------------  -------
all                      1
calc_build_prox          2
canopy_seg               1
extract_kds              2
footprints_final         1
gen_model_inputs         4
tree_crowns_final        2
total                   13

Select jobs to execute...
Execute 1 jobs...
[Tue Sep 23 17:15:21 2025]
localrule footprints_final:
    input: /Users/reedkenny/OneDrive - Cal Poly/data/Buildings/LARIAC6_Buildings_2020_eaton.shp, /Users/reedkenny/OneDrive - Cal Poly/data/Buildings/LARIAC6_Buildings_2020_palisades.shp
    output: /Users/reedkenny/Desktop/Urban_tree_fire/structure_analysis/tmp_data/eaton_burned_fprints.shp, /Users/reedkenny/Desktop/Urban_tree_fire/structure_analysis/tmp_data/eaton_unburned_fprints.shp, /Users/reedkenny/Desktop/Urban_tree_fire/structure_analysis/tmp_data/palisades_burned_fprints.shp, /Users/reedkenny/Desktop/Urban_tree_fire/structure_analysis/tmp_data/palisades_unburned_fprints.shp
    jobid: 5
    reason: Missing output files: /Users/reedkenny/Desktop/Urban_tree_fire/structure_analysis/tmp_data/palisades_burned_fprints.shp, /Users/reedkenny/Desktop/Urban_tree_fire/structure_analysis/tmp_data/eaton_burned_fprints.shp
    resources: tmpdir=/var/folders/d9/q3jcgtz51hvckdj8hrvdb38h0000gn/T
Shell command: Rscript pipeline_scripts/Create_buildings_final_datasets.R
Waiting for more resources.
Select jobs to execute...
[Tue Sep 23 17:15:36 2025]
Finished jobid: 5 (Rule: footprints_final)
1 of 13 steps (8%) done
Execute 1 jobs...
[Tue Sep 23 17:15:36 2025]
localrule canopy_seg:
    input: /Users/reedkenny/OneDrive - Cal Poly/data/LiDAR/eaton/Registered_DEMS/eaton_prefire_CHM_burned_reg.tif, /Users/reedkenny/OneDrive - Cal Poly/data/LiDAR/eaton/Registered_DEMS/eaton_prefire_CHM_unburned_reg.tif, /Users/reedkenny/OneDrive - Cal Poly/data/LiDAR/palisades/Registered_DEMS/palisades_prefire_CHM_burned_reg.tif, /Users/reedkenny/OneDrive - Cal Poly/data/LiDAR/palisades/Registered_DEMS/palisades_prefire_CHM_unburned_reg.tif
    output: /Users/reedkenny/Desktop/Urban_tree_fire/structure_analysis/tmp_data/palisades_crowns_burned_polys_v2.shp, /Users/reedkenny/Desktop/Urban_tree_fire/structure_analysis/tmp_data/eaton_crowns_burned_polys_v2.shp
    jobid: 4
    reason: Missing output files: /Users/reedkenny/Desktop/Urban_tree_fire/structure_analysis/tmp_data/palisades_crowns_burned_polys_v2.shp, /Users/reedkenny/Desktop/Urban_tree_fire/structure_analysis/tmp_data/eaton_crowns_burned_polys_v2.shp
    resources: tmpdir=/var/folders/d9/q3jcgtz51hvckdj8hrvdb38h0000gn/T
Shell command: Rscript pipeline_scripts/Canopy_seg.R
Waiting for more resources.
Waiting at most 5 seconds for missing files:
/Users/reedkenny/Desktop/Urban_tree_fire/structure_analysis/tmp_data/palisades_crowns_burned_polys_v2.shp (missing locally)
/Users/reedkenny/Desktop/Urban_tree_fire/structure_analysis/tmp_data/eaton_crowns_burned_polys_v2.shp (missing locally)
MissingOutputException in rule canopy_seg in file "/Users/reedkenny/Desktop/Urban_tree_fire/structure_analysis/Scripts/pipeline_Snakefile", line 20:
Job 4  completed successfully, but some output files are missing. Missing files after 5 seconds. This might be due to filesystem latency. If that is the case, consider to increase the wait time with --latency-wait:
/Users/reedkenny/Desktop/Urban_tree_fire/structure_analysis/tmp_data/palisades_crowns_burned_polys_v2.shp (missing locally, parent dir contents: eaton_unburned_fprints.shp, eaton_unburned_fprints.shx, eaton_burned_fprints.shp, palisades_unburned_fprints.prj, palisades_burned_fprints.dbf, eaton_burned_fprints.shx, palisades_burned_fprints.shp, palisades_burned_fprints.shx, eaton_burned_fprints.dbf, eaton_unburned_fprints.dbf, eaton_unburned_fprints.prj, palisades_unburned_fprints.shx, eaton_burned_fprints.prj, palisades_unburned_fprints.shp, palisades_unburned_fprints.dbf, palisades_burned_fprints.prj)
/Users/reedkenny/Desktop/Urban_tree_fire/structure_analysis/tmp_data/eaton_crowns_burned_polys_v2.shp (missing locally, parent dir contents: eaton_unburned_fprints.shp, eaton_unburned_fprints.shx, eaton_burned_fprints.shp, palisades_unburned_fprints.prj, palisades_burned_fprints.dbf, eaton_burned_fprints.shx, palisades_burned_fprints.shp, palisades_burned_fprints.shx, eaton_burned_fprints.dbf, eaton_unburned_fprints.dbf, eaton_unburned_fprints.prj, palisades_unburned_fprints.shx, eaton_burned_fprints.prj, palisades_unburned_fprints.shp, palisades_unburned_fprints.dbf, palisades_burned_fprints.prj)
Shutting down, this might take some time.
Exiting because a job execution failed. Look below for error messages
[Tue Sep 23 17:21:20 2025]
Error in rule canopy_seg:
    message: None
    jobid: 4
    input: /Users/reedkenny/OneDrive - Cal Poly/data/LiDAR/eaton/Registered_DEMS/eaton_prefire_CHM_burned_reg.tif, /Users/reedkenny/OneDrive - Cal Poly/data/LiDAR/eaton/Registered_DEMS/eaton_prefire_CHM_unburned_reg.tif, /Users/reedkenny/OneDrive - Cal Poly/data/LiDAR/palisades/Registered_DEMS/palisades_prefire_CHM_burned_reg.tif, /Users/reedkenny/OneDrive - Cal Poly/data/LiDAR/palisades/Registered_DEMS/palisades_prefire_CHM_unburned_reg.tif
    output: /Users/reedkenny/Desktop/Urban_tree_fire/structure_analysis/tmp_data/palisades_crowns_burned_polys_v2.shp, /Users/reedkenny/Desktop/Urban_tree_fire/structure_analysis/tmp_data/eaton_crowns_burned_polys_v2.shp
    shell:
        Rscript pipeline_scripts/Canopy_seg.R
        (command exited with non-zero exit code)
Complete log(s): /Users/reedkenny/Desktop/Urban_tree_fire/structure_analysis/Scripts/.snakemake/log/2025-09-23T171521.592514.snakemake.log
WorkflowError:
At least one job did not complete successfully.
