Assuming unrestricted shared filesystem usage.
None
host: Mac.lan
Building DAG of jobs...
Using shell: /bin/bash
Provided cores: 2
Rules claiming more threads will be scaled down.
Job stats:
job                  count
-----------------  -------
all                      1
calc_build_prox          4
calc_build_vols          4
calc_tree_prox           4
canopy_seg               1
extract_diffs            8
extract_kds              4
gen_model_inputs         6
tree_crowns_final        4
total                   36

Select jobs to execute...
Execute 2 jobs...
[Mon Aug 25 14:03:33 2025]
localrule calc_build_vols:
    input: /Users/reedkenny/Desktop/Urban_tree_fire/landscape_analysis/tmp_data/palisades_burned_fprints.shp, /Users/reedkenny/OneDrive - Cal Poly/data/LiDAR/palisades/Registered_DEMS/palisades_prefire_CHM_burned_reg.tif
    output: /Users/reedkenny/Desktop/Urban_tree_fire/landscape_analysis/tmp_data/palisades_burned_build_vols.shp
    jobid: 26
    reason: Updated input files: /Users/reedkenny/OneDrive - Cal Poly/data/LiDAR/palisades/Registered_DEMS/palisades_prefire_CHM_burned_reg.tif
    wildcards: fire=palisades, status=burned
    resources: tmpdir=/var/folders/d9/q3jcgtz51hvckdj8hrvdb38h0000gn/T
Shell command: 
    ./"pipeline_scripts"/Calc_build_vols.R -b "/Users/reedkenny/Desktop/Urban_tree_fire/landscape_analysis/tmp_data/palisades_burned_fprints.shp" -c "/Users/reedkenny/OneDrive - Cal Poly/data/LiDAR/palisades/Registered_DEMS/palisades_prefire_CHM_burned_reg.tif" -o "/Users/reedkenny/Desktop/Urban_tree_fire/landscape_analysis/tmp_data/palisades_burned_build_vols.shp"
    
[Mon Aug 25 14:03:33 2025]
localrule calc_build_vols:
    input: /Users/reedkenny/Desktop/Urban_tree_fire/landscape_analysis/tmp_data/eaton_unburned_fprints.shp, /Users/reedkenny/OneDrive - Cal Poly/data/LiDAR/eaton/Registered_DEMS/eaton_prefire_CHM_unburned_reg.tif
    output: /Users/reedkenny/Desktop/Urban_tree_fire/landscape_analysis/tmp_data/eaton_unburned_build_vols.shp
    jobid: 16
    reason: Updated input files: /Users/reedkenny/OneDrive - Cal Poly/data/LiDAR/eaton/Registered_DEMS/eaton_prefire_CHM_unburned_reg.tif
    wildcards: fire=eaton, status=unburned
    resources: tmpdir=/var/folders/d9/q3jcgtz51hvckdj8hrvdb38h0000gn/T
Shell command: 
    ./"pipeline_scripts"/Calc_build_vols.R -b "/Users/reedkenny/Desktop/Urban_tree_fire/landscape_analysis/tmp_data/eaton_unburned_fprints.shp" -c "/Users/reedkenny/OneDrive - Cal Poly/data/LiDAR/eaton/Registered_DEMS/eaton_prefire_CHM_unburned_reg.tif" -o "/Users/reedkenny/Desktop/Urban_tree_fire/landscape_analysis/tmp_data/eaton_unburned_build_vols.shp"
    
Waiting for more resources.
Select jobs to execute...
[Mon Aug 25 15:21:22 2025]
Finished jobid: 26 (Rule: calc_build_vols)
1 of 36 steps (3%) done
Execute 1 jobs...
[Mon Aug 25 15:21:22 2025]
localrule canopy_seg:
    input: /Users/reedkenny/OneDrive - Cal Poly/data/LiDAR/eaton/Registered_DEMS/eaton_prefire_CHM_burned_reg.tif, /Users/reedkenny/OneDrive - Cal Poly/data/LiDAR/eaton/Registered_DEMS/eaton_prefire_CHM_unburned_reg.tif, /Users/reedkenny/OneDrive - Cal Poly/data/LiDAR/palisades/Registered_DEMS/palisades_prefire_CHM_burned_reg.tif, /Users/reedkenny/OneDrive - Cal Poly/data/LiDAR/palisades/Registered_DEMS/palisades_prefire_CHM_unburned_reg.tif
    output: /Users/reedkenny/Desktop/Urban_tree_fire/landscape_analysis/tmp_data/palisades_crowns_burned_polys_v2.shp, /Users/reedkenny/Desktop/Urban_tree_fire/landscape_analysis/tmp_data/palisades_crowns_unburned_polys_v2.shp, /Users/reedkenny/Desktop/Urban_tree_fire/landscape_analysis/tmp_data/eaton_crowns_burned_polys_v2.shp, /Users/reedkenny/Desktop/Urban_tree_fire/landscape_analysis/tmp_data/eaton_crowns_unburned_polys_v2.shp
    jobid: 4
    reason: Updated input files: /Users/reedkenny/OneDrive - Cal Poly/data/LiDAR/palisades/Registered_DEMS/palisades_prefire_CHM_unburned_reg.tif, /Users/reedkenny/OneDrive - Cal Poly/data/LiDAR/eaton/Registered_DEMS/eaton_prefire_CHM_unburned_reg.tif, /Users/reedkenny/OneDrive - Cal Poly/data/LiDAR/eaton/Registered_DEMS/eaton_prefire_CHM_burned_reg.tif, /Users/reedkenny/OneDrive - Cal Poly/data/LiDAR/palisades/Registered_DEMS/palisades_prefire_CHM_burned_reg.tif
    resources: tmpdir=/var/folders/d9/q3jcgtz51hvckdj8hrvdb38h0000gn/T
Shell command: Rscript pipeline_scripts/Canopy_seg.R
Waiting for more resources.
Select jobs to execute...
[Mon Aug 25 15:27:19 2025]
Finished jobid: 4 (Rule: canopy_seg)
2 of 36 steps (6%) done
Execute 1 jobs...
[Mon Aug 25 15:27:19 2025]
localrule tree_crowns_final:
    input: /Users/reedkenny/Desktop/Urban_tree_fire/landscape_analysis/tmp_data/palisades_crowns_unburned_polys_v2.shp, /Users/reedkenny/OneDrive - Cal Poly/data/Buildings/LARIAC6_Buildings_2020_palisades.shp, /Users/reedkenny/OneDrive - Cal Poly/data/town_polygons/palisades_unburned_bound.shp
    output: /Users/reedkenny/Desktop/Urban_tree_fire/landscape_analysis/tmp_data/palisades_unburned_tree_crowns_final.shp
    jobid: 34
    reason: Input files updated by another job: /Users/reedkenny/Desktop/Urban_tree_fire/landscape_analysis/tmp_data/palisades_crowns_unburned_polys_v2.shp
    wildcards: fire=palisades, status=unburned
    resources: tmpdir=/var/folders/d9/q3jcgtz51hvckdj8hrvdb38h0000gn/T
Shell command: 
    ./pipeline_scripts/CLI_create_tree_crowns_final_datasets.R       -t "/Users/reedkenny/Desktop/Urban_tree_fire/landscape_analysis/tmp_data/palisades_crowns_unburned_polys_v2.shp"       -b "/Users/reedkenny/OneDrive - Cal Poly/data/Buildings/LARIAC6_Buildings_2020_palisades.shp"       -f "palisades"       -s "/Users/reedkenny/OneDrive - Cal Poly/data/town_polygons/palisades_unburned_bound.shp"       -l "unburned"       -o "/Users/reedkenny/Desktop/Urban_tree_fire/landscape_analysis/tmp_data/palisades_unburned_tree_crowns_final.shp"
    
Waiting for more resources.
Select jobs to execute...
[Mon Aug 25 15:37:39 2025]
Finished jobid: 34 (Rule: tree_crowns_final)
3 of 36 steps (8%) done
Execute 1 jobs...
[Mon Aug 25 15:37:39 2025]
localrule calc_build_prox:
    input: /Users/reedkenny/Desktop/Urban_tree_fire/landscape_analysis/tmp_data/palisades_unburned_fprints.shp, /Users/reedkenny/Desktop/Urban_tree_fire/landscape_analysis/tmp_data/palisades_unburned_tree_crowns_final.shp
    output: /Users/reedkenny/Desktop/Urban_tree_fire/landscape_analysis/tmp_data/palisades_unburned_build_prox.shp
    jobid: 37
    reason: Input files updated by another job: /Users/reedkenny/Desktop/Urban_tree_fire/landscape_analysis/tmp_data/palisades_unburned_tree_crowns_final.shp
    wildcards: fire=palisades, status=unburned
    resources: tmpdir=/var/folders/d9/q3jcgtz51hvckdj8hrvdb38h0000gn/T
Shell command: ./pipeline_scripts/calc_building_proximity_metrics.R -t /Users/reedkenny/Desktop/Urban_tree_fire/landscape_analysis/tmp_data/palisades_unburned_tree_crowns_final.shp -b /Users/reedkenny/Desktop/Urban_tree_fire/landscape_analysis/tmp_data/palisades_unburned_fprints.shp -o /Users/reedkenny/Desktop/Urban_tree_fire/landscape_analysis/tmp_data/palisades_unburned_build_prox.shp
Waiting for more resources.
Select jobs to execute...
[Mon Aug 25 15:39:35 2025]
Finished jobid: 37 (Rule: calc_build_prox)
4 of 36 steps (11%) done
Execute 1 jobs...
[Mon Aug 25 15:39:35 2025]
localrule calc_tree_prox:
    input: /Users/reedkenny/Desktop/Urban_tree_fire/landscape_analysis/tmp_data/palisades_unburned_fprints.shp, /Users/reedkenny/Desktop/Urban_tree_fire/landscape_analysis/tmp_data/palisades_unburned_tree_crowns_final.shp
    output: /Users/reedkenny/Desktop/Urban_tree_fire/landscape_analysis/tmp_data/palisades_unburned_tree_prox.shp
    jobid: 36
    reason: Input files updated by another job: /Users/reedkenny/Desktop/Urban_tree_fire/landscape_analysis/tmp_data/palisades_unburned_tree_crowns_final.shp
    wildcards: fire=palisades, status=unburned
    resources: tmpdir=/var/folders/d9/q3jcgtz51hvckdj8hrvdb38h0000gn/T
Shell command: ./pipeline_scripts/calc_tree_proximity_metrics.R -t /Users/reedkenny/Desktop/Urban_tree_fire/landscape_analysis/tmp_data/palisades_unburned_tree_crowns_final.shp -b /Users/reedkenny/Desktop/Urban_tree_fire/landscape_analysis/tmp_data/palisades_unburned_fprints.shp -o /Users/reedkenny/Desktop/Urban_tree_fire/landscape_analysis/tmp_data/palisades_unburned_tree_prox.shp
Waiting for more resources.
Select jobs to execute...
[Mon Aug 25 15:44:37 2025]
Finished jobid: 36 (Rule: calc_tree_prox)
5 of 36 steps (14%) done
Execute 1 jobs...
[Mon Aug 25 15:44:37 2025]
localrule calc_build_vols:
    input: /Users/reedkenny/Desktop/Urban_tree_fire/landscape_analysis/tmp_data/eaton_burned_fprints.shp, /Users/reedkenny/OneDrive - Cal Poly/data/LiDAR/eaton/Registered_DEMS/eaton_prefire_CHM_burned_reg.tif
    output: /Users/reedkenny/Desktop/Urban_tree_fire/landscape_analysis/tmp_data/eaton_burned_build_vols.shp
    jobid: 6
    reason: Updated input files: /Users/reedkenny/OneDrive - Cal Poly/data/LiDAR/eaton/Registered_DEMS/eaton_prefire_CHM_burned_reg.tif
    wildcards: fire=eaton, status=burned
    resources: tmpdir=/var/folders/d9/q3jcgtz51hvckdj8hrvdb38h0000gn/T
Shell command: 
    ./"pipeline_scripts"/Calc_build_vols.R -b "/Users/reedkenny/Desktop/Urban_tree_fire/landscape_analysis/tmp_data/eaton_burned_fprints.shp" -c "/Users/reedkenny/OneDrive - Cal Poly/data/LiDAR/eaton/Registered_DEMS/eaton_prefire_CHM_burned_reg.tif" -o "/Users/reedkenny/Desktop/Urban_tree_fire/landscape_analysis/tmp_data/eaton_burned_build_vols.shp"
    
Waiting for more resources.
Select jobs to execute...
[Mon Aug 25 17:13:15 2025]
Finished jobid: 6 (Rule: calc_build_vols)
6 of 36 steps (17%) done
Execute 1 jobs...
[Mon Aug 25 17:13:15 2025]
localrule tree_crowns_final:
    input: /Users/reedkenny/Desktop/Urban_tree_fire/landscape_analysis/tmp_data/palisades_crowns_burned_polys_v2.shp, /Users/reedkenny/OneDrive - Cal Poly/data/Buildings/LARIAC6_Buildings_2020_palisades.shp, /Users/reedkenny/OneDrive - Cal Poly/data/town_polygons/palisades_burned_bound.shp
    output: /Users/reedkenny/Desktop/Urban_tree_fire/landscape_analysis/tmp_data/palisades_burned_tree_crowns_final.shp
    jobid: 25
    reason: Input files updated by another job: /Users/reedkenny/Desktop/Urban_tree_fire/landscape_analysis/tmp_data/palisades_crowns_burned_polys_v2.shp
    wildcards: fire=palisades, status=burned
    resources: tmpdir=/var/folders/d9/q3jcgtz51hvckdj8hrvdb38h0000gn/T
Shell command: 
    ./pipeline_scripts/CLI_create_tree_crowns_final_datasets.R       -t "/Users/reedkenny/Desktop/Urban_tree_fire/landscape_analysis/tmp_data/palisades_crowns_burned_polys_v2.shp"       -b "/Users/reedkenny/OneDrive - Cal Poly/data/Buildings/LARIAC6_Buildings_2020_palisades.shp"       -f "palisades"       -s "/Users/reedkenny/OneDrive - Cal Poly/data/town_polygons/palisades_burned_bound.shp"       -l "burned"       -o "/Users/reedkenny/Desktop/Urban_tree_fire/landscape_analysis/tmp_data/palisades_burned_tree_crowns_final.shp"
    
Waiting for more resources.
Select jobs to execute...
[Mon Aug 25 21:21:41 2025]
Finished jobid: 25 (Rule: tree_crowns_final)
7 of 36 steps (19%) done
Execute 1 jobs...
[Mon Aug 25 21:21:41 2025]
localrule extract_diffs:
    input: /Users/reedkenny/Desktop/Urban_tree_fire/landscape_analysis/tmp_data/palisades_unburned_tree_crowns_final.shp, /Users/reedkenny/Desktop/Urban_tree_fire/landscape_analysis/tmp_data/palisades_unburned_ndvi_diff.tif
    output: /Users/reedkenny/Desktop/Urban_tree_fire/landscape_analysis/tmp_data/palisades_unburned_tree_crowns_final_ndvi_diff.shp
    jobid: 40
    reason: Input files updated by another job: /Users/reedkenny/Desktop/Urban_tree_fire/landscape_analysis/tmp_data/palisades_unburned_tree_crowns_final.shp
    wildcards: fire=palisades, status=unburned, type=ndvi
    resources: tmpdir=/var/folders/d9/q3jcgtz51hvckdj8hrvdb38h0000gn/T
Shell command: ./pipeline_scripts/extract_diffs.R -t /Users/reedkenny/Desktop/Urban_tree_fire/landscape_analysis/tmp_data/palisades_unburned_tree_crowns_final.shp -r /Users/reedkenny/Desktop/Urban_tree_fire/landscape_analysis/tmp_data/palisades_unburned_ndvi_diff.tif -o /Users/reedkenny/Desktop/Urban_tree_fire/landscape_analysis/tmp_data/palisades_unburned_tree_crowns_final_ndvi_diff.shp
Waiting for more resources.
Select jobs to execute...
[Mon Aug 25 21:21:49 2025]
Finished jobid: 40 (Rule: extract_diffs)
8 of 36 steps (22%) done
Execute 1 jobs...
[Mon Aug 25 21:21:49 2025]
localrule calc_build_prox:
    input: /Users/reedkenny/Desktop/Urban_tree_fire/landscape_analysis/tmp_data/palisades_burned_fprints.shp, /Users/reedkenny/Desktop/Urban_tree_fire/landscape_analysis/tmp_data/palisades_burned_tree_crowns_final.shp
    output: /Users/reedkenny/Desktop/Urban_tree_fire/landscape_analysis/tmp_data/palisades_burned_build_prox.shp
    jobid: 28
    reason: Input files updated by another job: /Users/reedkenny/Desktop/Urban_tree_fire/landscape_analysis/tmp_data/palisades_burned_tree_crowns_final.shp
    wildcards: fire=palisades, status=burned
    resources: tmpdir=/var/folders/d9/q3jcgtz51hvckdj8hrvdb38h0000gn/T
Shell command: ./pipeline_scripts/calc_building_proximity_metrics.R -t /Users/reedkenny/Desktop/Urban_tree_fire/landscape_analysis/tmp_data/palisades_burned_tree_crowns_final.shp -b /Users/reedkenny/Desktop/Urban_tree_fire/landscape_analysis/tmp_data/palisades_burned_fprints.shp -o /Users/reedkenny/Desktop/Urban_tree_fire/landscape_analysis/tmp_data/palisades_burned_build_prox.shp
Waiting for more resources.
Select jobs to execute...
[Mon Aug 25 21:24:39 2025]
Finished jobid: 28 (Rule: calc_build_prox)
9 of 36 steps (25%) done
Execute 1 jobs...
[Mon Aug 25 21:24:39 2025]
localrule calc_tree_prox:
    input: /Users/reedkenny/Desktop/Urban_tree_fire/landscape_analysis/tmp_data/palisades_burned_fprints.shp, /Users/reedkenny/Desktop/Urban_tree_fire/landscape_analysis/tmp_data/palisades_burned_tree_crowns_final.shp
    output: /Users/reedkenny/Desktop/Urban_tree_fire/landscape_analysis/tmp_data/palisades_burned_tree_prox.shp
    jobid: 27
    reason: Input files updated by another job: /Users/reedkenny/Desktop/Urban_tree_fire/landscape_analysis/tmp_data/palisades_burned_tree_crowns_final.shp
    wildcards: fire=palisades, status=burned
    resources: tmpdir=/var/folders/d9/q3jcgtz51hvckdj8hrvdb38h0000gn/T
Shell command: ./pipeline_scripts/calc_tree_proximity_metrics.R -t /Users/reedkenny/Desktop/Urban_tree_fire/landscape_analysis/tmp_data/palisades_burned_tree_crowns_final.shp -b /Users/reedkenny/Desktop/Urban_tree_fire/landscape_analysis/tmp_data/palisades_burned_fprints.shp -o /Users/reedkenny/Desktop/Urban_tree_fire/landscape_analysis/tmp_data/palisades_burned_tree_prox.shp
Waiting for more resources.
Select jobs to execute...
[Mon Aug 25 21:37:36 2025]
Finished jobid: 27 (Rule: calc_tree_prox)
10 of 36 steps (28%) done
Execute 1 jobs...
[Mon Aug 25 21:37:36 2025]
localrule tree_crowns_final:
    input: /Users/reedkenny/Desktop/Urban_tree_fire/landscape_analysis/tmp_data/eaton_crowns_unburned_polys_v2.shp, /Users/reedkenny/OneDrive - Cal Poly/data/Buildings/LARIAC6_Buildings_2020_eaton.shp, /Users/reedkenny/OneDrive - Cal Poly/data/town_polygons/eaton_unburned_bound.shp
    output: /Users/reedkenny/Desktop/Urban_tree_fire/landscape_analysis/tmp_data/eaton_unburned_tree_crowns_final.shp
    jobid: 15
    reason: Input files updated by another job: /Users/reedkenny/Desktop/Urban_tree_fire/landscape_analysis/tmp_data/eaton_crowns_unburned_polys_v2.shp
    wildcards: fire=eaton, status=unburned
    resources: tmpdir=/var/folders/d9/q3jcgtz51hvckdj8hrvdb38h0000gn/T
Shell command: 
    ./pipeline_scripts/CLI_create_tree_crowns_final_datasets.R       -t "/Users/reedkenny/Desktop/Urban_tree_fire/landscape_analysis/tmp_data/eaton_crowns_unburned_polys_v2.shp"       -b "/Users/reedkenny/OneDrive - Cal Poly/data/Buildings/LARIAC6_Buildings_2020_eaton.shp"       -f "eaton"       -s "/Users/reedkenny/OneDrive - Cal Poly/data/town_polygons/eaton_unburned_bound.shp"       -l "unburned"       -o "/Users/reedkenny/Desktop/Urban_tree_fire/landscape_analysis/tmp_data/eaton_unburned_tree_crowns_final.shp"
    
Waiting for more resources.
Select jobs to execute...
[Mon Aug 25 22:58:02 2025]
Finished jobid: 15 (Rule: tree_crowns_final)
11 of 36 steps (31%) done
Execute 1 jobs...
[Mon Aug 25 22:58:02 2025]
localrule calc_build_prox:
    input: /Users/reedkenny/Desktop/Urban_tree_fire/landscape_analysis/tmp_data/eaton_unburned_fprints.shp, /Users/reedkenny/Desktop/Urban_tree_fire/landscape_analysis/tmp_data/eaton_unburned_tree_crowns_final.shp
    output: /Users/reedkenny/Desktop/Urban_tree_fire/landscape_analysis/tmp_data/eaton_unburned_build_prox.shp
    jobid: 18
    reason: Input files updated by another job: /Users/reedkenny/Desktop/Urban_tree_fire/landscape_analysis/tmp_data/eaton_unburned_tree_crowns_final.shp
    wildcards: fire=eaton, status=unburned
    resources: tmpdir=/var/folders/d9/q3jcgtz51hvckdj8hrvdb38h0000gn/T
Shell command: ./pipeline_scripts/calc_building_proximity_metrics.R -t /Users/reedkenny/Desktop/Urban_tree_fire/landscape_analysis/tmp_data/eaton_unburned_tree_crowns_final.shp -b /Users/reedkenny/Desktop/Urban_tree_fire/landscape_analysis/tmp_data/eaton_unburned_fprints.shp -o /Users/reedkenny/Desktop/Urban_tree_fire/landscape_analysis/tmp_data/eaton_unburned_build_prox.shp
Waiting for more resources.
Select jobs to execute...
[Mon Aug 25 23:14:15 2025]
Finished jobid: 18 (Rule: calc_build_prox)
12 of 36 steps (33%) done
Execute 1 jobs...
[Mon Aug 25 23:14:15 2025]
localrule extract_kds:
    input: /Users/reedkenny/Desktop/Urban_tree_fire/landscape_analysis/tmp_data/eaton_unburned_tree_crowns_final.shp, /Users/reedkenny/Desktop/Urban_tree_fire/landscape_analysis/tmp_data/eaton_unburned_fprints.shp
    output: /Users/reedkenny/Desktop/Urban_tree_fire/landscape_analysis/tmp_data/eaton_unburned_tree_density.shp, /Users/reedkenny/Desktop/Urban_tree_fire/landscape_analysis/tmp_data/eaton_unburned_build_density.shp
    jobid: 14
    reason: Input files updated by another job: /Users/reedkenny/Desktop/Urban_tree_fire/landscape_analysis/tmp_data/eaton_unburned_tree_crowns_final.shp
    wildcards: fire=eaton, status=unburned
    resources: tmpdir=/var/folders/d9/q3jcgtz51hvckdj8hrvdb38h0000gn/T
Shell command: ./pipeline_scripts/Extract_kernel_densities.R -t /Users/reedkenny/Desktop/Urban_tree_fire/landscape_analysis/tmp_data/eaton_unburned_tree_crowns_final.shp -b /Users/reedkenny/Desktop/Urban_tree_fire/landscape_analysis/tmp_data/eaton_unburned_fprints.shp -T /Users/reedkenny/Desktop/Urban_tree_fire/landscape_analysis/tmp_data/eaton_unburned_tree_density.shp -B /Users/reedkenny/Desktop/Urban_tree_fire/landscape_analysis/tmp_data/eaton_unburned_build_density.shp
Waiting for more resources.
Select jobs to execute...
[Mon Aug 25 23:14:30 2025]
Finished jobid: 14 (Rule: extract_kds)
13 of 36 steps (36%) done
Execute 1 jobs...
[Mon Aug 25 23:14:30 2025]
localrule extract_diffs:
    input: /Users/reedkenny/Desktop/Urban_tree_fire/landscape_analysis/tmp_data/eaton_unburned_tree_crowns_final.shp, /Users/reedkenny/Desktop/Urban_tree_fire/landscape_analysis/tmp_data/eaton_unburned_chm_diff.tif
    output: /Users/reedkenny/Desktop/Urban_tree_fire/landscape_analysis/tmp_data/eaton_unburned_tree_crowns_final_chm_diff.shp
    jobid: 19
    reason: Input files updated by another job: /Users/reedkenny/Desktop/Urban_tree_fire/landscape_analysis/tmp_data/eaton_unburned_tree_crowns_final.shp
    wildcards: fire=eaton, status=unburned, type=chm
    resources: tmpdir=/var/folders/d9/q3jcgtz51hvckdj8hrvdb38h0000gn/T
Shell command: ./pipeline_scripts/extract_diffs.R -t /Users/reedkenny/Desktop/Urban_tree_fire/landscape_analysis/tmp_data/eaton_unburned_tree_crowns_final.shp -r /Users/reedkenny/Desktop/Urban_tree_fire/landscape_analysis/tmp_data/eaton_unburned_chm_diff.tif -o /Users/reedkenny/Desktop/Urban_tree_fire/landscape_analysis/tmp_data/eaton_unburned_tree_crowns_final_chm_diff.shp
Waiting for more resources.
Select jobs to execute...
[Mon Aug 25 23:14:54 2025]
Finished jobid: 19 (Rule: extract_diffs)
14 of 36 steps (39%) done
Execute 1 jobs...
[Mon Aug 25 23:14:54 2025]
localrule calc_build_vols:
    input: /Users/reedkenny/Desktop/Urban_tree_fire/landscape_analysis/tmp_data/palisades_unburned_fprints.shp, /Users/reedkenny/OneDrive - Cal Poly/data/LiDAR/palisades/Registered_DEMS/palisades_prefire_CHM_unburned_reg.tif
    output: /Users/reedkenny/Desktop/Urban_tree_fire/landscape_analysis/tmp_data/palisades_unburned_build_vols.shp
    jobid: 35
    reason: Updated input files: /Users/reedkenny/OneDrive - Cal Poly/data/LiDAR/palisades/Registered_DEMS/palisades_prefire_CHM_unburned_reg.tif
    wildcards: fire=palisades, status=unburned
    resources: tmpdir=/var/folders/d9/q3jcgtz51hvckdj8hrvdb38h0000gn/T
Shell command: 
    ./"pipeline_scripts"/Calc_build_vols.R -b "/Users/reedkenny/Desktop/Urban_tree_fire/landscape_analysis/tmp_data/palisades_unburned_fprints.shp" -c "/Users/reedkenny/OneDrive - Cal Poly/data/LiDAR/palisades/Registered_DEMS/palisades_prefire_CHM_unburned_reg.tif" -o "/Users/reedkenny/Desktop/Urban_tree_fire/landscape_analysis/tmp_data/palisades_unburned_build_vols.shp"
    
Waiting for more resources.
Select jobs to execute...
[Mon Aug 25 23:55:18 2025]
Finished jobid: 35 (Rule: calc_build_vols)
15 of 36 steps (42%) done
Execute 1 jobs...
[Mon Aug 25 23:55:18 2025]
localrule extract_diffs:
    input: /Users/reedkenny/Desktop/Urban_tree_fire/landscape_analysis/tmp_data/palisades_burned_tree_crowns_final.shp, /Users/reedkenny/Desktop/Urban_tree_fire/landscape_analysis/tmp_data/palisades_burned_ndvi_diff.tif
    output: /Users/reedkenny/Desktop/Urban_tree_fire/landscape_analysis/tmp_data/palisades_burned_tree_crowns_final_ndvi_diff.shp
    jobid: 31
    reason: Input files updated by another job: /Users/reedkenny/Desktop/Urban_tree_fire/landscape_analysis/tmp_data/palisades_burned_tree_crowns_final.shp
    wildcards: fire=palisades, status=burned, type=ndvi
    resources: tmpdir=/var/folders/d9/q3jcgtz51hvckdj8hrvdb38h0000gn/T
Shell command: ./pipeline_scripts/extract_diffs.R -t /Users/reedkenny/Desktop/Urban_tree_fire/landscape_analysis/tmp_data/palisades_burned_tree_crowns_final.shp -r /Users/reedkenny/Desktop/Urban_tree_fire/landscape_analysis/tmp_data/palisades_burned_ndvi_diff.tif -o /Users/reedkenny/Desktop/Urban_tree_fire/landscape_analysis/tmp_data/palisades_burned_tree_crowns_final_ndvi_diff.shp
Waiting for more resources.
Select jobs to execute...
[Mon Aug 25 23:55:34 2025]
Finished jobid: 31 (Rule: extract_diffs)
16 of 36 steps (44%) done
Execute 1 jobs...
[Mon Aug 25 23:55:34 2025]
localrule extract_diffs:
    input: /Users/reedkenny/Desktop/Urban_tree_fire/landscape_analysis/tmp_data/palisades_unburned_tree_crowns_final.shp, /Users/reedkenny/Desktop/Urban_tree_fire/landscape_analysis/tmp_data/palisades_unburned_chm_diff.tif
    output: /Users/reedkenny/Desktop/Urban_tree_fire/landscape_analysis/tmp_data/palisades_unburned_tree_crowns_final_chm_diff.shp
    jobid: 38
    reason: Input files updated by another job: /Users/reedkenny/Desktop/Urban_tree_fire/landscape_analysis/tmp_data/palisades_unburned_tree_crowns_final.shp
    wildcards: fire=palisades, status=unburned, type=chm
    resources: tmpdir=/var/folders/d9/q3jcgtz51hvckdj8hrvdb38h0000gn/T
Shell command: ./pipeline_scripts/extract_diffs.R -t /Users/reedkenny/Desktop/Urban_tree_fire/landscape_analysis/tmp_data/palisades_unburned_tree_crowns_final.shp -r /Users/reedkenny/Desktop/Urban_tree_fire/landscape_analysis/tmp_data/palisades_unburned_chm_diff.tif -o /Users/reedkenny/Desktop/Urban_tree_fire/landscape_analysis/tmp_data/palisades_unburned_tree_crowns_final_chm_diff.shp
Waiting for more resources.
Select jobs to execute...
[Mon Aug 25 23:56:22 2025]
Finished jobid: 38 (Rule: extract_diffs)
17 of 36 steps (47%) done
Execute 1 jobs...
[Mon Aug 25 23:56:22 2025]
localrule calc_tree_prox:
    input: /Users/reedkenny/Desktop/Urban_tree_fire/landscape_analysis/tmp_data/eaton_unburned_fprints.shp, /Users/reedkenny/Desktop/Urban_tree_fire/landscape_analysis/tmp_data/eaton_unburned_tree_crowns_final.shp
    output: /Users/reedkenny/Desktop/Urban_tree_fire/landscape_analysis/tmp_data/eaton_unburned_tree_prox.shp
    jobid: 17
    reason: Input files updated by another job: /Users/reedkenny/Desktop/Urban_tree_fire/landscape_analysis/tmp_data/eaton_unburned_tree_crowns_final.shp
    wildcards: fire=eaton, status=unburned
    resources: tmpdir=/var/folders/d9/q3jcgtz51hvckdj8hrvdb38h0000gn/T
Shell command: ./pipeline_scripts/calc_tree_proximity_metrics.R -t /Users/reedkenny/Desktop/Urban_tree_fire/landscape_analysis/tmp_data/eaton_unburned_tree_crowns_final.shp -b /Users/reedkenny/Desktop/Urban_tree_fire/landscape_analysis/tmp_data/eaton_unburned_fprints.shp -o /Users/reedkenny/Desktop/Urban_tree_fire/landscape_analysis/tmp_data/eaton_unburned_tree_prox.shp
Waiting for more resources.
Select jobs to execute...
[Tue Aug 26 00:08:46 2025]
Finished jobid: 17 (Rule: calc_tree_prox)
18 of 36 steps (50%) done
Execute 1 jobs...
[Tue Aug 26 00:08:46 2025]
localrule extract_kds:
    input: /Users/reedkenny/Desktop/Urban_tree_fire/landscape_analysis/tmp_data/palisades_unburned_tree_crowns_final.shp, /Users/reedkenny/Desktop/Urban_tree_fire/landscape_analysis/tmp_data/palisades_unburned_fprints.shp
    output: /Users/reedkenny/Desktop/Urban_tree_fire/landscape_analysis/tmp_data/palisades_unburned_tree_density.shp, /Users/reedkenny/Desktop/Urban_tree_fire/landscape_analysis/tmp_data/palisades_unburned_build_density.shp
    jobid: 33
    reason: Input files updated by another job: /Users/reedkenny/Desktop/Urban_tree_fire/landscape_analysis/tmp_data/palisades_unburned_tree_crowns_final.shp
    wildcards: fire=palisades, status=unburned
    resources: tmpdir=/var/folders/d9/q3jcgtz51hvckdj8hrvdb38h0000gn/T
Shell command: ./pipeline_scripts/Extract_kernel_densities.R -t /Users/reedkenny/Desktop/Urban_tree_fire/landscape_analysis/tmp_data/palisades_unburned_tree_crowns_final.shp -b /Users/reedkenny/Desktop/Urban_tree_fire/landscape_analysis/tmp_data/palisades_unburned_fprints.shp -T /Users/reedkenny/Desktop/Urban_tree_fire/landscape_analysis/tmp_data/palisades_unburned_tree_density.shp -B /Users/reedkenny/Desktop/Urban_tree_fire/landscape_analysis/tmp_data/palisades_unburned_build_density.shp
Waiting for more resources.
Select jobs to execute...
[Tue Aug 26 00:08:53 2025]
Finished jobid: 33 (Rule: extract_kds)
19 of 36 steps (53%) done
Execute 1 jobs...
[Tue Aug 26 00:08:53 2025]
localrule extract_diffs:
    input: /Users/reedkenny/Desktop/Urban_tree_fire/landscape_analysis/tmp_data/eaton_unburned_tree_crowns_final.shp, /Users/reedkenny/Desktop/Urban_tree_fire/landscape_analysis/tmp_data/eaton_unburned_ndvi_diff.tif
    output: /Users/reedkenny/Desktop/Urban_tree_fire/landscape_analysis/tmp_data/eaton_unburned_tree_crowns_final_ndvi_diff.shp
    jobid: 21
    reason: Input files updated by another job: /Users/reedkenny/Desktop/Urban_tree_fire/landscape_analysis/tmp_data/eaton_unburned_tree_crowns_final.shp
    wildcards: fire=eaton, status=unburned, type=ndvi
    resources: tmpdir=/var/folders/d9/q3jcgtz51hvckdj8hrvdb38h0000gn/T
Shell command: ./pipeline_scripts/extract_diffs.R -t /Users/reedkenny/Desktop/Urban_tree_fire/landscape_analysis/tmp_data/eaton_unburned_tree_crowns_final.shp -r /Users/reedkenny/Desktop/Urban_tree_fire/landscape_analysis/tmp_data/eaton_unburned_ndvi_diff.tif -o /Users/reedkenny/Desktop/Urban_tree_fire/landscape_analysis/tmp_data/eaton_unburned_tree_crowns_final_ndvi_diff.shp
Waiting for more resources.
Select jobs to execute...
[Tue Aug 26 00:09:02 2025]
Finished jobid: 21 (Rule: extract_diffs)
20 of 36 steps (56%) done
Execute 1 jobs...
[Tue Aug 26 00:09:02 2025]
localrule extract_diffs:
    input: /Users/reedkenny/Desktop/Urban_tree_fire/landscape_analysis/tmp_data/palisades_burned_tree_crowns_final.shp, /Users/reedkenny/Desktop/Urban_tree_fire/landscape_analysis/tmp_data/palisades_burned_chm_diff.tif
    output: /Users/reedkenny/Desktop/Urban_tree_fire/landscape_analysis/tmp_data/palisades_burned_tree_crowns_final_chm_diff.shp
    jobid: 29
    reason: Input files updated by another job: /Users/reedkenny/Desktop/Urban_tree_fire/landscape_analysis/tmp_data/palisades_burned_tree_crowns_final.shp
    wildcards: fire=palisades, status=burned, type=chm
    resources: tmpdir=/var/folders/d9/q3jcgtz51hvckdj8hrvdb38h0000gn/T
Shell command: ./pipeline_scripts/extract_diffs.R -t /Users/reedkenny/Desktop/Urban_tree_fire/landscape_analysis/tmp_data/palisades_burned_tree_crowns_final.shp -r /Users/reedkenny/Desktop/Urban_tree_fire/landscape_analysis/tmp_data/palisades_burned_chm_diff.tif -o /Users/reedkenny/Desktop/Urban_tree_fire/landscape_analysis/tmp_data/palisades_burned_tree_crowns_final_chm_diff.shp
Waiting for more resources.
Select jobs to execute...
[Tue Aug 26 00:11:51 2025]
Finished jobid: 29 (Rule: extract_diffs)
21 of 36 steps (58%) done
Execute 1 jobs...
[Tue Aug 26 00:11:51 2025]
localrule gen_model_inputs:
    input: /Users/reedkenny/Desktop/Urban_tree_fire/landscape_analysis/tmp_data/palisades_unburned_build_density.shp, /Users/reedkenny/Desktop/Urban_tree_fire/landscape_analysis/tmp_data/palisades_unburned_tree_density.shp, /Users/reedkenny/Desktop/Urban_tree_fire/landscape_analysis/tmp_data/palisades_unburned_build_vols.shp, /Users/reedkenny/Desktop/Urban_tree_fire/landscape_analysis/tmp_data/palisades_unburned_tree_prox.shp, /Users/reedkenny/Desktop/Urban_tree_fire/landscape_analysis/tmp_data/palisades_unburned_build_prox.shp, /Users/reedkenny/Desktop/Urban_tree_fire/landscape_analysis/tmp_data/palisades_unburned_tree_crowns_final_chm_diff.shp, /Users/reedkenny/Desktop/Urban_tree_fire/landscape_analysis/tmp_data/palisades_unburned_tree_crowns_final_ndvi_diff.shp
    output: /Users/reedkenny/Desktop/Urban_tree_fire/landscape_analysis/model_inputs/palisades_unburned_trees_model_inputs.csv
    jobid: 32
    reason: Input files updated by another job: /Users/reedkenny/Desktop/Urban_tree_fire/landscape_analysis/tmp_data/palisades_unburned_build_density.shp, /Users/reedkenny/Desktop/Urban_tree_fire/landscape_analysis/tmp_data/palisades_unburned_build_prox.shp, /Users/reedkenny/Desktop/Urban_tree_fire/landscape_analysis/tmp_data/palisades_unburned_tree_density.shp, /Users/reedkenny/Desktop/Urban_tree_fire/landscape_analysis/tmp_data/palisades_unburned_tree_crowns_final_ndvi_diff.shp, /Users/reedkenny/Desktop/Urban_tree_fire/landscape_analysis/tmp_data/palisades_unburned_tree_crowns_final_chm_diff.shp, /Users/reedkenny/Desktop/Urban_tree_fire/landscape_analysis/tmp_data/palisades_unburned_tree_prox.shp, /Users/reedkenny/Desktop/Urban_tree_fire/landscape_analysis/tmp_data/palisades_unburned_build_vols.shp
    wildcards: fire=palisades, status=unburned, comp=trees
    resources: tmpdir=/var/folders/d9/q3jcgtz51hvckdj8hrvdb38h0000gn/T
Shell command: ./pipeline_scripts/generate_model_inputs.R --status unburned --comp trees --build_density /Users/reedkenny/Desktop/Urban_tree_fire/landscape_analysis/tmp_data/palisades_unburned_build_density.shp --tree_density /Users/reedkenny/Desktop/Urban_tree_fire/landscape_analysis/tmp_data/palisades_unburned_tree_density.shp --buildings_vols /Users/reedkenny/Desktop/Urban_tree_fire/landscape_analysis/tmp_data/palisades_unburned_build_vols.shp --tree_prox /Users/reedkenny/Desktop/Urban_tree_fire/landscape_analysis/tmp_data/palisades_unburned_tree_prox.shp --buildings_prox /Users/reedkenny/Desktop/Urban_tree_fire/landscape_analysis/tmp_data/palisades_unburned_build_prox.shp --chm_diff /Users/reedkenny/Desktop/Urban_tree_fire/landscape_analysis/tmp_data/palisades_unburned_tree_crowns_final_chm_diff.shp --ndvi_diff /Users/reedkenny/Desktop/Urban_tree_fire/landscape_analysis/tmp_data/palisades_unburned_tree_crowns_final_ndvi_diff.shp --output /Users/reedkenny/Desktop/Urban_tree_fire/landscape_analysis/model_inputs/palisades_unburned_trees_model_inputs.csv
Waiting for more resources.
Select jobs to execute...
[Tue Aug 26 00:11:53 2025]
Finished jobid: 32 (Rule: gen_model_inputs)
22 of 36 steps (61%) done
Execute 1 jobs...
[Tue Aug 26 00:11:53 2025]
localrule extract_kds:
    input: /Users/reedkenny/Desktop/Urban_tree_fire/landscape_analysis/tmp_data/palisades_burned_tree_crowns_final.shp, /Users/reedkenny/Desktop/Urban_tree_fire/landscape_analysis/tmp_data/palisades_burned_fprints.shp
    output: /Users/reedkenny/Desktop/Urban_tree_fire/landscape_analysis/tmp_data/palisades_burned_tree_density.shp, /Users/reedkenny/Desktop/Urban_tree_fire/landscape_analysis/tmp_data/palisades_burned_build_density.shp
    jobid: 24
    reason: Input files updated by another job: /Users/reedkenny/Desktop/Urban_tree_fire/landscape_analysis/tmp_data/palisades_burned_tree_crowns_final.shp
    wildcards: fire=palisades, status=burned
    resources: tmpdir=/var/folders/d9/q3jcgtz51hvckdj8hrvdb38h0000gn/T
Shell command: ./pipeline_scripts/Extract_kernel_densities.R -t /Users/reedkenny/Desktop/Urban_tree_fire/landscape_analysis/tmp_data/palisades_burned_tree_crowns_final.shp -b /Users/reedkenny/Desktop/Urban_tree_fire/landscape_analysis/tmp_data/palisades_burned_fprints.shp -T /Users/reedkenny/Desktop/Urban_tree_fire/landscape_analysis/tmp_data/palisades_burned_tree_density.shp -B /Users/reedkenny/Desktop/Urban_tree_fire/landscape_analysis/tmp_data/palisades_burned_build_density.shp
Waiting for more resources.
Select jobs to execute...
[Tue Aug 26 00:12:02 2025]
Finished jobid: 24 (Rule: extract_kds)
23 of 36 steps (64%) done
Execute 1 jobs...
[Tue Aug 26 00:12:02 2025]
localrule gen_model_inputs:
    input: /Users/reedkenny/Desktop/Urban_tree_fire/landscape_analysis/tmp_data/palisades_burned_build_density.shp, /Users/reedkenny/Desktop/Urban_tree_fire/landscape_analysis/tmp_data/palisades_burned_tree_density.shp, /Users/reedkenny/Desktop/Urban_tree_fire/landscape_analysis/tmp_data/palisades_burned_build_vols.shp, /Users/reedkenny/Desktop/Urban_tree_fire/landscape_analysis/tmp_data/palisades_burned_tree_prox.shp, /Users/reedkenny/Desktop/Urban_tree_fire/landscape_analysis/tmp_data/palisades_burned_build_prox.shp, /Users/reedkenny/Desktop/Urban_tree_fire/landscape_analysis/tmp_data/palisades_burned_tree_crowns_final_chm_diff.shp, /Users/reedkenny/Desktop/Urban_tree_fire/landscape_analysis/tmp_data/palisades_burned_tree_crowns_final_ndvi_diff.shp
    output: /Users/reedkenny/Desktop/Urban_tree_fire/landscape_analysis/model_inputs/palisades_burned_trees_model_inputs.csv
    jobid: 23
    reason: Input files updated by another job: /Users/reedkenny/Desktop/Urban_tree_fire/landscape_analysis/tmp_data/palisades_burned_build_prox.shp, /Users/reedkenny/Desktop/Urban_tree_fire/landscape_analysis/tmp_data/palisades_burned_build_vols.shp, /Users/reedkenny/Desktop/Urban_tree_fire/landscape_analysis/tmp_data/palisades_burned_tree_crowns_final_chm_diff.shp, /Users/reedkenny/Desktop/Urban_tree_fire/landscape_analysis/tmp_data/palisades_burned_tree_prox.shp, /Users/reedkenny/Desktop/Urban_tree_fire/landscape_analysis/tmp_data/palisades_burned_tree_crowns_final_ndvi_diff.shp, /Users/reedkenny/Desktop/Urban_tree_fire/landscape_analysis/tmp_data/palisades_burned_build_density.shp, /Users/reedkenny/Desktop/Urban_tree_fire/landscape_analysis/tmp_data/palisades_burned_tree_density.shp
    wildcards: fire=palisades, status=burned, comp=trees
    resources: tmpdir=/var/folders/d9/q3jcgtz51hvckdj8hrvdb38h0000gn/T
Shell command: ./pipeline_scripts/generate_model_inputs.R --status burned --comp trees --build_density /Users/reedkenny/Desktop/Urban_tree_fire/landscape_analysis/tmp_data/palisades_burned_build_density.shp --tree_density /Users/reedkenny/Desktop/Urban_tree_fire/landscape_analysis/tmp_data/palisades_burned_tree_density.shp --buildings_vols /Users/reedkenny/Desktop/Urban_tree_fire/landscape_analysis/tmp_data/palisades_burned_build_vols.shp --tree_prox /Users/reedkenny/Desktop/Urban_tree_fire/landscape_analysis/tmp_data/palisades_burned_tree_prox.shp --buildings_prox /Users/reedkenny/Desktop/Urban_tree_fire/landscape_analysis/tmp_data/palisades_burned_build_prox.shp --chm_diff /Users/reedkenny/Desktop/Urban_tree_fire/landscape_analysis/tmp_data/palisades_burned_tree_crowns_final_chm_diff.shp --ndvi_diff /Users/reedkenny/Desktop/Urban_tree_fire/landscape_analysis/tmp_data/palisades_burned_tree_crowns_final_ndvi_diff.shp --output /Users/reedkenny/Desktop/Urban_tree_fire/landscape_analysis/model_inputs/palisades_burned_trees_model_inputs.csv
Waiting for more resources.
Select jobs to execute...
[Tue Aug 26 00:12:04 2025]
Finished jobid: 23 (Rule: gen_model_inputs)
24 of 36 steps (67%) done
Execute 1 jobs...
[Tue Aug 26 00:12:04 2025]
localrule gen_model_inputs:
    input: /Users/reedkenny/Desktop/Urban_tree_fire/landscape_analysis/tmp_data/palisades_burned_build_density.shp, /Users/reedkenny/Desktop/Urban_tree_fire/landscape_analysis/tmp_data/palisades_burned_tree_density.shp, /Users/reedkenny/Desktop/Urban_tree_fire/landscape_analysis/tmp_data/palisades_burned_build_vols.shp, /Users/reedkenny/Desktop/Urban_tree_fire/landscape_analysis/tmp_data/palisades_burned_tree_prox.shp, /Users/reedkenny/Desktop/Urban_tree_fire/landscape_analysis/tmp_data/palisades_burned_build_prox.shp, /Users/reedkenny/Desktop/Urban_tree_fire/landscape_analysis/tmp_data/palisades_burned_tree_crowns_final_chm_diff.shp, /Users/reedkenny/Desktop/Urban_tree_fire/landscape_analysis/tmp_data/palisades_burned_tree_crowns_final_ndvi_diff.shp
    output: /Users/reedkenny/Desktop/Urban_tree_fire/landscape_analysis/model_inputs/palisades_burned_struc_model_inputs.csv
    jobid: 41
    reason: Input files updated by another job: /Users/reedkenny/Desktop/Urban_tree_fire/landscape_analysis/tmp_data/palisades_burned_build_prox.shp, /Users/reedkenny/Desktop/Urban_tree_fire/landscape_analysis/tmp_data/palisades_burned_build_vols.shp, /Users/reedkenny/Desktop/Urban_tree_fire/landscape_analysis/tmp_data/palisades_burned_tree_crowns_final_chm_diff.shp, /Users/reedkenny/Desktop/Urban_tree_fire/landscape_analysis/tmp_data/palisades_burned_tree_prox.shp, /Users/reedkenny/Desktop/Urban_tree_fire/landscape_analysis/tmp_data/palisades_burned_tree_crowns_final_ndvi_diff.shp, /Users/reedkenny/Desktop/Urban_tree_fire/landscape_analysis/tmp_data/palisades_burned_build_density.shp, /Users/reedkenny/Desktop/Urban_tree_fire/landscape_analysis/tmp_data/palisades_burned_tree_density.shp
    wildcards: fire=palisades, status=burned, comp=struc
    resources: tmpdir=/var/folders/d9/q3jcgtz51hvckdj8hrvdb38h0000gn/T
Shell command: ./pipeline_scripts/generate_model_inputs.R --status burned --comp struc --build_density /Users/reedkenny/Desktop/Urban_tree_fire/landscape_analysis/tmp_data/palisades_burned_build_density.shp --tree_density /Users/reedkenny/Desktop/Urban_tree_fire/landscape_analysis/tmp_data/palisades_burned_tree_density.shp --buildings_vols /Users/reedkenny/Desktop/Urban_tree_fire/landscape_analysis/tmp_data/palisades_burned_build_vols.shp --tree_prox /Users/reedkenny/Desktop/Urban_tree_fire/landscape_analysis/tmp_data/palisades_burned_tree_prox.shp --buildings_prox /Users/reedkenny/Desktop/Urban_tree_fire/landscape_analysis/tmp_data/palisades_burned_build_prox.shp --chm_diff /Users/reedkenny/Desktop/Urban_tree_fire/landscape_analysis/tmp_data/palisades_burned_tree_crowns_final_chm_diff.shp --ndvi_diff /Users/reedkenny/Desktop/Urban_tree_fire/landscape_analysis/tmp_data/palisades_burned_tree_crowns_final_ndvi_diff.shp --output /Users/reedkenny/Desktop/Urban_tree_fire/landscape_analysis/model_inputs/palisades_burned_struc_model_inputs.csv
Waiting for more resources.
Select jobs to execute...
[Tue Aug 26 00:12:05 2025]
Finished jobid: 41 (Rule: gen_model_inputs)
25 of 36 steps (69%) done
Execute 1 jobs...
[Tue Aug 26 00:12:05 2025]
localrule tree_crowns_final:
    input: /Users/reedkenny/Desktop/Urban_tree_fire/landscape_analysis/tmp_data/eaton_crowns_burned_polys_v2.shp, /Users/reedkenny/OneDrive - Cal Poly/data/Buildings/LARIAC6_Buildings_2020_eaton.shp, /Users/reedkenny/OneDrive - Cal Poly/data/town_polygons/eaton_burned_bound.shp
    output: /Users/reedkenny/Desktop/Urban_tree_fire/landscape_analysis/tmp_data/eaton_burned_tree_crowns_final.shp
    jobid: 3
    reason: Input files updated by another job: /Users/reedkenny/Desktop/Urban_tree_fire/landscape_analysis/tmp_data/eaton_crowns_burned_polys_v2.shp
    wildcards: fire=eaton, status=burned
    resources: tmpdir=/var/folders/d9/q3jcgtz51hvckdj8hrvdb38h0000gn/T
Shell command: 
    ./pipeline_scripts/CLI_create_tree_crowns_final_datasets.R       -t "/Users/reedkenny/Desktop/Urban_tree_fire/landscape_analysis/tmp_data/eaton_crowns_burned_polys_v2.shp"       -b "/Users/reedkenny/OneDrive - Cal Poly/data/Buildings/LARIAC6_Buildings_2020_eaton.shp"       -f "eaton"       -s "/Users/reedkenny/OneDrive - Cal Poly/data/town_polygons/eaton_burned_bound.shp"       -l "burned"       -o "/Users/reedkenny/Desktop/Urban_tree_fire/landscape_analysis/tmp_data/eaton_burned_tree_crowns_final.shp"
    
Waiting for more resources.
[Tue Aug 26 02:16:51 2025]
Finished jobid: 3 (Rule: tree_crowns_final)
26 of 36 steps (72%) done
Select jobs to execute...
Execute 1 jobs...
[Tue Aug 26 02:16:51 2025]
localrule calc_tree_prox:
    input: /Users/reedkenny/Desktop/Urban_tree_fire/landscape_analysis/tmp_data/eaton_burned_fprints.shp, /Users/reedkenny/Desktop/Urban_tree_fire/landscape_analysis/tmp_data/eaton_burned_tree_crowns_final.shp
    output: /Users/reedkenny/Desktop/Urban_tree_fire/landscape_analysis/tmp_data/eaton_burned_tree_prox.shp
    jobid: 7
    reason: Input files updated by another job: /Users/reedkenny/Desktop/Urban_tree_fire/landscape_analysis/tmp_data/eaton_burned_tree_crowns_final.shp
    wildcards: fire=eaton, status=burned
    resources: tmpdir=/var/folders/d9/q3jcgtz51hvckdj8hrvdb38h0000gn/T
Shell command: ./pipeline_scripts/calc_tree_proximity_metrics.R -t /Users/reedkenny/Desktop/Urban_tree_fire/landscape_analysis/tmp_data/eaton_burned_tree_crowns_final.shp -b /Users/reedkenny/Desktop/Urban_tree_fire/landscape_analysis/tmp_data/eaton_burned_fprints.shp -o /Users/reedkenny/Desktop/Urban_tree_fire/landscape_analysis/tmp_data/eaton_burned_tree_prox.shp
Waiting for more resources.
Select jobs to execute...
[Tue Aug 26 02:30:53 2025]
Finished jobid: 7 (Rule: calc_tree_prox)
27 of 36 steps (75%) done
Execute 1 jobs...
[Tue Aug 26 02:30:53 2025]
localrule extract_kds:
    input: /Users/reedkenny/Desktop/Urban_tree_fire/landscape_analysis/tmp_data/eaton_burned_tree_crowns_final.shp, /Users/reedkenny/Desktop/Urban_tree_fire/landscape_analysis/tmp_data/eaton_burned_fprints.shp
    output: /Users/reedkenny/Desktop/Urban_tree_fire/landscape_analysis/tmp_data/eaton_burned_tree_density.shp, /Users/reedkenny/Desktop/Urban_tree_fire/landscape_analysis/tmp_data/eaton_burned_build_density.shp
    jobid: 2
    reason: Input files updated by another job: /Users/reedkenny/Desktop/Urban_tree_fire/landscape_analysis/tmp_data/eaton_burned_tree_crowns_final.shp
    wildcards: fire=eaton, status=burned
    resources: tmpdir=/var/folders/d9/q3jcgtz51hvckdj8hrvdb38h0000gn/T
Shell command: ./pipeline_scripts/Extract_kernel_densities.R -t /Users/reedkenny/Desktop/Urban_tree_fire/landscape_analysis/tmp_data/eaton_burned_tree_crowns_final.shp -b /Users/reedkenny/Desktop/Urban_tree_fire/landscape_analysis/tmp_data/eaton_burned_fprints.shp -T /Users/reedkenny/Desktop/Urban_tree_fire/landscape_analysis/tmp_data/eaton_burned_tree_density.shp -B /Users/reedkenny/Desktop/Urban_tree_fire/landscape_analysis/tmp_data/eaton_burned_build_density.shp
Waiting for more resources.
Select jobs to execute...
[Tue Aug 26 02:31:05 2025]
Finished jobid: 2 (Rule: extract_kds)
28 of 36 steps (78%) done
Execute 1 jobs...
[Tue Aug 26 02:31:05 2025]
localrule calc_build_prox:
    input: /Users/reedkenny/Desktop/Urban_tree_fire/landscape_analysis/tmp_data/eaton_burned_fprints.shp, /Users/reedkenny/Desktop/Urban_tree_fire/landscape_analysis/tmp_data/eaton_burned_tree_crowns_final.shp
    output: /Users/reedkenny/Desktop/Urban_tree_fire/landscape_analysis/tmp_data/eaton_burned_build_prox.shp
    jobid: 8
    reason: Input files updated by another job: /Users/reedkenny/Desktop/Urban_tree_fire/landscape_analysis/tmp_data/eaton_burned_tree_crowns_final.shp
    wildcards: fire=eaton, status=burned
    resources: tmpdir=/var/folders/d9/q3jcgtz51hvckdj8hrvdb38h0000gn/T
Shell command: ./pipeline_scripts/calc_building_proximity_metrics.R -t /Users/reedkenny/Desktop/Urban_tree_fire/landscape_analysis/tmp_data/eaton_burned_tree_crowns_final.shp -b /Users/reedkenny/Desktop/Urban_tree_fire/landscape_analysis/tmp_data/eaton_burned_fprints.shp -o /Users/reedkenny/Desktop/Urban_tree_fire/landscape_analysis/tmp_data/eaton_burned_build_prox.shp
Waiting for more resources.
Select jobs to execute...
[Tue Aug 26 02:36:29 2025]
Finished jobid: 8 (Rule: calc_build_prox)
29 of 36 steps (81%) done
Execute 1 jobs...
[Tue Aug 26 02:36:29 2025]
localrule extract_diffs:
    input: /Users/reedkenny/Desktop/Urban_tree_fire/landscape_analysis/tmp_data/eaton_burned_tree_crowns_final.shp, /Users/reedkenny/Desktop/Urban_tree_fire/landscape_analysis/tmp_data/eaton_burned_ndvi_diff.tif
    output: /Users/reedkenny/Desktop/Urban_tree_fire/landscape_analysis/tmp_data/eaton_burned_tree_crowns_final_ndvi_diff.shp
    jobid: 11
    reason: Input files updated by another job: /Users/reedkenny/Desktop/Urban_tree_fire/landscape_analysis/tmp_data/eaton_burned_tree_crowns_final.shp
    wildcards: fire=eaton, status=burned, type=ndvi
    resources: tmpdir=/var/folders/d9/q3jcgtz51hvckdj8hrvdb38h0000gn/T
Shell command: ./pipeline_scripts/extract_diffs.R -t /Users/reedkenny/Desktop/Urban_tree_fire/landscape_analysis/tmp_data/eaton_burned_tree_crowns_final.shp -r /Users/reedkenny/Desktop/Urban_tree_fire/landscape_analysis/tmp_data/eaton_burned_ndvi_diff.tif -o /Users/reedkenny/Desktop/Urban_tree_fire/landscape_analysis/tmp_data/eaton_burned_tree_crowns_final_ndvi_diff.shp
Waiting for more resources.
Select jobs to execute...
[Tue Aug 26 02:36:42 2025]
Finished jobid: 11 (Rule: extract_diffs)
30 of 36 steps (83%) done
Execute 1 jobs...
[Tue Aug 26 02:36:42 2025]
localrule extract_diffs:
    input: /Users/reedkenny/Desktop/Urban_tree_fire/landscape_analysis/tmp_data/eaton_burned_tree_crowns_final.shp, /Users/reedkenny/Desktop/Urban_tree_fire/landscape_analysis/tmp_data/eaton_burned_chm_diff.tif
    output: /Users/reedkenny/Desktop/Urban_tree_fire/landscape_analysis/tmp_data/eaton_burned_tree_crowns_final_chm_diff.shp
    jobid: 9
    reason: Input files updated by another job: /Users/reedkenny/Desktop/Urban_tree_fire/landscape_analysis/tmp_data/eaton_burned_tree_crowns_final.shp
    wildcards: fire=eaton, status=burned, type=chm
    resources: tmpdir=/var/folders/d9/q3jcgtz51hvckdj8hrvdb38h0000gn/T
Shell command: ./pipeline_scripts/extract_diffs.R -t /Users/reedkenny/Desktop/Urban_tree_fire/landscape_analysis/tmp_data/eaton_burned_tree_crowns_final.shp -r /Users/reedkenny/Desktop/Urban_tree_fire/landscape_analysis/tmp_data/eaton_burned_chm_diff.tif -o /Users/reedkenny/Desktop/Urban_tree_fire/landscape_analysis/tmp_data/eaton_burned_tree_crowns_final_chm_diff.shp
Waiting for more resources.
[Tue Aug 26 02:47:04 2025]
Finished jobid: 9 (Rule: extract_diffs)
31 of 36 steps (86%) done
Select jobs to execute...
Execute 1 jobs...
[Tue Aug 26 02:47:04 2025]
localrule gen_model_inputs:
    input: /Users/reedkenny/Desktop/Urban_tree_fire/landscape_analysis/tmp_data/eaton_burned_build_density.shp, /Users/reedkenny/Desktop/Urban_tree_fire/landscape_analysis/tmp_data/eaton_burned_tree_density.shp, /Users/reedkenny/Desktop/Urban_tree_fire/landscape_analysis/tmp_data/eaton_burned_build_vols.shp, /Users/reedkenny/Desktop/Urban_tree_fire/landscape_analysis/tmp_data/eaton_burned_tree_prox.shp, /Users/reedkenny/Desktop/Urban_tree_fire/landscape_analysis/tmp_data/eaton_burned_build_prox.shp, /Users/reedkenny/Desktop/Urban_tree_fire/landscape_analysis/tmp_data/eaton_burned_tree_crowns_final_chm_diff.shp, /Users/reedkenny/Desktop/Urban_tree_fire/landscape_analysis/tmp_data/eaton_burned_tree_crowns_final_ndvi_diff.shp
    output: /Users/reedkenny/Desktop/Urban_tree_fire/landscape_analysis/model_inputs/eaton_burned_trees_model_inputs.csv
    jobid: 1
    reason: Input files updated by another job: /Users/reedkenny/Desktop/Urban_tree_fire/landscape_analysis/tmp_data/eaton_burned_tree_prox.shp, /Users/reedkenny/Desktop/Urban_tree_fire/landscape_analysis/tmp_data/eaton_burned_build_prox.shp, /Users/reedkenny/Desktop/Urban_tree_fire/landscape_analysis/tmp_data/eaton_burned_tree_crowns_final_chm_diff.shp, /Users/reedkenny/Desktop/Urban_tree_fire/landscape_analysis/tmp_data/eaton_burned_build_vols.shp, /Users/reedkenny/Desktop/Urban_tree_fire/landscape_analysis/tmp_data/eaton_burned_build_density.shp, /Users/reedkenny/Desktop/Urban_tree_fire/landscape_analysis/tmp_data/eaton_burned_tree_crowns_final_ndvi_diff.shp, /Users/reedkenny/Desktop/Urban_tree_fire/landscape_analysis/tmp_data/eaton_burned_tree_density.shp
    wildcards: fire=eaton, status=burned, comp=trees
    resources: tmpdir=/var/folders/d9/q3jcgtz51hvckdj8hrvdb38h0000gn/T
Shell command: ./pipeline_scripts/generate_model_inputs.R --status burned --comp trees --build_density /Users/reedkenny/Desktop/Urban_tree_fire/landscape_analysis/tmp_data/eaton_burned_build_density.shp --tree_density /Users/reedkenny/Desktop/Urban_tree_fire/landscape_analysis/tmp_data/eaton_burned_tree_density.shp --buildings_vols /Users/reedkenny/Desktop/Urban_tree_fire/landscape_analysis/tmp_data/eaton_burned_build_vols.shp --tree_prox /Users/reedkenny/Desktop/Urban_tree_fire/landscape_analysis/tmp_data/eaton_burned_tree_prox.shp --buildings_prox /Users/reedkenny/Desktop/Urban_tree_fire/landscape_analysis/tmp_data/eaton_burned_build_prox.shp --chm_diff /Users/reedkenny/Desktop/Urban_tree_fire/landscape_analysis/tmp_data/eaton_burned_tree_crowns_final_chm_diff.shp --ndvi_diff /Users/reedkenny/Desktop/Urban_tree_fire/landscape_analysis/tmp_data/eaton_burned_tree_crowns_final_ndvi_diff.shp --output /Users/reedkenny/Desktop/Urban_tree_fire/landscape_analysis/model_inputs/eaton_burned_trees_model_inputs.csv
Waiting for more resources.
Select jobs to execute...
[Tue Aug 26 02:47:06 2025]
Finished jobid: 1 (Rule: gen_model_inputs)
32 of 36 steps (89%) done
Execute 1 jobs...
[Tue Aug 26 02:47:06 2025]
localrule gen_model_inputs:
    input: /Users/reedkenny/Desktop/Urban_tree_fire/landscape_analysis/tmp_data/eaton_burned_build_density.shp, /Users/reedkenny/Desktop/Urban_tree_fire/landscape_analysis/tmp_data/eaton_burned_tree_density.shp, /Users/reedkenny/Desktop/Urban_tree_fire/landscape_analysis/tmp_data/eaton_burned_build_vols.shp, /Users/reedkenny/Desktop/Urban_tree_fire/landscape_analysis/tmp_data/eaton_burned_tree_prox.shp, /Users/reedkenny/Desktop/Urban_tree_fire/landscape_analysis/tmp_data/eaton_burned_build_prox.shp, /Users/reedkenny/Desktop/Urban_tree_fire/landscape_analysis/tmp_data/eaton_burned_tree_crowns_final_chm_diff.shp, /Users/reedkenny/Desktop/Urban_tree_fire/landscape_analysis/tmp_data/eaton_burned_tree_crowns_final_ndvi_diff.shp
    output: /Users/reedkenny/Desktop/Urban_tree_fire/landscape_analysis/model_inputs/eaton_burned_struc_model_inputs.csv
    jobid: 22
    reason: Input files updated by another job: /Users/reedkenny/Desktop/Urban_tree_fire/landscape_analysis/tmp_data/eaton_burned_tree_prox.shp, /Users/reedkenny/Desktop/Urban_tree_fire/landscape_analysis/tmp_data/eaton_burned_build_prox.shp, /Users/reedkenny/Desktop/Urban_tree_fire/landscape_analysis/tmp_data/eaton_burned_tree_crowns_final_chm_diff.shp, /Users/reedkenny/Desktop/Urban_tree_fire/landscape_analysis/tmp_data/eaton_burned_build_vols.shp, /Users/reedkenny/Desktop/Urban_tree_fire/landscape_analysis/tmp_data/eaton_burned_build_density.shp, /Users/reedkenny/Desktop/Urban_tree_fire/landscape_analysis/tmp_data/eaton_burned_tree_crowns_final_ndvi_diff.shp, /Users/reedkenny/Desktop/Urban_tree_fire/landscape_analysis/tmp_data/eaton_burned_tree_density.shp
    wildcards: fire=eaton, status=burned, comp=struc
    resources: tmpdir=/var/folders/d9/q3jcgtz51hvckdj8hrvdb38h0000gn/T
Shell command: ./pipeline_scripts/generate_model_inputs.R --status burned --comp struc --build_density /Users/reedkenny/Desktop/Urban_tree_fire/landscape_analysis/tmp_data/eaton_burned_build_density.shp --tree_density /Users/reedkenny/Desktop/Urban_tree_fire/landscape_analysis/tmp_data/eaton_burned_tree_density.shp --buildings_vols /Users/reedkenny/Desktop/Urban_tree_fire/landscape_analysis/tmp_data/eaton_burned_build_vols.shp --tree_prox /Users/reedkenny/Desktop/Urban_tree_fire/landscape_analysis/tmp_data/eaton_burned_tree_prox.shp --buildings_prox /Users/reedkenny/Desktop/Urban_tree_fire/landscape_analysis/tmp_data/eaton_burned_build_prox.shp --chm_diff /Users/reedkenny/Desktop/Urban_tree_fire/landscape_analysis/tmp_data/eaton_burned_tree_crowns_final_chm_diff.shp --ndvi_diff /Users/reedkenny/Desktop/Urban_tree_fire/landscape_analysis/tmp_data/eaton_burned_tree_crowns_final_ndvi_diff.shp --output /Users/reedkenny/Desktop/Urban_tree_fire/landscape_analysis/model_inputs/eaton_burned_struc_model_inputs.csv
Waiting for more resources.
[Tue Aug 26 02:47:07 2025]
Finished jobid: 22 (Rule: gen_model_inputs)
33 of 36 steps (92%) done
[Tue Aug 26 04:42:13 2025]
Finished jobid: 16 (Rule: calc_build_vols)
34 of 36 steps (94%) done
Select jobs to execute...
Execute 1 jobs...
[Tue Aug 26 04:42:13 2025]
localrule gen_model_inputs:
    input: /Users/reedkenny/Desktop/Urban_tree_fire/landscape_analysis/tmp_data/eaton_unburned_build_density.shp, /Users/reedkenny/Desktop/Urban_tree_fire/landscape_analysis/tmp_data/eaton_unburned_tree_density.shp, /Users/reedkenny/Desktop/Urban_tree_fire/landscape_analysis/tmp_data/eaton_unburned_build_vols.shp, /Users/reedkenny/Desktop/Urban_tree_fire/landscape_analysis/tmp_data/eaton_unburned_tree_prox.shp, /Users/reedkenny/Desktop/Urban_tree_fire/landscape_analysis/tmp_data/eaton_unburned_build_prox.shp, /Users/reedkenny/Desktop/Urban_tree_fire/landscape_analysis/tmp_data/eaton_unburned_tree_crowns_final_chm_diff.shp, /Users/reedkenny/Desktop/Urban_tree_fire/landscape_analysis/tmp_data/eaton_unburned_tree_crowns_final_ndvi_diff.shp
    output: /Users/reedkenny/Desktop/Urban_tree_fire/landscape_analysis/model_inputs/eaton_unburned_trees_model_inputs.csv
    jobid: 13
    reason: Input files updated by another job: /Users/reedkenny/Desktop/Urban_tree_fire/landscape_analysis/tmp_data/eaton_unburned_build_prox.shp, /Users/reedkenny/Desktop/Urban_tree_fire/landscape_analysis/tmp_data/eaton_unburned_tree_density.shp, /Users/reedkenny/Desktop/Urban_tree_fire/landscape_analysis/tmp_data/eaton_unburned_tree_prox.shp, /Users/reedkenny/Desktop/Urban_tree_fire/landscape_analysis/tmp_data/eaton_unburned_build_density.shp, /Users/reedkenny/Desktop/Urban_tree_fire/landscape_analysis/tmp_data/eaton_unburned_tree_crowns_final_chm_diff.shp, /Users/reedkenny/Desktop/Urban_tree_fire/landscape_analysis/tmp_data/eaton_unburned_build_vols.shp, /Users/reedkenny/Desktop/Urban_tree_fire/landscape_analysis/tmp_data/eaton_unburned_tree_crowns_final_ndvi_diff.shp
    wildcards: fire=eaton, status=unburned, comp=trees
    resources: tmpdir=/var/folders/d9/q3jcgtz51hvckdj8hrvdb38h0000gn/T
Shell command: ./pipeline_scripts/generate_model_inputs.R --status unburned --comp trees --build_density /Users/reedkenny/Desktop/Urban_tree_fire/landscape_analysis/tmp_data/eaton_unburned_build_density.shp --tree_density /Users/reedkenny/Desktop/Urban_tree_fire/landscape_analysis/tmp_data/eaton_unburned_tree_density.shp --buildings_vols /Users/reedkenny/Desktop/Urban_tree_fire/landscape_analysis/tmp_data/eaton_unburned_build_vols.shp --tree_prox /Users/reedkenny/Desktop/Urban_tree_fire/landscape_analysis/tmp_data/eaton_unburned_tree_prox.shp --buildings_prox /Users/reedkenny/Desktop/Urban_tree_fire/landscape_analysis/tmp_data/eaton_unburned_build_prox.shp --chm_diff /Users/reedkenny/Desktop/Urban_tree_fire/landscape_analysis/tmp_data/eaton_unburned_tree_crowns_final_chm_diff.shp --ndvi_diff /Users/reedkenny/Desktop/Urban_tree_fire/landscape_analysis/tmp_data/eaton_unburned_tree_crowns_final_ndvi_diff.shp --output /Users/reedkenny/Desktop/Urban_tree_fire/landscape_analysis/model_inputs/eaton_unburned_trees_model_inputs.csv
Waiting for more resources.
[Tue Aug 26 04:42:16 2025]
Finished jobid: 13 (Rule: gen_model_inputs)
35 of 36 steps (97%) done
Select jobs to execute...
Execute 1 jobs...
[Tue Aug 26 04:42:16 2025]
localrule all:
    input: /Users/reedkenny/Desktop/Urban_tree_fire/landscape_analysis/model_inputs/eaton_burned_trees_model_inputs.csv, /Users/reedkenny/Desktop/Urban_tree_fire/landscape_analysis/model_inputs/eaton_unburned_trees_model_inputs.csv, /Users/reedkenny/Desktop/Urban_tree_fire/landscape_analysis/model_inputs/eaton_burned_struc_model_inputs.csv, /Users/reedkenny/Desktop/Urban_tree_fire/landscape_analysis/model_inputs/palisades_burned_trees_model_inputs.csv, /Users/reedkenny/Desktop/Urban_tree_fire/landscape_analysis/model_inputs/palisades_unburned_trees_model_inputs.csv, /Users/reedkenny/Desktop/Urban_tree_fire/landscape_analysis/model_inputs/palisades_burned_struc_model_inputs.csv
    jobid: 0
    reason: Input files updated by another job: /Users/reedkenny/Desktop/Urban_tree_fire/landscape_analysis/model_inputs/palisades_unburned_trees_model_inputs.csv, /Users/reedkenny/Desktop/Urban_tree_fire/landscape_analysis/model_inputs/palisades_burned_trees_model_inputs.csv, /Users/reedkenny/Desktop/Urban_tree_fire/landscape_analysis/model_inputs/eaton_burned_trees_model_inputs.csv, /Users/reedkenny/Desktop/Urban_tree_fire/landscape_analysis/model_inputs/eaton_burned_struc_model_inputs.csv, /Users/reedkenny/Desktop/Urban_tree_fire/landscape_analysis/model_inputs/eaton_unburned_trees_model_inputs.csv, /Users/reedkenny/Desktop/Urban_tree_fire/landscape_analysis/model_inputs/palisades_burned_struc_model_inputs.csv
    resources: tmpdir=/var/folders/d9/q3jcgtz51hvckdj8hrvdb38h0000gn/T
Shell command: None
Waiting for more resources.
[Tue Aug 26 04:42:16 2025]
Finished jobid: 0 (Rule: all)
36 of 36 steps (100%) done
Complete log(s): /Users/reedkenny/Desktop/Urban_tree_fire/landscape_analysis/Scripts/.snakemake/log/2025-08-25T140333.397907.snakemake.log
