Assuming unrestricted shared filesystem usage.
None
host: Mac.lan
Building DAG of jobs...
Using shell: /bin/bash
Provided cores: 2
Rules claiming more threads will be scaled down.
Job stats:
job                 count
----------------  -------
all                     1
difference_lidar        3
extract_diffs           8
gen_model_inputs        6
total                  18

Select jobs to execute...
Execute 2 jobs...
[Thu Sep 11 17:09:17 2025]
localrule extract_diffs:
    input: /Users/reedkenny/Desktop/Urban_tree_fire/landscape_analysis/tmp_data/palisades_burned_tree_crowns_final.shp, /Users/reedkenny/Desktop/Urban_tree_fire/landscape_analysis/tmp_data/palisades_burned_ndvi_diff.tif, /Users/reedkenny/OneDrive - Cal Poly/data/LiDAR/palisades/Registered_DEMS/palisades_prefire_CHM_burned_reg.tif
    output: /Users/reedkenny/Desktop/Urban_tree_fire/landscape_analysis/tmp_data/palisades_burned_tree_crowns_final_ndvi_diff.shp
    jobid: 31
    reason: Missing output files: /Users/reedkenny/Desktop/Urban_tree_fire/landscape_analysis/tmp_data/palisades_burned_tree_crowns_final_ndvi_diff.shp; Set of input files has changed since last execution; Code has changed since last execution
    wildcards: fire=palisades, status=burned, type=ndvi
    resources: tmpdir=/var/folders/d9/q3jcgtz51hvckdj8hrvdb38h0000gn/T
Shell command: ./pipeline_scripts/extract_diffs.R -t /Users/reedkenny/Desktop/Urban_tree_fire/landscape_analysis/tmp_data/palisades_burned_tree_crowns_final.shp -r /Users/reedkenny/Desktop/Urban_tree_fire/landscape_analysis/tmp_data/palisades_burned_ndvi_diff.tif -p /Users/reedkenny/OneDrive - Cal Poly/data/LiDAR/palisades/Registered_DEMS/palisades_prefire_CHM_burned_reg.tif -o /Users/reedkenny/Desktop/Urban_tree_fire/landscape_analysis/tmp_data/palisades_burned_tree_crowns_final_ndvi_diff.shp
[Thu Sep 11 17:09:17 2025]
localrule difference_lidar:
    input: /Users/reedkenny/OneDrive - Cal Poly/data/LiDAR/eaton/Registered_DEMS/eaton_prefire_CHM_burned_reg.tif, /Users/reedkenny/OneDrive - Cal Poly/data/LiDAR/eaton/Registered_DEMS/eaton_postfire_CHM_burned_reg.tif
    output: /Users/reedkenny/Desktop/Urban_tree_fire/landscape_analysis/tmp_data/eaton_burned_chm_diff.tif
    jobid: 10
    reason: Missing output files: /Users/reedkenny/Desktop/Urban_tree_fire/landscape_analysis/tmp_data/eaton_burned_chm_diff.tif
    wildcards: fire=eaton, status=burned
    resources: tmpdir=/var/folders/d9/q3jcgtz51hvckdj8hrvdb38h0000gn/T
Shell command: 
    ./pipeline_scripts/difference_lidar.R --pre_path "/Users/reedkenny/OneDrive - Cal Poly/data/LiDAR/eaton/Registered_DEMS/eaton_prefire_CHM_burned_reg.tif" --post_path "/Users/reedkenny/OneDrive - Cal Poly/data/LiDAR/eaton/Registered_DEMS/eaton_postfire_CHM_burned_reg.tif" -o "/Users/reedkenny/Desktop/Urban_tree_fire/landscape_analysis/tmp_data/eaton_burned_chm_diff.tif"
    
Waiting for more resources.
Select jobs to execute...
RuleException:
CalledProcessError in file "/Users/reedkenny/Desktop/Urban_tree_fire/landscape_analysis/Scripts/pipeline_Snakefile", line 97:
Command 'set -euo pipefail;  ./pipeline_scripts/extract_diffs.R -t /Users/reedkenny/Desktop/Urban_tree_fire/landscape_analysis/tmp_data/palisades_burned_tree_crowns_final.shp -r /Users/reedkenny/Desktop/Urban_tree_fire/landscape_analysis/tmp_data/palisades_burned_ndvi_diff.tif -p /Users/reedkenny/OneDrive - Cal Poly/data/LiDAR/palisades/Registered_DEMS/palisades_prefire_CHM_burned_reg.tif -o /Users/reedkenny/Desktop/Urban_tree_fire/landscape_analysis/tmp_data/palisades_burned_tree_crowns_final_ndvi_diff.shp' returned non-zero exit status 1.
[Thu Sep 11 17:09:18 2025]
Error in rule extract_diffs:
    message: None
    jobid: 31
    input: /Users/reedkenny/Desktop/Urban_tree_fire/landscape_analysis/tmp_data/palisades_burned_tree_crowns_final.shp, /Users/reedkenny/Desktop/Urban_tree_fire/landscape_analysis/tmp_data/palisades_burned_ndvi_diff.tif, /Users/reedkenny/OneDrive - Cal Poly/data/LiDAR/palisades/Registered_DEMS/palisades_prefire_CHM_burned_reg.tif
    output: /Users/reedkenny/Desktop/Urban_tree_fire/landscape_analysis/tmp_data/palisades_burned_tree_crowns_final_ndvi_diff.shp
    shell:
        ./pipeline_scripts/extract_diffs.R -t /Users/reedkenny/Desktop/Urban_tree_fire/landscape_analysis/tmp_data/palisades_burned_tree_crowns_final.shp -r /Users/reedkenny/Desktop/Urban_tree_fire/landscape_analysis/tmp_data/palisades_burned_ndvi_diff.tif -p /Users/reedkenny/OneDrive - Cal Poly/data/LiDAR/palisades/Registered_DEMS/palisades_prefire_CHM_burned_reg.tif -o /Users/reedkenny/Desktop/Urban_tree_fire/landscape_analysis/tmp_data/palisades_burned_tree_crowns_final_ndvi_diff.shp
        (command exited with non-zero exit code)
Terminating processes on user request, this might take some time.
RuleException:
CalledProcessError in file "/Users/reedkenny/Desktop/Urban_tree_fire/landscape_analysis/Scripts/pipeline_Snakefile", line 66:
Command 'set -euo pipefail;  
    ./pipeline_scripts/difference_lidar.R --pre_path "/Users/reedkenny/OneDrive - Cal Poly/data/LiDAR/eaton/Registered_DEMS/eaton_prefire_CHM_burned_reg.tif" --post_path "/Users/reedkenny/OneDrive - Cal Poly/data/LiDAR/eaton/Registered_DEMS/eaton_postfire_CHM_burned_reg.tif" -o "/Users/reedkenny/Desktop/Urban_tree_fire/landscape_analysis/tmp_data/eaton_burned_chm_diff.tif"' returned non-zero exit status 1.
[Thu Sep 11 17:10:06 2025]
Error in rule difference_lidar:
    message: None
    jobid: 10
    input: /Users/reedkenny/OneDrive - Cal Poly/data/LiDAR/eaton/Registered_DEMS/eaton_prefire_CHM_burned_reg.tif, /Users/reedkenny/OneDrive - Cal Poly/data/LiDAR/eaton/Registered_DEMS/eaton_postfire_CHM_burned_reg.tif
    output: /Users/reedkenny/Desktop/Urban_tree_fire/landscape_analysis/tmp_data/eaton_burned_chm_diff.tif
    shell:
        
    ./pipeline_scripts/difference_lidar.R --pre_path "/Users/reedkenny/OneDrive - Cal Poly/data/LiDAR/eaton/Registered_DEMS/eaton_prefire_CHM_burned_reg.tif" --post_path "/Users/reedkenny/OneDrive - Cal Poly/data/LiDAR/eaton/Registered_DEMS/eaton_postfire_CHM_burned_reg.tif" -o "/Users/reedkenny/Desktop/Urban_tree_fire/landscape_analysis/tmp_data/eaton_burned_chm_diff.tif"
    
        (command exited with non-zero exit code)
Complete log(s): /Users/reedkenny/Desktop/Urban_tree_fire/landscape_analysis/Scripts/.snakemake/log/2025-09-11T170917.645825.snakemake.log
WorkflowError:
At least one job did not complete successfully.
