Assuming unrestricted shared filesystem usage.
None
host: Mac.lan
Building DAG of jobs...
Using shell: /bin/bash
Provided cores: 2
Rules claiming more threads will be scaled down.
Job stats:
job                  count
-----------------  -------
all                      1
calc_build_prox          4
calc_build_vols          4
calc_tree_prox           4
canopy_seg               1
difference_lidar         1
difference_ndvi          1
extract_diffs            8
extract_kds              4
footprints_final         1
gen_model_inputs         6
tree_crowns_final        4
total                   39

Select jobs to execute...
Execute 2 jobs...
[Thu Aug  7 15:30:33 2025]
localrule difference_lidar:
    input: /Users/reedkenny/OneDrive - Cal Poly/data/LiDAR/eaton/Registered_DEMS/eaton_prefire_CHM_burned_reg.tif, /Users/reedkenny/OneDrive - Cal Poly/data/LiDAR/eaton/Registered_DEMS/eaton_prefire_CHM_unburned_reg.tif, /Users/reedkenny/OneDrive - Cal Poly/data/LiDAR/palisades/Registered_DEMS/palisades_prefire_CHM_burned_reg.tif, /Users/reedkenny/OneDrive - Cal Poly/data/LiDAR/palisades/Registered_DEMS/palisades_prefire_CHM_unburned_reg.tif, /Users/reedkenny/OneDrive - Cal Poly/data/LiDAR/eaton/Registered_DEMS/eaton_postfire_CHM_burned_reg.tif, /Users/reedkenny/OneDrive - Cal Poly/data/LiDAR/eaton/Registered_DEMS/eaton_postfire_CHM_unburned_reg.tif, /Users/reedkenny/OneDrive - Cal Poly/data/LiDAR/palisades/Registered_DEMS/palisades_postfire_CHM_burned_reg.tif, /Users/reedkenny/OneDrive - Cal Poly/data/LiDAR/palisades/Registered_DEMS/palisades_postfire_CHM_unburned_reg.tif
    output: /Users/reedkenny/Desktop/Urban_tree_fire/landscape_analysis/landscape_analysis/tmp_data/eaton_burned_chm_diff.tif, /Users/reedkenny/Desktop/Urban_tree_fire/landscape_analysis/landscape_analysis/tmp_data/eaton_unburned_chm_diff.tif, /Users/reedkenny/Desktop/Urban_tree_fire/landscape_analysis/landscape_analysis/tmp_data/palisades_burned_chm_diff.tif, /Users/reedkenny/Desktop/Urban_tree_fire/landscape_analysis/landscape_analysis/tmp_data/palisades_unburned_chm_diff.tif
    jobid: 10
    reason: Missing output files: /Users/reedkenny/Desktop/Urban_tree_fire/landscape_analysis/landscape_analysis/tmp_data/palisades_unburned_chm_diff.tif, /Users/reedkenny/Desktop/Urban_tree_fire/landscape_analysis/landscape_analysis/tmp_data/eaton_unburned_chm_diff.tif, /Users/reedkenny/Desktop/Urban_tree_fire/landscape_analysis/landscape_analysis/tmp_data/palisades_burned_chm_diff.tif, /Users/reedkenny/Desktop/Urban_tree_fire/landscape_analysis/landscape_analysis/tmp_data/eaton_burned_chm_diff.tif
    resources: tmpdir=/var/folders/d9/q3jcgtz51hvckdj8hrvdb38h0000gn/T
Shell command: Rscript pipeline_scripts/difference_lidar.R
[Thu Aug  7 15:30:33 2025]
localrule difference_ndvi:
    input: /Users/reedkenny/OneDrive - Cal Poly/Advanced_GIS_data/Maxar/Eaton/POST/Multi-spec/Eaton_ndvi_post_all.tif
    output: /Users/reedkenny/Desktop/Urban_tree_fire/landscape_analysis/landscape_analysis/tmp_data/eaton_burned_ndvi_diff.tif, /Users/reedkenny/Desktop/Urban_tree_fire/landscape_analysis/landscape_analysis/tmp_data/eaton_unburned_ndvi_diff.tif, /Users/reedkenny/Desktop/Urban_tree_fire/landscape_analysis/landscape_analysis/tmp_data/palisades_burned_ndvi_diff.tif, /Users/reedkenny/Desktop/Urban_tree_fire/landscape_analysis/landscape_analysis/tmp_data/palisades_unburned_ndvi_diff.tif
    jobid: 12
    reason: Missing output files: /Users/reedkenny/Desktop/Urban_tree_fire/landscape_analysis/landscape_analysis/tmp_data/eaton_unburned_ndvi_diff.tif, /Users/reedkenny/Desktop/Urban_tree_fire/landscape_analysis/landscape_analysis/tmp_data/eaton_burned_ndvi_diff.tif, /Users/reedkenny/Desktop/Urban_tree_fire/landscape_analysis/landscape_analysis/tmp_data/palisades_unburned_ndvi_diff.tif, /Users/reedkenny/Desktop/Urban_tree_fire/landscape_analysis/landscape_analysis/tmp_data/palisades_burned_ndvi_diff.tif
    resources: tmpdir=/var/folders/d9/q3jcgtz51hvckdj8hrvdb38h0000gn/T
Shell command: Rscript pipeline_scripts/difference_NDVI.R
Waiting for more resources.
Select jobs to execute...
RuleException:
CalledProcessError in file "/Users/reedkenny/Desktop/Urban_tree_fire/landscape_analysis/Scripts/test", line 77:
Command 'set -euo pipefail;  Rscript pipeline_scripts/difference_NDVI.R' returned non-zero exit status 1.
[Thu Aug  7 15:31:19 2025]
Error in rule difference_ndvi:
    message: None
    jobid: 12
    input: /Users/reedkenny/OneDrive - Cal Poly/Advanced_GIS_data/Maxar/Eaton/POST/Multi-spec/Eaton_ndvi_post_all.tif
    output: /Users/reedkenny/Desktop/Urban_tree_fire/landscape_analysis/landscape_analysis/tmp_data/eaton_burned_ndvi_diff.tif, /Users/reedkenny/Desktop/Urban_tree_fire/landscape_analysis/landscape_analysis/tmp_data/eaton_unburned_ndvi_diff.tif, /Users/reedkenny/Desktop/Urban_tree_fire/landscape_analysis/landscape_analysis/tmp_data/palisades_burned_ndvi_diff.tif, /Users/reedkenny/Desktop/Urban_tree_fire/landscape_analysis/landscape_analysis/tmp_data/palisades_unburned_ndvi_diff.tif
    shell:
        Rscript pipeline_scripts/difference_NDVI.R
        (command exited with non-zero exit code)
Waiting at most 5 seconds for missing files:
/Users/reedkenny/Desktop/Urban_tree_fire/landscape_analysis/landscape_analysis/tmp_data/eaton_burned_chm_diff.tif (missing locally)
/Users/reedkenny/Desktop/Urban_tree_fire/landscape_analysis/landscape_analysis/tmp_data/eaton_unburned_chm_diff.tif (missing locally)
/Users/reedkenny/Desktop/Urban_tree_fire/landscape_analysis/landscape_analysis/tmp_data/palisades_burned_chm_diff.tif (missing locally)
/Users/reedkenny/Desktop/Urban_tree_fire/landscape_analysis/landscape_analysis/tmp_data/palisades_unburned_chm_diff.tif (missing locally)
MissingOutputException in rule difference_lidar in file "/Users/reedkenny/Desktop/Urban_tree_fire/landscape_analysis/Scripts/test", line 59:
Job 10  completed successfully, but some output files are missing. Missing files after 5 seconds. This might be due to filesystem latency. If that is the case, consider to increase the wait time with --latency-wait:
/Users/reedkenny/Desktop/Urban_tree_fire/landscape_analysis/landscape_analysis/tmp_data/eaton_burned_chm_diff.tif (missing locally, parent dir contents: )
/Users/reedkenny/Desktop/Urban_tree_fire/landscape_analysis/landscape_analysis/tmp_data/eaton_unburned_chm_diff.tif (missing locally, parent dir contents: )
/Users/reedkenny/Desktop/Urban_tree_fire/landscape_analysis/landscape_analysis/tmp_data/palisades_burned_chm_diff.tif (missing locally, parent dir contents: )
/Users/reedkenny/Desktop/Urban_tree_fire/landscape_analysis/landscape_analysis/tmp_data/palisades_unburned_chm_diff.tif (missing locally, parent dir contents: )
Shutting down, this might take some time.
Exiting because a job execution failed. Look below for error messages
[Thu Aug  7 15:33:23 2025]
Error in rule difference_lidar:
    message: None
    jobid: 10
    input: /Users/reedkenny/OneDrive - Cal Poly/data/LiDAR/eaton/Registered_DEMS/eaton_prefire_CHM_burned_reg.tif, /Users/reedkenny/OneDrive - Cal Poly/data/LiDAR/eaton/Registered_DEMS/eaton_prefire_CHM_unburned_reg.tif, /Users/reedkenny/OneDrive - Cal Poly/data/LiDAR/palisades/Registered_DEMS/palisades_prefire_CHM_burned_reg.tif, /Users/reedkenny/OneDrive - Cal Poly/data/LiDAR/palisades/Registered_DEMS/palisades_prefire_CHM_unburned_reg.tif, /Users/reedkenny/OneDrive - Cal Poly/data/LiDAR/eaton/Registered_DEMS/eaton_postfire_CHM_burned_reg.tif, /Users/reedkenny/OneDrive - Cal Poly/data/LiDAR/eaton/Registered_DEMS/eaton_postfire_CHM_unburned_reg.tif, /Users/reedkenny/OneDrive - Cal Poly/data/LiDAR/palisades/Registered_DEMS/palisades_postfire_CHM_burned_reg.tif, /Users/reedkenny/OneDrive - Cal Poly/data/LiDAR/palisades/Registered_DEMS/palisades_postfire_CHM_unburned_reg.tif
    output: /Users/reedkenny/Desktop/Urban_tree_fire/landscape_analysis/landscape_analysis/tmp_data/eaton_burned_chm_diff.tif, /Users/reedkenny/Desktop/Urban_tree_fire/landscape_analysis/landscape_analysis/tmp_data/eaton_unburned_chm_diff.tif, /Users/reedkenny/Desktop/Urban_tree_fire/landscape_analysis/landscape_analysis/tmp_data/palisades_burned_chm_diff.tif, /Users/reedkenny/Desktop/Urban_tree_fire/landscape_analysis/landscape_analysis/tmp_data/palisades_unburned_chm_diff.tif
    shell:
        Rscript pipeline_scripts/difference_lidar.R
        (command exited with non-zero exit code)
[Thu Aug  7 15:33:23 2025]
Error in rule difference_ndvi:
    message: None
    jobid: 12
    input: /Users/reedkenny/OneDrive - Cal Poly/Advanced_GIS_data/Maxar/Eaton/POST/Multi-spec/Eaton_ndvi_post_all.tif
    output: /Users/reedkenny/Desktop/Urban_tree_fire/landscape_analysis/landscape_analysis/tmp_data/eaton_burned_ndvi_diff.tif, /Users/reedkenny/Desktop/Urban_tree_fire/landscape_analysis/landscape_analysis/tmp_data/eaton_unburned_ndvi_diff.tif, /Users/reedkenny/Desktop/Urban_tree_fire/landscape_analysis/landscape_analysis/tmp_data/palisades_burned_ndvi_diff.tif, /Users/reedkenny/Desktop/Urban_tree_fire/landscape_analysis/landscape_analysis/tmp_data/palisades_unburned_ndvi_diff.tif
    shell:
        Rscript pipeline_scripts/difference_NDVI.R
        (command exited with non-zero exit code)
Complete log(s): /Users/reedkenny/Desktop/Urban_tree_fire/landscape_analysis/Scripts/.snakemake/log/2025-08-07T153033.004620.snakemake.log
WorkflowError:
At least one job did not complete successfully.
