Assuming unrestricted shared filesystem usage.
None
host: Mac.lan
Building DAG of jobs...
Using shell: /bin/bash
Provided cores: 2
Rules claiming more threads will be scaled down.
Job stats:
job                 count
----------------  -------
difference_lidar        4
total                   4

Select jobs to execute...
Execute 2 jobs...
[Mon Aug 25 13:59:40 2025]
localrule difference_lidar:
    input: /Users/reedkenny/OneDrive - Cal Poly/data/LiDAR/eaton/Registered_DEMS/eaton_prefire_CHM_burned_reg.tif, /Users/reedkenny/OneDrive - Cal Poly/data/LiDAR/eaton/Registered_DEMS/eaton_postfire_CHM_burned_reg.tif
    output: /Users/reedkenny/Desktop/Urban_tree_fire/landscape_analysis/tmp_data/eaton_burned_chm_diff.tif
    jobid: 10
    reason: Updated input files: /Users/reedkenny/OneDrive - Cal Poly/data/LiDAR/eaton/Registered_DEMS/eaton_prefire_CHM_burned_reg.tif, /Users/reedkenny/OneDrive - Cal Poly/data/LiDAR/eaton/Registered_DEMS/eaton_postfire_CHM_burned_reg.tif
    wildcards: fire=eaton, status=burned
    resources: tmpdir=/var/folders/d9/q3jcgtz51hvckdj8hrvdb38h0000gn/T
Shell command: 
    ./pipeline_scripts/difference_lidar.R --pre_path "/Users/reedkenny/OneDrive - Cal Poly/data/LiDAR/eaton/Registered_DEMS/eaton_prefire_CHM_burned_reg.tif" --post_path "/Users/reedkenny/OneDrive - Cal Poly/data/LiDAR/eaton/Registered_DEMS/eaton_postfire_CHM_burned_reg.tif" -o "/Users/reedkenny/Desktop/Urban_tree_fire/landscape_analysis/tmp_data/eaton_burned_chm_diff.tif"
    
[Mon Aug 25 13:59:40 2025]
localrule difference_lidar:
    input: /Users/reedkenny/OneDrive - Cal Poly/data/LiDAR/eaton/Registered_DEMS/eaton_prefire_CHM_unburned_reg.tif, /Users/reedkenny/OneDrive - Cal Poly/data/LiDAR/eaton/Registered_DEMS/eaton_postfire_CHM_unburned_reg.tif
    output: /Users/reedkenny/Desktop/Urban_tree_fire/landscape_analysis/tmp_data/eaton_unburned_chm_diff.tif
    jobid: 20
    reason: Updated input files: /Users/reedkenny/OneDrive - Cal Poly/data/LiDAR/eaton/Registered_DEMS/eaton_prefire_CHM_unburned_reg.tif, /Users/reedkenny/OneDrive - Cal Poly/data/LiDAR/eaton/Registered_DEMS/eaton_postfire_CHM_unburned_reg.tif
    wildcards: fire=eaton, status=unburned
    resources: tmpdir=/var/folders/d9/q3jcgtz51hvckdj8hrvdb38h0000gn/T
Shell command: 
    ./pipeline_scripts/difference_lidar.R --pre_path "/Users/reedkenny/OneDrive - Cal Poly/data/LiDAR/eaton/Registered_DEMS/eaton_prefire_CHM_unburned_reg.tif" --post_path "/Users/reedkenny/OneDrive - Cal Poly/data/LiDAR/eaton/Registered_DEMS/eaton_postfire_CHM_unburned_reg.tif" -o "/Users/reedkenny/Desktop/Urban_tree_fire/landscape_analysis/tmp_data/eaton_unburned_chm_diff.tif"
    
Waiting for more resources.
Select jobs to execute...
[Mon Aug 25 14:00:14 2025]
Finished jobid: 20 (Rule: difference_lidar)
1 of 40 steps (2%) done
Execute 1 jobs...
[Mon Aug 25 14:00:14 2025]
localrule difference_lidar:
    input: /Users/reedkenny/OneDrive - Cal Poly/data/LiDAR/palisades/Registered_DEMS/palisades_prefire_CHM_unburned_reg.tif, /Users/reedkenny/OneDrive - Cal Poly/data/LiDAR/palisades/Registered_DEMS/palisades_postfire_CHM_unburned_reg.tif
    output: /Users/reedkenny/Desktop/Urban_tree_fire/landscape_analysis/tmp_data/palisades_unburned_chm_diff.tif
    jobid: 39
    reason: Updated input files: /Users/reedkenny/OneDrive - Cal Poly/data/LiDAR/palisades/Registered_DEMS/palisades_prefire_CHM_unburned_reg.tif, /Users/reedkenny/OneDrive - Cal Poly/data/LiDAR/palisades/Registered_DEMS/palisades_postfire_CHM_unburned_reg.tif
    wildcards: fire=palisades, status=unburned
    resources: tmpdir=/var/folders/d9/q3jcgtz51hvckdj8hrvdb38h0000gn/T
Shell command: 
    ./pipeline_scripts/difference_lidar.R --pre_path "/Users/reedkenny/OneDrive - Cal Poly/data/LiDAR/palisades/Registered_DEMS/palisades_prefire_CHM_unburned_reg.tif" --post_path "/Users/reedkenny/OneDrive - Cal Poly/data/LiDAR/palisades/Registered_DEMS/palisades_postfire_CHM_unburned_reg.tif" -o "/Users/reedkenny/Desktop/Urban_tree_fire/landscape_analysis/tmp_data/palisades_unburned_chm_diff.tif"
    
Waiting for more resources.
Select jobs to execute...
[Mon Aug 25 14:00:36 2025]
Finished jobid: 10 (Rule: difference_lidar)
2 of 40 steps (5%) done
Execute 1 jobs...
[Mon Aug 25 14:00:36 2025]
localrule difference_lidar:
    input: /Users/reedkenny/OneDrive - Cal Poly/data/LiDAR/palisades/Registered_DEMS/palisades_prefire_CHM_burned_reg.tif, /Users/reedkenny/OneDrive - Cal Poly/data/LiDAR/palisades/Registered_DEMS/palisades_postfire_CHM_burned_reg.tif
    output: /Users/reedkenny/Desktop/Urban_tree_fire/landscape_analysis/tmp_data/palisades_burned_chm_diff.tif
    jobid: 30
    reason: Updated input files: /Users/reedkenny/OneDrive - Cal Poly/data/LiDAR/palisades/Registered_DEMS/palisades_prefire_CHM_burned_reg.tif, /Users/reedkenny/OneDrive - Cal Poly/data/LiDAR/palisades/Registered_DEMS/palisades_postfire_CHM_burned_reg.tif
    wildcards: fire=palisades, status=burned
    resources: tmpdir=/var/folders/d9/q3jcgtz51hvckdj8hrvdb38h0000gn/T
Shell command: 
    ./pipeline_scripts/difference_lidar.R --pre_path "/Users/reedkenny/OneDrive - Cal Poly/data/LiDAR/palisades/Registered_DEMS/palisades_prefire_CHM_burned_reg.tif" --post_path "/Users/reedkenny/OneDrive - Cal Poly/data/LiDAR/palisades/Registered_DEMS/palisades_postfire_CHM_burned_reg.tif" -o "/Users/reedkenny/Desktop/Urban_tree_fire/landscape_analysis/tmp_data/palisades_burned_chm_diff.tif"
    
Waiting for more resources.
[Mon Aug 25 14:00:40 2025]
Finished jobid: 39 (Rule: difference_lidar)
3 of 40 steps (8%) done
[Mon Aug 25 14:01:38 2025]
Finished jobid: 30 (Rule: difference_lidar)
4 of 40 steps (10%) done
Complete log(s): /Users/reedkenny/Desktop/Urban_tree_fire/landscape_analysis/Scripts/.snakemake/log/2025-08-25T135940.090062.snakemake.log
