Assuming unrestricted shared filesystem usage.
None
host: Mac.lan
Building DAG of jobs...
Using shell: /bin/bash
Provided cores: 1 (use --cores to define parallelism)
Rules claiming more threads will be scaled down.
Job stats:
job                               count
------------------------------  -------
all                                   1
co_reg_post_eaton_burned              1
co_reg_post_eaton_unburned            1
co_reg_post_palisades_burned          1
co_reg_post_palisades_unburned        1
co_reg_pre_palisades                  1
stich_lidar                           1
total                                 7

Select jobs to execute...
Execute 1 jobs...
[Mon Aug 25 13:46:57 2025]
localrule co_reg_pre_palisades:
    input: /Users/reedkenny/OneDrive - Cal Poly/data/Maxar/Palisades/Palisades_pre/016569561010_01_P001_PAN/24OCT20184323-P3DS-016569561010_01_P001.tif, /Users/reedkenny/OneDrive - Cal Poly/data/LiDAR/pal_chm_2023_epsg32611.tif
    output: /Users/reedkenny/OneDrive - Cal Poly/data/LiDAR/Palisades/Registered_DEMS/palisades_prefire_CHM_reg.tif
    jobid: 6
    reason: Missing output files: /Users/reedkenny/OneDrive - Cal Poly/data/LiDAR/Palisades/Registered_DEMS/palisades_prefire_CHM_reg.tif
    resources: tmpdir=/var/folders/d9/q3jcgtz51hvckdj8hrvdb38h0000gn/T
Shell command: 
        python batch_phase_coreg.py           --input_pan "/Users/reedkenny/OneDrive - Cal Poly/data/Maxar/Palisades/Palisades_pre/016569561010_01_P001_PAN/24OCT20184323-P3DS-016569561010_01_P001.tif"           --input_dem "/Users/reedkenny/OneDrive - Cal Poly/data/LiDAR/pal_chm_2023_epsg32611.tif"           --output "/Users/reedkenny/OneDrive - Cal Poly/data/LiDAR/Palisades/Registered_DEMS/palisades_prefire_CHM_reg.tif"
        
Waiting for more resources.
[Mon Aug 25 13:48:34 2025]
Finished jobid: 6 (Rule: co_reg_pre_palisades)
1 of 7 steps (14%) done
Select jobs to execute...
Execute 1 jobs...
[Mon Aug 25 13:48:34 2025]
localrule stich_lidar:
    input: /Users/reedkenny/OneDrive - Cal Poly/data/LiDAR/Eaton/Registered_DEMS/all_pan_tile_1_phase.tif, /Users/reedkenny/OneDrive - Cal Poly/data/LiDAR/Eaton/Registered_DEMS/all_pan_tile_2_phase.tif, /Users/reedkenny/OneDrive - Cal Poly/data/LiDAR/Eaton/Registered_DEMS/all_pan_tile_3_phase.tif, /Users/reedkenny/OneDrive - Cal Poly/data/LiDAR/Eaton/Registered_DEMS/all_pan_tile_4_phase.tif, /Users/reedkenny/OneDrive - Cal Poly/data/LiDAR/Palisades/Registered_DEMS/palisades_prefire_CHM_reg.tif
    output: /Users/reedkenny/OneDrive - Cal Poly/data/LiDAR/Eaton/Registered_DEMS/eaton_prefire_CHM_burned_reg.tif, /Users/reedkenny/OneDrive - Cal Poly/data/LiDAR/Eaton/Registered_DEMS/eaton_prefire_CHM_unburned_reg.tif, /Users/reedkenny/OneDrive - Cal Poly/data/LiDAR/Palisades/Registered_DEMS/palisades_prefire_CHM_burned_reg.tif, /Users/reedkenny/OneDrive - Cal Poly/data/LiDAR/Palisades/Registered_DEMS/palisades_prefire_CHM_unburned_reg.tif
    jobid: 1
    reason: Missing output files: /Users/reedkenny/OneDrive - Cal Poly/data/LiDAR/Palisades/Registered_DEMS/palisades_prefire_CHM_unburned_reg.tif, /Users/reedkenny/OneDrive - Cal Poly/data/LiDAR/Palisades/Registered_DEMS/palisades_prefire_CHM_burned_reg.tif; Input files updated by another job: /Users/reedkenny/OneDrive - Cal Poly/data/LiDAR/Palisades/Registered_DEMS/palisades_prefire_CHM_reg.tif
    resources: tmpdir=/var/folders/d9/q3jcgtz51hvckdj8hrvdb38h0000gn/T
Shell command: 
        Rscript Stich_lidar.R
        
Waiting for more resources.
[Mon Aug 25 13:49:23 2025]
Finished jobid: 1 (Rule: stich_lidar)
2 of 7 steps (29%) done
Select jobs to execute...
Execute 1 jobs...
[Mon Aug 25 13:49:23 2025]
localrule co_reg_post_eaton_burned:
    input: /Users/reedkenny/OneDrive - Cal Poly/data/LiDAR/Eaton/Registered_DEMS/eaton_prefire_CHM_burned_reg.tif, /Users/reedkenny/OneDrive - Cal Poly/data/LiDAR/Eaton/Eaton_Post_CHM.tif
    output: /Users/reedkenny/OneDrive - Cal Poly/data/LiDAR/Eaton/Registered_DEMS/eaton_postfire_CHM_burned_reg.tif
    jobid: 10
    reason: Updated input files: ; Input files updated by another job: /Users/reedkenny/OneDrive - Cal Poly/data/LiDAR/Eaton/Registered_DEMS/eaton_prefire_CHM_burned_reg.tif
    resources: tmpdir=/var/folders/d9/q3jcgtz51hvckdj8hrvdb38h0000gn/T
Shell command: 
        python batch_phase_coreg.py           --input_pan "/Users/reedkenny/OneDrive - Cal Poly/data/LiDAR/Eaton/Registered_DEMS/eaton_prefire_CHM_burned_reg.tif"           --input_dem "/Users/reedkenny/OneDrive - Cal Poly/data/LiDAR/Eaton/Eaton_Post_CHM.tif"           --output "/Users/reedkenny/OneDrive - Cal Poly/data/LiDAR/Eaton/Registered_DEMS/eaton_postfire_CHM_burned_reg.tif"
        
Waiting for more resources.
Select jobs to execute...
[Mon Aug 25 13:49:51 2025]
Finished jobid: 10 (Rule: co_reg_post_eaton_burned)
3 of 7 steps (43%) done
Execute 1 jobs...
[Mon Aug 25 13:49:51 2025]
localrule co_reg_post_eaton_unburned:
    input: /Users/reedkenny/OneDrive - Cal Poly/data/LiDAR/Eaton/Registered_DEMS/eaton_prefire_CHM_burned_reg.tif, /Users/reedkenny/OneDrive - Cal Poly/data/LiDAR/Eaton/Eaton_Post_CHM_ext.tif
    output: /Users/reedkenny/OneDrive - Cal Poly/data/LiDAR/Eaton/Registered_DEMS/eaton_postfire_CHM_unburned_reg.tif
    jobid: 11
    reason: Updated input files: ; Input files updated by another job: /Users/reedkenny/OneDrive - Cal Poly/data/LiDAR/Eaton/Registered_DEMS/eaton_prefire_CHM_burned_reg.tif
    resources: tmpdir=/var/folders/d9/q3jcgtz51hvckdj8hrvdb38h0000gn/T
Shell command: 
        python batch_phase_coreg.py           --input_pan "/Users/reedkenny/OneDrive - Cal Poly/data/LiDAR/Eaton/Registered_DEMS/eaton_prefire_CHM_burned_reg.tif"           --input_dem "/Users/reedkenny/OneDrive - Cal Poly/data/LiDAR/Eaton/Eaton_Post_CHM_ext.tif"           --output "/Users/reedkenny/OneDrive - Cal Poly/data/LiDAR/Eaton/Registered_DEMS/eaton_postfire_CHM_unburned_reg.tif"
        
Waiting for more resources.
Select jobs to execute...
[Mon Aug 25 13:50:17 2025]
Finished jobid: 11 (Rule: co_reg_post_eaton_unburned)
4 of 7 steps (57%) done
Execute 1 jobs...
[Mon Aug 25 13:50:17 2025]
localrule co_reg_post_palisades_burned:
    input: /Users/reedkenny/OneDrive - Cal Poly/data/LiDAR/Palisades/Registered_DEMS/palisades_prefire_CHM_burned_reg.tif, /Users/reedkenny/OneDrive - Cal Poly/data/LiDAR/Palisades/palisades_postfire_CHM_burned.tif
    output: /Users/reedkenny/OneDrive - Cal Poly/data/LiDAR/Palisades/Registered_DEMS/palisades_postfire_CHM_burned_reg.tif
    jobid: 7
    reason: Missing output files: /Users/reedkenny/OneDrive - Cal Poly/data/LiDAR/Palisades/Registered_DEMS/palisades_postfire_CHM_burned_reg.tif; Input files updated by another job: /Users/reedkenny/OneDrive - Cal Poly/data/LiDAR/Palisades/Registered_DEMS/palisades_prefire_CHM_burned_reg.tif
    resources: tmpdir=/var/folders/d9/q3jcgtz51hvckdj8hrvdb38h0000gn/T
Shell command: 
        python batch_phase_coreg.py           --input_pan "/Users/reedkenny/OneDrive - Cal Poly/data/LiDAR/Palisades/Registered_DEMS/palisades_prefire_CHM_burned_reg.tif"           --input_dem "/Users/reedkenny/OneDrive - Cal Poly/data/LiDAR/Palisades/palisades_postfire_CHM_burned.tif"           --output "/Users/reedkenny/OneDrive - Cal Poly/data/LiDAR/Palisades/Registered_DEMS/palisades_postfire_CHM_burned_reg.tif"
        
Waiting for more resources.
Select jobs to execute...
[Mon Aug 25 13:51:02 2025]
Finished jobid: 7 (Rule: co_reg_post_palisades_burned)
5 of 7 steps (71%) done
Execute 1 jobs...
[Mon Aug 25 13:51:02 2025]
localrule co_reg_post_palisades_unburned:
    input: /Users/reedkenny/OneDrive - Cal Poly/data/LiDAR/Palisades/Registered_DEMS/palisades_prefire_CHM_unburned_reg.tif, /Users/reedkenny/OneDrive - Cal Poly/data/LiDAR/Palisades/palisades_postfire_CHM_unburned.tif
    output: /Users/reedkenny/OneDrive - Cal Poly/data/LiDAR/Palisades/Registered_DEMS/palisades_postfire_CHM_unburned_reg.tif
    jobid: 9
    reason: Missing output files: /Users/reedkenny/OneDrive - Cal Poly/data/LiDAR/Palisades/Registered_DEMS/palisades_postfire_CHM_unburned_reg.tif; Input files updated by another job: /Users/reedkenny/OneDrive - Cal Poly/data/LiDAR/Palisades/Registered_DEMS/palisades_prefire_CHM_unburned_reg.tif
    resources: tmpdir=/var/folders/d9/q3jcgtz51hvckdj8hrvdb38h0000gn/T
Shell command: 
        python batch_phase_coreg.py           --input_pan "/Users/reedkenny/OneDrive - Cal Poly/data/LiDAR/Palisades/Registered_DEMS/palisades_prefire_CHM_unburned_reg.tif"           --input_dem "/Users/reedkenny/OneDrive - Cal Poly/data/LiDAR/Palisades/palisades_postfire_CHM_unburned.tif"           --output "/Users/reedkenny/OneDrive - Cal Poly/data/LiDAR/Palisades/Registered_DEMS/palisades_postfire_CHM_unburned_reg.tif"
        
Waiting for more resources.
[Mon Aug 25 13:51:17 2025]
Finished jobid: 9 (Rule: co_reg_post_palisades_unburned)
6 of 7 steps (86%) done
Select jobs to execute...
Execute 1 jobs...
[Mon Aug 25 13:51:17 2025]
localrule all:
    input: /Users/reedkenny/OneDrive - Cal Poly/data/LiDAR/Palisades/Registered_DEMS/palisades_prefire_CHM_burned_reg.tif, /Users/reedkenny/OneDrive - Cal Poly/data/LiDAR/Palisades/Registered_DEMS/palisades_prefire_CHM_unburned_reg.tif, /Users/reedkenny/OneDrive - Cal Poly/data/LiDAR/Eaton/Registered_DEMS/eaton_prefire_CHM_burned_reg.tif, /Users/reedkenny/OneDrive - Cal Poly/data/LiDAR/Eaton/Registered_DEMS/eaton_prefire_CHM_unburned_reg.tif, /Users/reedkenny/OneDrive - Cal Poly/data/LiDAR/Palisades/Registered_DEMS/palisades_postfire_CHM_burned_reg.tif, /Users/reedkenny/OneDrive - Cal Poly/data/LiDAR/Palisades/Registered_DEMS/palisades_postfire_CHM_unburned_reg.tif, /Users/reedkenny/OneDrive - Cal Poly/data/LiDAR/Eaton/Registered_DEMS/eaton_postfire_CHM_burned_reg.tif, /Users/reedkenny/OneDrive - Cal Poly/data/LiDAR/Eaton/Registered_DEMS/eaton_postfire_CHM_unburned_reg.tif
    jobid: 0
    reason: Input files updated by another job: /Users/reedkenny/OneDrive - Cal Poly/data/LiDAR/Palisades/Registered_DEMS/palisades_postfire_CHM_burned_reg.tif, /Users/reedkenny/OneDrive - Cal Poly/data/LiDAR/Palisades/Registered_DEMS/palisades_postfire_CHM_unburned_reg.tif, /Users/reedkenny/OneDrive - Cal Poly/data/LiDAR/Eaton/Registered_DEMS/eaton_postfire_CHM_unburned_reg.tif, /Users/reedkenny/OneDrive - Cal Poly/data/LiDAR/Palisades/Registered_DEMS/palisades_prefire_CHM_burned_reg.tif, /Users/reedkenny/OneDrive - Cal Poly/data/LiDAR/Eaton/Registered_DEMS/eaton_prefire_CHM_unburned_reg.tif, /Users/reedkenny/OneDrive - Cal Poly/data/LiDAR/Palisades/Registered_DEMS/palisades_prefire_CHM_unburned_reg.tif, /Users/reedkenny/OneDrive - Cal Poly/data/LiDAR/Eaton/Registered_DEMS/eaton_prefire_CHM_burned_reg.tif, /Users/reedkenny/OneDrive - Cal Poly/data/LiDAR/Eaton/Registered_DEMS/eaton_postfire_CHM_burned_reg.tif
    resources: tmpdir=/var/folders/d9/q3jcgtz51hvckdj8hrvdb38h0000gn/T
Shell command: None
Waiting for more resources.
[Mon Aug 25 13:51:17 2025]
Finished jobid: 0 (Rule: all)
7 of 7 steps (100%) done
Complete log(s): /Users/reedkenny/Desktop/Urban_tree_fire/landscape_analysis/Scripts/.snakemake/log/2025-08-25T134657.862602.snakemake.log
