Assuming unrestricted shared filesystem usage.
None
host: Mac.lan
Building DAG of jobs...
Using shell: /bin/bash
Provided cores: 1 (use --cores to define parallelism)
Rules claiming more threads will be scaled down.
Job stats:
job                  count
-----------------  -------
all                      1
calc_build_prox          4
calc_build_vols          4
calc_tree_prox           4
canopy_seg               1
difference_lidar         1
difference_ndvi          1
extract_kds              4
footprints_final         1
gen_model_inputs         8
tree_crowns_final        4
total                   33

Select jobs to execute...
Execute 1 jobs...
[Wed Aug  6 11:42:39 2025]
localrule canopy_seg:
    input: /Users/reedkenny/OneDrive - Cal Poly/data/LiDAR/eaton/Registered_DEMS/eaton_prefire_CHM_burned_reg.tif, /Users/reedkenny/OneDrive - Cal Poly/data/LiDAR/eaton/Registered_DEMS/eaton_prefire_CHM_unburned_reg.tif, /Users/reedkenny/OneDrive - Cal Poly/data/LiDAR/palisades/Registered_DEMS/palisades_prefire_CHM_burned_reg.tif, /Users/reedkenny/OneDrive - Cal Poly/data/LiDAR/palisades/Registered_DEMS/palisades_prefire_CHM_unburned_reg.tif
    output: /Users/reedkenny/Desktop/Urban_tree_fire/landscape_analysis/tmp_data/palisades_crowns_burned_polys_v2.shp, /Users/reedkenny/Desktop/Urban_tree_fire/landscape_analysis/tmp_data/palisades_crowns_unburned_polys_v2.shp, /Users/reedkenny/Desktop/Urban_tree_fire/landscape_analysis/tmp_data/eaton_crowns_burned_polys_v2.shp, /Users/reedkenny/Desktop/Urban_tree_fire/landscape_analysis/tmp_data/eaton_crowns_unburned_polys_v2.shp
    jobid: 4
    reason: Missing output files: /Users/reedkenny/Desktop/Urban_tree_fire/landscape_analysis/tmp_data/eaton_crowns_unburned_polys_v2.shp, /Users/reedkenny/Desktop/Urban_tree_fire/landscape_analysis/tmp_data/eaton_crowns_burned_polys_v2.shp, /Users/reedkenny/Desktop/Urban_tree_fire/landscape_analysis/tmp_data/palisades_crowns_unburned_polys_v2.shp, /Users/reedkenny/Desktop/Urban_tree_fire/landscape_analysis/tmp_data/palisades_crowns_burned_polys_v2.shp; Updated input files: /Users/reedkenny/OneDrive - Cal Poly/data/LiDAR/palisades/Registered_DEMS/palisades_prefire_CHM_unburned_reg.tif, /Users/reedkenny/OneDrive - Cal Poly/data/LiDAR/palisades/Registered_DEMS/palisades_prefire_CHM_burned_reg.tif, /Users/reedkenny/OneDrive - Cal Poly/data/LiDAR/eaton/Registered_DEMS/eaton_prefire_CHM_unburned_reg.tif, /Users/reedkenny/OneDrive - Cal Poly/data/LiDAR/eaton/Registered_DEMS/eaton_prefire_CHM_burned_reg.tif
    resources: tmpdir=/var/folders/d9/q3jcgtz51hvckdj8hrvdb38h0000gn/T
Shell command: Rscript pipeline_scripts/Canopy_seg.R
Waiting for more resources.
Select jobs to execute...
[Wed Aug  6 11:47:24 2025]
Finished jobid: 4 (Rule: canopy_seg)
1 of 33 steps (3%) done
Execute 1 jobs...
[Wed Aug  6 11:47:24 2025]
localrule tree_crowns_final:
    input: /Users/reedkenny/Desktop/Urban_tree_fire/landscape_analysis/tmp_data/eaton_crowns_unburned_polys_v2.shp, /Users/reedkenny/Desktop/Urban_tree_fire/landscape_analysis/tmp_data/eaton_crowns_unburned_polys_v2.shp
    output: /Users/reedkenny/Desktop/Urban_tree_fire/landscape_analysis/tmp_data/eaton_unburned_tree_crowns_final.shp
    jobid: 14
    reason: Missing output files: /Users/reedkenny/Desktop/Urban_tree_fire/landscape_analysis/tmp_data/eaton_unburned_tree_crowns_final.shp; Input files updated by another job: /Users/reedkenny/Desktop/Urban_tree_fire/landscape_analysis/tmp_data/eaton_crowns_unburned_polys_v2.shp
    wildcards: fire=eaton, status=unburned
    resources: tmpdir=/var/folders/d9/q3jcgtz51hvckdj8hrvdb38h0000gn/T
Shell command: Rscript pipeline_scripts/Create_tree_crowns_final_datasets.R
Waiting for more resources.
Select jobs to execute...
[Wed Aug  6 14:08:13 2025]
Finished jobid: 14 (Rule: tree_crowns_final)
2 of 33 steps (6%) done
Execute 1 jobs...
[Wed Aug  6 14:08:13 2025]
localrule difference_ndvi:
    input: /Users/reedkenny/OneDrive - Cal Poly/Advanced_GIS_data/Maxar/Eaton/POST/Multi-spec/Eaton_ndvi_post_all.tif
    output: /Users/reedkenny/OneDrive - Cal Poly/Advanced_GIS_data/Maxar/eaton/eaton_burned_ndvi_diff.tif, /Users/reedkenny/OneDrive - Cal Poly/Advanced_GIS_data/Maxar/eaton/eaton_unburned_ndvi_diff.tif, /Users/reedkenny/OneDrive - Cal Poly/Advanced_GIS_data/Maxar/palisades/palisades_burned_ndvi_diff.tif, /Users/reedkenny/OneDrive - Cal Poly/Advanced_GIS_data/Maxar/palisades/palisades_unburned_ndvi_diff.tif
    jobid: 10
    reason: Missing output files: /Users/reedkenny/OneDrive - Cal Poly/Advanced_GIS_data/Maxar/eaton/eaton_unburned_ndvi_diff.tif, /Users/reedkenny/OneDrive - Cal Poly/Advanced_GIS_data/Maxar/eaton/eaton_burned_ndvi_diff.tif
    resources: tmpdir=/var/folders/d9/q3jcgtz51hvckdj8hrvdb38h0000gn/T
Shell command: Rscript pipeline_scripts/difference_NDVI.R
Waiting for more resources.
Select jobs to execute...
RuleException:
CalledProcessError in file "/Users/reedkenny/Desktop/Urban_tree_fire/landscape_analysis/Scripts/test", line 69:
Command 'set -euo pipefail;  Rscript pipeline_scripts/difference_NDVI.R' returned non-zero exit status 1.
[Wed Aug  6 14:08:57 2025]
Error in rule difference_ndvi:
    message: None
    jobid: 10
    input: /Users/reedkenny/OneDrive - Cal Poly/Advanced_GIS_data/Maxar/Eaton/POST/Multi-spec/Eaton_ndvi_post_all.tif
    output: /Users/reedkenny/OneDrive - Cal Poly/Advanced_GIS_data/Maxar/eaton/eaton_burned_ndvi_diff.tif, /Users/reedkenny/OneDrive - Cal Poly/Advanced_GIS_data/Maxar/eaton/eaton_unburned_ndvi_diff.tif, /Users/reedkenny/OneDrive - Cal Poly/Advanced_GIS_data/Maxar/palisades/palisades_burned_ndvi_diff.tif, /Users/reedkenny/OneDrive - Cal Poly/Advanced_GIS_data/Maxar/palisades/palisades_unburned_ndvi_diff.tif
    shell:
        Rscript pipeline_scripts/difference_NDVI.R
        (command exited with non-zero exit code)
Shutting down, this might take some time.
Exiting because a job execution failed. Look below for error messages
[Wed Aug  6 14:08:57 2025]
Error in rule difference_ndvi:
    message: None
    jobid: 10
    input: /Users/reedkenny/OneDrive - Cal Poly/Advanced_GIS_data/Maxar/Eaton/POST/Multi-spec/Eaton_ndvi_post_all.tif
    output: /Users/reedkenny/OneDrive - Cal Poly/Advanced_GIS_data/Maxar/eaton/eaton_burned_ndvi_diff.tif, /Users/reedkenny/OneDrive - Cal Poly/Advanced_GIS_data/Maxar/eaton/eaton_unburned_ndvi_diff.tif, /Users/reedkenny/OneDrive - Cal Poly/Advanced_GIS_data/Maxar/palisades/palisades_burned_ndvi_diff.tif, /Users/reedkenny/OneDrive - Cal Poly/Advanced_GIS_data/Maxar/palisades/palisades_unburned_ndvi_diff.tif
    shell:
        Rscript pipeline_scripts/difference_NDVI.R
        (command exited with non-zero exit code)
Complete log(s): /Users/reedkenny/Desktop/Urban_tree_fire/landscape_analysis/Scripts/.snakemake/log/2025-08-06T114239.284052.snakemake.log
WorkflowError:
At least one job did not complete successfully.
