Assuming unrestricted shared filesystem usage.
None
host: Mac.lan
Building DAG of jobs...
Using shell: /bin/bash
Provided cores: 1 (use --cores to define parallelism)
Rules claiming more threads will be scaled down.
Job stats:
job                      count
---------------------  -------
all                          1
co_reg_post_palisades        1
total                        2

Select jobs to execute...
Execute 1 jobs...
[Tue Jul 22 15:25:55 2025]
localrule co_reg_post_palisades:
    input: /Users/reedkenny/OneDrive - Cal Poly/data/LiDAR/Palisades/Registered_DEMS/24OCT20184323-P3DS-016569561010_01_P001_phase.tif, /Users/reedkenny/OneDrive - Cal Poly/data/LiDAR/Palisades/Palisades_postfire_CHM.tif
    output: /Users/reedkenny/OneDrive - Cal Poly/data/LiDAR/Palisades/Palisades_postfire_CHM_registered.tif
    jobid: 7
    reason: Missing output files: /Users/reedkenny/OneDrive - Cal Poly/data/LiDAR/Palisades/Palisades_postfire_CHM_registered.tif
    resources: tmpdir=/var/folders/d9/q3jcgtz51hvckdj8hrvdb38h0000gn/T
Shell command: 
        python batch_phase_coreg.py           --input_pan "/Users/reedkenny/OneDrive - Cal Poly/data/LiDAR/Palisades/Registered_DEMS/24OCT20184323-P3DS-016569561010_01_P001_phase.tif"           --input_dem "/Users/reedkenny/OneDrive - Cal Poly/data/LiDAR/Palisades/Palisades_postfire_CHM.tif"           --output "/Users/reedkenny/OneDrive - Cal Poly/data/LiDAR/Palisades/Palisades_postfire_CHM_registered.tif"
        
Waiting for more resources.
[Tue Jul 22 15:26:54 2025]
Finished jobid: 7 (Rule: co_reg_post_palisades)
1 of 2 steps (50%) done
Select jobs to execute...
Execute 1 jobs...
[Tue Jul 22 15:26:54 2025]
localrule all:
    input: /Users/reedkenny/OneDrive - Cal Poly/data/LiDAR/Eaton/Registered_DEMS/25JAN01182958-P3DS-016569561020_01_P001_phase.tif, /Users/reedkenny/OneDrive - Cal Poly/data/LiDAR/Eaton/Registered_DEMS/25JAN01182958-P3DS-016569561030_01_P001_phase.tif, /Users/reedkenny/OneDrive - Cal Poly/data/LiDAR/Eaton/Registered_DEMS/10400100A17E8600-pan_2_phase.tif, /Users/reedkenny/OneDrive - Cal Poly/data/LiDAR/Eaton/Registered_DEMS/10400100A17E8600-pan_3_phase.tif, /Users/reedkenny/OneDrive - Cal Poly/data/LiDAR/Palisades/Registered_DEMS/24OCT20184323-P3DS-016569561010_01_P001_phase.tif, /Users/reedkenny/OneDrive - Cal Poly/data/LiDAR/Eaton/Registered_DEMS/eaton_prefire_CHM_burned_reg.tif, /Users/reedkenny/OneDrive - Cal Poly/data/LiDAR/Palisades/Palisades_postfire_CHM_registered.tif
    jobid: 0
    reason: Input files updated by another job: /Users/reedkenny/OneDrive - Cal Poly/data/LiDAR/Palisades/Palisades_postfire_CHM_registered.tif
    resources: tmpdir=/var/folders/d9/q3jcgtz51hvckdj8hrvdb38h0000gn/T
Shell command: None
Waiting for more resources.
[Tue Jul 22 15:26:54 2025]
Finished jobid: 0 (Rule: all)
2 of 2 steps (100%) done
Complete log(s): /Users/reedkenny/Desktop/Urban_tree_fire/landscape_analysis/Scripts/.snakemake/log/2025-07-22T152555.531899.snakemake.log
