Assuming unrestricted shared filesystem usage.
None
host: Mac.lan
Building DAG of jobs...
Using shell: /bin/bash
Provided cores: 2
Rules claiming more threads will be scaled down.
Job stats:
job                  count
-----------------  -------
all                      1
difference_lidar         2
extract_diffs            4
extract_preheight        3
gen_model_inputs         6
total                   16

Select jobs to execute...
Execute 2 jobs...
[Fri Sep 12 10:54:21 2025]
localrule extract_preheight:
    input: /Users/reedkenny/Desktop/Urban_tree_fire/landscape_analysis/tmp_data/eaton_unburned_tree_crowns_final.shp, /Users/reedkenny/OneDrive - Cal Poly/data/LiDAR/eaton/Registered_DEMS/eaton_prefire_CHM_unburned_reg.tif
    output: /Users/reedkenny/Desktop/Urban_tree_fire/landscape_analysis/tmp_data/eaton_unburned_tree_crowns_final_preheight.shp
    jobid: 23
    reason: Missing output files: /Users/reedkenny/Desktop/Urban_tree_fire/landscape_analysis/tmp_data/eaton_unburned_tree_crowns_final_preheight.shp
    wildcards: fire=eaton, status=unburned
    resources: tmpdir=/var/folders/d9/q3jcgtz51hvckdj8hrvdb38h0000gn/T
Shell command: 
    ./pipeline_scripts/extract_pre_height.R -t "/Users/reedkenny/Desktop/Urban_tree_fire/landscape_analysis/tmp_data/eaton_unburned_tree_crowns_final.shp" -r "/Users/reedkenny/OneDrive - Cal Poly/data/LiDAR/eaton/Registered_DEMS/eaton_prefire_CHM_unburned_reg.tif" -o "/Users/reedkenny/Desktop/Urban_tree_fire/landscape_analysis/tmp_data/eaton_unburned_tree_crowns_final_preheight.shp"
    
[Fri Sep 12 10:54:21 2025]
localrule extract_diffs:
    input: /Users/reedkenny/Desktop/Urban_tree_fire/landscape_analysis/tmp_data/palisades_burned_tree_crowns_final.shp, /Users/reedkenny/Desktop/Urban_tree_fire/landscape_analysis/tmp_data/palisades_burned_ndvi_diff.tif
    output: /Users/reedkenny/Desktop/Urban_tree_fire/landscape_analysis/tmp_data/palisades_burned_tree_crowns_final_ndvi_diff.shp
    jobid: 33
    reason: Missing output files: /Users/reedkenny/Desktop/Urban_tree_fire/landscape_analysis/tmp_data/palisades_burned_tree_crowns_final_ndvi_diff.shp; Set of input files has changed since last execution; Code has changed since last execution
    wildcards: fire=palisades, status=burned, type=ndvi
    resources: tmpdir=/var/folders/d9/q3jcgtz51hvckdj8hrvdb38h0000gn/T
Shell command: 
    ./pipeline_scripts/extract_diffs.R -t "/Users/reedkenny/Desktop/Urban_tree_fire/landscape_analysis/tmp_data/palisades_burned_tree_crowns_final.shp" -r "/Users/reedkenny/Desktop/Urban_tree_fire/landscape_analysis/tmp_data/palisades_burned_ndvi_diff.tif" -o "/Users/reedkenny/Desktop/Urban_tree_fire/landscape_analysis/tmp_data/palisades_burned_tree_crowns_final_ndvi_diff.shp"
    
Waiting for more resources.
Select jobs to execute...
[Fri Sep 12 10:54:37 2025]
Finished jobid: 33 (Rule: extract_diffs)
1 of 16 steps (6%) done
Execute 1 jobs...
[Fri Sep 12 10:54:37 2025]
localrule difference_lidar:
    input: /Users/reedkenny/OneDrive - Cal Poly/data/LiDAR/palisades/Registered_DEMS/palisades_prefire_CHM_burned_reg.tif, /Users/reedkenny/OneDrive - Cal Poly/data/LiDAR/palisades/Registered_DEMS/palisades_postfire_CHM_burned_reg.tif
    output: /Users/reedkenny/Desktop/Urban_tree_fire/landscape_analysis/tmp_data/palisades_burned_chm_diff.tif
    jobid: 32
    reason: Missing output files: /Users/reedkenny/Desktop/Urban_tree_fire/landscape_analysis/tmp_data/palisades_burned_chm_diff.tif
    wildcards: fire=palisades, status=burned
    resources: tmpdir=/var/folders/d9/q3jcgtz51hvckdj8hrvdb38h0000gn/T
Shell command: 
    ./pipeline_scripts/difference_lidar.R --pre_path "/Users/reedkenny/OneDrive - Cal Poly/data/LiDAR/palisades/Registered_DEMS/palisades_prefire_CHM_burned_reg.tif" --post_path "/Users/reedkenny/OneDrive - Cal Poly/data/LiDAR/palisades/Registered_DEMS/palisades_postfire_CHM_burned_reg.tif" -o "/Users/reedkenny/Desktop/Urban_tree_fire/landscape_analysis/tmp_data/palisades_burned_chm_diff.tif"
    
Waiting for more resources.
Select jobs to execute...
[Fri Sep 12 10:55:41 2025]
Finished jobid: 32 (Rule: difference_lidar)
2 of 16 steps (12%) done
Execute 1 jobs...
[Fri Sep 12 10:55:42 2025]
localrule extract_diffs:
    input: /Users/reedkenny/Desktop/Urban_tree_fire/landscape_analysis/tmp_data/palisades_burned_tree_crowns_final.shp, /Users/reedkenny/Desktop/Urban_tree_fire/landscape_analysis/tmp_data/palisades_burned_chm_diff.tif
    output: /Users/reedkenny/Desktop/Urban_tree_fire/landscape_analysis/tmp_data/palisades_burned_tree_crowns_final_chm_diff.shp
    jobid: 31
    reason: Missing output files: /Users/reedkenny/Desktop/Urban_tree_fire/landscape_analysis/tmp_data/palisades_burned_tree_crowns_final_chm_diff.shp; Input files updated by another job: /Users/reedkenny/Desktop/Urban_tree_fire/landscape_analysis/tmp_data/palisades_burned_chm_diff.tif; Code has changed since last execution
    wildcards: fire=palisades, status=burned, type=chm
    resources: tmpdir=/var/folders/d9/q3jcgtz51hvckdj8hrvdb38h0000gn/T
Shell command: 
    ./pipeline_scripts/extract_diffs.R -t "/Users/reedkenny/Desktop/Urban_tree_fire/landscape_analysis/tmp_data/palisades_burned_tree_crowns_final.shp" -r "/Users/reedkenny/Desktop/Urban_tree_fire/landscape_analysis/tmp_data/palisades_burned_chm_diff.tif" -o "/Users/reedkenny/Desktop/Urban_tree_fire/landscape_analysis/tmp_data/palisades_burned_tree_crowns_final_chm_diff.shp"
    
Waiting for more resources.
Select jobs to execute...
[Fri Sep 12 10:56:23 2025]
Finished jobid: 23 (Rule: extract_preheight)
3 of 16 steps (19%) done
Execute 1 jobs...
[Fri Sep 12 10:56:23 2025]
localrule gen_model_inputs:
    input: /Users/reedkenny/Desktop/Urban_tree_fire/landscape_analysis/tmp_data/eaton_unburned_build_density.shp, /Users/reedkenny/Desktop/Urban_tree_fire/landscape_analysis/tmp_data/eaton_unburned_tree_density.shp, /Users/reedkenny/Desktop/Urban_tree_fire/landscape_analysis/tmp_data/eaton_unburned_build_vols.shp, /Users/reedkenny/Desktop/Urban_tree_fire/landscape_analysis/tmp_data/eaton_unburned_tree_prox.shp, /Users/reedkenny/Desktop/Urban_tree_fire/landscape_analysis/tmp_data/eaton_unburned_build_prox.shp, /Users/reedkenny/Desktop/Urban_tree_fire/landscape_analysis/tmp_data/eaton_unburned_tree_crowns_final_chm_diff.shp, /Users/reedkenny/Desktop/Urban_tree_fire/landscape_analysis/tmp_data/eaton_unburned_tree_crowns_final_ndvi_diff.shp, /Users/reedkenny/Desktop/Urban_tree_fire/landscape_analysis/tmp_data/eaton_unburned_tree_crowns_final_preheight.shp
    output: /Users/reedkenny/Desktop/Urban_tree_fire/landscape_analysis/model_inputs/eaton_unburned_trees_model_inputs.csv
    jobid: 14
    reason: Missing output files: /Users/reedkenny/Desktop/Urban_tree_fire/landscape_analysis/model_inputs/eaton_unburned_trees_model_inputs.csv; Input files updated by another job: /Users/reedkenny/Desktop/Urban_tree_fire/landscape_analysis/tmp_data/eaton_unburned_tree_crowns_final_preheight.shp; Set of input files has changed since last execution; Code has changed since last execution
    wildcards: fire=eaton, status=unburned, comp=trees
    resources: tmpdir=/var/folders/d9/q3jcgtz51hvckdj8hrvdb38h0000gn/T
Shell command: ./pipeline_scripts/generate_model_inputs.R --status unburned --comp trees --build_density /Users/reedkenny/Desktop/Urban_tree_fire/landscape_analysis/tmp_data/eaton_unburned_build_density.shp --tree_density /Users/reedkenny/Desktop/Urban_tree_fire/landscape_analysis/tmp_data/eaton_unburned_tree_density.shp --buildings_vols /Users/reedkenny/Desktop/Urban_tree_fire/landscape_analysis/tmp_data/eaton_unburned_build_vols.shp --tree_prox /Users/reedkenny/Desktop/Urban_tree_fire/landscape_analysis/tmp_data/eaton_unburned_tree_prox.shp --buildings_prox /Users/reedkenny/Desktop/Urban_tree_fire/landscape_analysis/tmp_data/eaton_unburned_build_prox.shp --chm_diff /Users/reedkenny/Desktop/Urban_tree_fire/landscape_analysis/tmp_data/eaton_unburned_tree_crowns_final_chm_diff.shp --ndvi_diff /Users/reedkenny/Desktop/Urban_tree_fire/landscape_analysis/tmp_data/eaton_unburned_tree_crowns_final_ndvi_diff.shp --pre_height /Users/reedkenny/Desktop/Urban_tree_fire/landscape_analysis/tmp_data/eaton_unburned_tree_crowns_final_preheight.shp --output /Users/reedkenny/Desktop/Urban_tree_fire/landscape_analysis/model_inputs/eaton_unburned_trees_model_inputs.csv
Waiting for more resources.
Select jobs to execute...
RuleException:
CalledProcessError in file "/Users/reedkenny/Desktop/Urban_tree_fire/landscape_analysis/Scripts/pipeline_Snakefile", line 153:
Command 'set -euo pipefail;  ./pipeline_scripts/generate_model_inputs.R --status unburned --comp trees --build_density /Users/reedkenny/Desktop/Urban_tree_fire/landscape_analysis/tmp_data/eaton_unburned_build_density.shp --tree_density /Users/reedkenny/Desktop/Urban_tree_fire/landscape_analysis/tmp_data/eaton_unburned_tree_density.shp --buildings_vols /Users/reedkenny/Desktop/Urban_tree_fire/landscape_analysis/tmp_data/eaton_unburned_build_vols.shp --tree_prox /Users/reedkenny/Desktop/Urban_tree_fire/landscape_analysis/tmp_data/eaton_unburned_tree_prox.shp --buildings_prox /Users/reedkenny/Desktop/Urban_tree_fire/landscape_analysis/tmp_data/eaton_unburned_build_prox.shp --chm_diff /Users/reedkenny/Desktop/Urban_tree_fire/landscape_analysis/tmp_data/eaton_unburned_tree_crowns_final_chm_diff.shp --ndvi_diff /Users/reedkenny/Desktop/Urban_tree_fire/landscape_analysis/tmp_data/eaton_unburned_tree_crowns_final_ndvi_diff.shp --pre_height /Users/reedkenny/Desktop/Urban_tree_fire/landscape_analysis/tmp_data/eaton_unburned_tree_crowns_final_preheight.shp --output /Users/reedkenny/Desktop/Urban_tree_fire/landscape_analysis/model_inputs/eaton_unburned_trees_model_inputs.csv' returned non-zero exit status 1.
[Fri Sep 12 10:56:26 2025]
Error in rule gen_model_inputs:
    message: None
    jobid: 14
    input: /Users/reedkenny/Desktop/Urban_tree_fire/landscape_analysis/tmp_data/eaton_unburned_build_density.shp, /Users/reedkenny/Desktop/Urban_tree_fire/landscape_analysis/tmp_data/eaton_unburned_tree_density.shp, /Users/reedkenny/Desktop/Urban_tree_fire/landscape_analysis/tmp_data/eaton_unburned_build_vols.shp, /Users/reedkenny/Desktop/Urban_tree_fire/landscape_analysis/tmp_data/eaton_unburned_tree_prox.shp, /Users/reedkenny/Desktop/Urban_tree_fire/landscape_analysis/tmp_data/eaton_unburned_build_prox.shp, /Users/reedkenny/Desktop/Urban_tree_fire/landscape_analysis/tmp_data/eaton_unburned_tree_crowns_final_chm_diff.shp, /Users/reedkenny/Desktop/Urban_tree_fire/landscape_analysis/tmp_data/eaton_unburned_tree_crowns_final_ndvi_diff.shp, /Users/reedkenny/Desktop/Urban_tree_fire/landscape_analysis/tmp_data/eaton_unburned_tree_crowns_final_preheight.shp
    output: /Users/reedkenny/Desktop/Urban_tree_fire/landscape_analysis/model_inputs/eaton_unburned_trees_model_inputs.csv
    shell:
        ./pipeline_scripts/generate_model_inputs.R --status unburned --comp trees --build_density /Users/reedkenny/Desktop/Urban_tree_fire/landscape_analysis/tmp_data/eaton_unburned_build_density.shp --tree_density /Users/reedkenny/Desktop/Urban_tree_fire/landscape_analysis/tmp_data/eaton_unburned_tree_density.shp --buildings_vols /Users/reedkenny/Desktop/Urban_tree_fire/landscape_analysis/tmp_data/eaton_unburned_build_vols.shp --tree_prox /Users/reedkenny/Desktop/Urban_tree_fire/landscape_analysis/tmp_data/eaton_unburned_tree_prox.shp --buildings_prox /Users/reedkenny/Desktop/Urban_tree_fire/landscape_analysis/tmp_data/eaton_unburned_build_prox.shp --chm_diff /Users/reedkenny/Desktop/Urban_tree_fire/landscape_analysis/tmp_data/eaton_unburned_tree_crowns_final_chm_diff.shp --ndvi_diff /Users/reedkenny/Desktop/Urban_tree_fire/landscape_analysis/tmp_data/eaton_unburned_tree_crowns_final_ndvi_diff.shp --pre_height /Users/reedkenny/Desktop/Urban_tree_fire/landscape_analysis/tmp_data/eaton_unburned_tree_crowns_final_preheight.shp --output /Users/reedkenny/Desktop/Urban_tree_fire/landscape_analysis/model_inputs/eaton_unburned_trees_model_inputs.csv
        (command exited with non-zero exit code)
[Fri Sep 12 10:58:27 2025]
Finished jobid: 31 (Rule: extract_diffs)
4 of 16 steps (25%) done
Shutting down, this might take some time.
Exiting because a job execution failed. Look below for error messages
[Fri Sep 12 10:58:27 2025]
Error in rule gen_model_inputs:
    message: None
    jobid: 14
    input: /Users/reedkenny/Desktop/Urban_tree_fire/landscape_analysis/tmp_data/eaton_unburned_build_density.shp, /Users/reedkenny/Desktop/Urban_tree_fire/landscape_analysis/tmp_data/eaton_unburned_tree_density.shp, /Users/reedkenny/Desktop/Urban_tree_fire/landscape_analysis/tmp_data/eaton_unburned_build_vols.shp, /Users/reedkenny/Desktop/Urban_tree_fire/landscape_analysis/tmp_data/eaton_unburned_tree_prox.shp, /Users/reedkenny/Desktop/Urban_tree_fire/landscape_analysis/tmp_data/eaton_unburned_build_prox.shp, /Users/reedkenny/Desktop/Urban_tree_fire/landscape_analysis/tmp_data/eaton_unburned_tree_crowns_final_chm_diff.shp, /Users/reedkenny/Desktop/Urban_tree_fire/landscape_analysis/tmp_data/eaton_unburned_tree_crowns_final_ndvi_diff.shp, /Users/reedkenny/Desktop/Urban_tree_fire/landscape_analysis/tmp_data/eaton_unburned_tree_crowns_final_preheight.shp
    output: /Users/reedkenny/Desktop/Urban_tree_fire/landscape_analysis/model_inputs/eaton_unburned_trees_model_inputs.csv
    shell:
        ./pipeline_scripts/generate_model_inputs.R --status unburned --comp trees --build_density /Users/reedkenny/Desktop/Urban_tree_fire/landscape_analysis/tmp_data/eaton_unburned_build_density.shp --tree_density /Users/reedkenny/Desktop/Urban_tree_fire/landscape_analysis/tmp_data/eaton_unburned_tree_density.shp --buildings_vols /Users/reedkenny/Desktop/Urban_tree_fire/landscape_analysis/tmp_data/eaton_unburned_build_vols.shp --tree_prox /Users/reedkenny/Desktop/Urban_tree_fire/landscape_analysis/tmp_data/eaton_unburned_tree_prox.shp --buildings_prox /Users/reedkenny/Desktop/Urban_tree_fire/landscape_analysis/tmp_data/eaton_unburned_build_prox.shp --chm_diff /Users/reedkenny/Desktop/Urban_tree_fire/landscape_analysis/tmp_data/eaton_unburned_tree_crowns_final_chm_diff.shp --ndvi_diff /Users/reedkenny/Desktop/Urban_tree_fire/landscape_analysis/tmp_data/eaton_unburned_tree_crowns_final_ndvi_diff.shp --pre_height /Users/reedkenny/Desktop/Urban_tree_fire/landscape_analysis/tmp_data/eaton_unburned_tree_crowns_final_preheight.shp --output /Users/reedkenny/Desktop/Urban_tree_fire/landscape_analysis/model_inputs/eaton_unburned_trees_model_inputs.csv
        (command exited with non-zero exit code)
Complete log(s): /Users/reedkenny/Desktop/Urban_tree_fire/landscape_analysis/Scripts/.snakemake/log/2025-09-12T105421.508630.snakemake.log
WorkflowError:
At least one job did not complete successfully.
